;  LST file generated by mikroListExporter - v.2.0 
; Date/Time: 3/4/2017 12:39:22 AM
;----------------------------------------------

;Address Opcode 	ASM
0x0000	0x284A      	GOTO       74
_____DoICP:
0x0003	0x1283      	BCF        STATUS, 5
0x0004	0x0823      	MOVF       ___DoICPAddr+1, 0
0x0005	0x008A      	MOVWF      PCLATH
0x0006	0x0822      	MOVF       ___DoICPAddr, 0
0x0007	0x0082      	MOVWF      PCL
L_end_____DoICP:
0x0008	0x0008      	RETURN
; end of _____DoICP
_Delay_22us:
0x0009	0x3007      	MOVLW      7
0x000A	0x1283      	BCF        STATUS, 5
0x000B	0x00DD      	MOVWF      R13
L_Delay_22us1:
0x000C	0x0BDD      	DECFSZ     R13, 1
0x000D	0x280C      	GOTO       L_Delay_22us1
L_end_Delay_22us:
0x000E	0x0008      	RETURN
; end of _Delay_22us
_ADC_Get_Sample:
0x000F	0x30C3      	MOVLW      195
0x0010	0x1283      	BCF        STATUS, 5
0x0011	0x059F      	ANDWF      ADCON0, 1
0x0012	0x0820      	MOVF       FARG_ADC_Get_Sample_channel, 0
0x0013	0x00D0      	MOVWF      R0
0x0014	0x0DD0      	RLF        R0, 1
0x0015	0x1050      	BCF        R0, 0
0x0016	0x0DD0      	RLF        R0, 1
0x0017	0x1050      	BCF        R0, 0
0x0018	0x0850      	MOVF       R0, 0
0x0019	0x049F      	IORWF      ADCON0, 1
0x001A	0x2009      	CALL       _Delay_22us
0x001B	0x149F      	BSF        ADCON0, 1
L_ADC_Get_Sample0:
0x001C	0x1C9F      	BTFSS      ADCON0, 1
0x001D	0x2820      	GOTO       L_ADC_Get_Sample1
0x001E	0x0000      	NOP
0x001F	0x281C      	GOTO       L_ADC_Get_Sample0
L_ADC_Get_Sample1:
0x0020	0x081E      	MOVF       ADRESH, 0
0x0021	0x00D1      	MOVWF      R0+1
0x0022	0x01D0      	CLRF       R0
0x0023	0x1683      	BSF        STATUS, 5
0x0024	0x081E      	MOVF       ADRESL, 0
0x0025	0x04D0      	IORWF      R0, 1
0x0026	0x3000      	MOVLW      0
0x0027	0x04D1      	IORWF      R0+1, 1
L_end_ADC_Get_Sample:
0x0028	0x0008      	RETURN
; end of _ADC_Get_Sample
_ADC_Init:
0x0029	0x300F      	MOVLW      _ADC_Get_Sample
0x002A	0x1283      	BCF        STATUS, 5
0x002B	0x00A4      	MOVWF      _ADC_Get_Sample_Ptr
0x002C	0x3000      	MOVLW      hi_addr(_ADC_Get_Sample)
0x002D	0x00A5      	MOVWF      _ADC_Get_Sample_Ptr+1
0x002E	0x3020      	MOVLW      FARG_ADC_Get_Sample_channel
0x002F	0x00A6      	MOVWF      _ADC_Get_Sample_Ptr+2
0x0030	0x3000      	MOVLW      hi_addr(FARG_ADC_Get_Sample_channel)
0x0031	0x30C3      	MOVLW      195
0x0032	0x059F      	ANDWF      ADCON0, 1
0x0033	0x0921      	COMF       _vref_mask, 0
0x0034	0x00D0      	MOVWF      R0
0x0035	0x0850      	MOVF       R0, 0
0x0036	0x059F      	ANDWF      ADCON0, 1
0x0037	0x30F0      	MOVLW      240
0x0038	0x1683      	BSF        STATUS, 5
0x0039	0x049F      	IORWF      ADCON1, 1
0x003A	0x1283      	BCF        STATUS, 5
0x003B	0x179F      	BSF        ADCON0, 7
0x003C	0x141F      	BSF        ADCON0, 0
L_end_ADC_Init:
0x003D	0x0008      	RETURN
; end of _ADC_Init
___CC2DW:
_CC2D_Loop1:
0x003E	0x2003      	CALL       _____DoICP
0x003F	0x118A      	BCF        PCLATH, 3
0x0040	0x120A      	BCF        PCLATH, 4
0x0041	0x0080      	MOVWF      INDF
0x0042	0x0A84      	INCF       FSR, 1
0x0043	0x0AA2      	INCF       ___DoICPAddr, 1
0x0044	0x1903      	BTFSC      STATUS, 2
0x0045	0x0AA3      	INCF       ___DoICPAddr+1, 1
0x0046	0x03D0      	DECF       R0, 1
0x0047	0x1D03      	BTFSS      STATUS, 2
0x0048	0x283E      	GOTO       _CC2D_Loop1
L_end___CC2DW:
0x0049	0x0008      	RETURN
; end of ___CC2DW
_main:
0x004A	0x22AC      	CALL       684
0x004B	0x1283      	BCF        STATUS, 5
0x004C	0x01AF      	CLRF       main_a_L0
0x004D	0x01B0      	CLRF       main_a_L0+1
0x004E	0x01B1      	CLRF       main_b_L0
0x004F	0x01B2      	CLRF       main_b_L0+1
0x0050	0x01B3      	CLRF       main_refp1_L0
0x0051	0x01B4      	CLRF       main_refp1_L0+1
0x0052	0x01B5      	CLRF       main_refp2_L0
0x0053	0x01B6      	CLRF       main_refp2_L0+1
0x0054	0x01B7      	CLRF       main_d_L0
0x0055	0x01B8      	CLRF       main_d_L0+1
0x0056	0x01B9      	CLRF       main_g_L0
0x0057	0x01BA      	CLRF       main_g_L0+1
0x0058	0x01BB      	CLRF       main_h_L0
0x0059	0x01BC      	CLRF       main_h_L0+1
0x005A	0x1683      	BSF        STATUS, 5
0x005B	0x0185      	CLRF       TRISA
0x005C	0x1207      	BCF        TRISC4_bit, BitPos(TRISC4_bit+0)
0x005D	0x1187      	BCF        TRISC3_bit, BitPos(TRISC3_bit+0)
0x005E	0x3000      	MOVLW      0
0x005F	0x0091      	MOVWF      ANSEL
0x0060	0x1283      	BCF        STATUS, 5
0x0061	0x0185      	CLRF       PORTA
0x0062	0x1207      	BCF        PORTC, 4
0x0063	0x1187      	BCF        PORTC, 3
0x0064	0x2029      	CALL       _ADC_Init
0x0065	0x3005      	MOVLW      5
0x0066	0x00A0      	MOVWF      FARG_ADC_Get_Sample_channel
0x0067	0x200F      	CALL       _ADC_Get_Sample
0x0068	0x0850      	MOVF       R0, 0
0x0069	0x00A7      	MOVWF      main_phase1_L0
0x006A	0x0851      	MOVF       R0+1, 0
0x006B	0x00A8      	MOVWF      main_phase1_L0+1
0x006C	0x3006      	MOVLW      6
0x006D	0x00A0      	MOVWF      FARG_ADC_Get_Sample_channel
0x006E	0x200F      	CALL       _ADC_Get_Sample
0x006F	0x0850      	MOVF       R0, 0
0x0070	0x00A9      	MOVWF      main_phase2_L0
0x0071	0x0851      	MOVF       R0+1, 0
0x0072	0x00AA      	MOVWF      main_phase2_L0+1
L_main0:
L_main2:
0x0073	0x3000      	MOVLW      0
0x0074	0x0628      	XORWF      main_phase1_L0+1, 0
0x0075	0x1D03      	BTFSS      STATUS, 2
0x0076	0x2879      	GOTO       L__main64
0x0077	0x3000      	MOVLW      0
0x0078	0x0627      	XORWF      main_phase1_L0, 0
L__main64:
0x0079	0x1D03      	BTFSS      STATUS, 2
0x007A	0x28B8      	GOTO       L_main3
0x007B	0x3000      	MOVLW      0
0x007C	0x062A      	XORWF      main_phase2_L0+1, 0
0x007D	0x1D03      	BTFSS      STATUS, 2
0x007E	0x2881      	GOTO       L__main65
0x007F	0x3000      	MOVLW      0
0x0080	0x0629      	XORWF      main_phase2_L0, 0
L__main65:
0x0081	0x1D03      	BTFSS      STATUS, 2
0x0082	0x28B8      	GOTO       L_main3
L__main62:
0x0083	0x3005      	MOVLW      5
0x0084	0x00A0      	MOVWF      FARG_ADC_Get_Sample_channel
0x0085	0x200F      	CALL       _ADC_Get_Sample
0x0086	0x0850      	MOVF       R0, 0
0x0087	0x00A7      	MOVWF      main_phase1_L0
0x0088	0x0851      	MOVF       R0+1, 0
0x0089	0x00A8      	MOVWF      main_phase1_L0+1
0x008A	0x3006      	MOVLW      6
0x008B	0x00A0      	MOVWF      FARG_ADC_Get_Sample_channel
0x008C	0x200F      	CALL       _ADC_Get_Sample
0x008D	0x0850      	MOVF       R0, 0
0x008E	0x00A9      	MOVWF      main_phase2_L0
0x008F	0x0851      	MOVF       R0+1, 0
0x0090	0x00AA      	MOVWF      main_phase2_L0+1
0x0091	0x3000      	MOVLW      0
0x0092	0x0628      	XORWF      main_phase1_L0+1, 0
0x0093	0x1D03      	BTFSS      STATUS, 2
0x0094	0x2897      	GOTO       L__main66
0x0095	0x3000      	MOVLW      0
0x0096	0x0627      	XORWF      main_phase1_L0, 0
L__main66:
0x0097	0x1903      	BTFSC      STATUS, 2
0x0098	0x28A4      	GOTO       L_main8
0x0099	0x3000      	MOVLW      0
0x009A	0x062A      	XORWF      main_phase2_L0+1, 0
0x009B	0x1D03      	BTFSS      STATUS, 2
0x009C	0x289F      	GOTO       L__main67
0x009D	0x3000      	MOVLW      0
0x009E	0x0629      	XORWF      main_phase2_L0, 0
L__main67:
0x009F	0x1D03      	BTFSS      STATUS, 2
0x00A0	0x28A4      	GOTO       L_main8
L__main61:
0x00A1	0x0AAF      	INCF       main_a_L0, 1
0x00A2	0x1903      	BTFSC      STATUS, 2
0x00A3	0x0AB0      	INCF       main_a_L0+1, 1
L_main8:
0x00A4	0x3000      	MOVLW      0
0x00A5	0x0628      	XORWF      main_phase1_L0+1, 0
0x00A6	0x1D03      	BTFSS      STATUS, 2
0x00A7	0x28AA      	GOTO       L__main68
0x00A8	0x3000      	MOVLW      0
0x00A9	0x0627      	XORWF      main_phase1_L0, 0
L__main68:
0x00AA	0x1D03      	BTFSS      STATUS, 2
0x00AB	0x28B7      	GOTO       L_main11
0x00AC	0x3000      	MOVLW      0
0x00AD	0x062A      	XORWF      main_phase2_L0+1, 0
0x00AE	0x1D03      	BTFSS      STATUS, 2
0x00AF	0x28B2      	GOTO       L__main69
0x00B0	0x3000      	MOVLW      0
0x00B1	0x0629      	XORWF      main_phase2_L0, 0
L__main69:
0x00B2	0x1903      	BTFSC      STATUS, 2
0x00B3	0x28B7      	GOTO       L_main11
L__main60:
0x00B4	0x0AB1      	INCF       main_b_L0, 1
0x00B5	0x1903      	BTFSC      STATUS, 2
0x00B6	0x0AB2      	INCF       main_b_L0+1, 1
L_main11:
0x00B7	0x2873      	GOTO       L_main2
L_main3:
0x00B8	0x3080      	MOVLW      128
0x00B9	0x0632      	XORWF      main_b_L0+1, 0
0x00BA	0x00D0      	MOVWF      R0
0x00BB	0x3080      	MOVLW      128
0x00BC	0x0630      	XORWF      main_a_L0+1, 0
0x00BD	0x0250      	SUBWF      R0, 0
0x00BE	0x1D03      	BTFSS      STATUS, 2
0x00BF	0x28C2      	GOTO       L__main70
0x00C0	0x082F      	MOVF       main_a_L0, 0
0x00C1	0x0231      	SUBWF      main_b_L0, 0
L__main70:
0x00C2	0x1803      	BTFSC      STATUS, 0
0x00C3	0x2A69      	GOTO       L_main12
0x00C4	0x01AB      	CLRF       main_c_L0
0x00C5	0x01AC      	CLRF       main_c_L0+1
L_main13:
0x00C6	0x3080      	MOVLW      128
0x00C7	0x3A01      	XORLW      1
0x00C8	0x00D0      	MOVWF      R0
0x00C9	0x3080      	MOVLW      128
0x00CA	0x062C      	XORWF      main_c_L0+1, 0
0x00CB	0x0250      	SUBWF      R0, 0
0x00CC	0x1D03      	BTFSS      STATUS, 2
0x00CD	0x28D0      	GOTO       L__main71
0x00CE	0x082B      	MOVF       main_c_L0, 0
0x00CF	0x3CF4      	SUBLW      244
L__main71:
0x00D0	0x1C03      	BTFSS      STATUS, 0
0x00D1	0x2904      	GOTO       L_main14
0x00D2	0x3005      	MOVLW      5
0x00D3	0x00A0      	MOVWF      FARG_ADC_Get_Sample_channel
0x00D4	0x200F      	CALL       _ADC_Get_Sample
0x00D5	0x0850      	MOVF       R0, 0
0x00D6	0x00A7      	MOVWF      main_phase1_L0
0x00D7	0x0851      	MOVF       R0+1, 0
0x00D8	0x00A8      	MOVWF      main_phase1_L0+1
0x00D9	0x3006      	MOVLW      6
0x00DA	0x00A0      	MOVWF      FARG_ADC_Get_Sample_channel
0x00DB	0x200F      	CALL       _ADC_Get_Sample
0x00DC	0x0850      	MOVF       R0, 0
0x00DD	0x00A9      	MOVWF      main_phase2_L0
0x00DE	0x0851      	MOVF       R0+1, 0
0x00DF	0x00AA      	MOVWF      main_phase2_L0+1
0x00E0	0x3080      	MOVLW      128
0x00E1	0x0628      	XORWF      main_phase1_L0+1, 0
0x00E2	0x00D0      	MOVWF      R0
0x00E3	0x3080      	MOVLW      128
0x00E4	0x0634      	XORWF      main_refp1_L0+1, 0
0x00E5	0x0250      	SUBWF      R0, 0
0x00E6	0x1D03      	BTFSS      STATUS, 2
0x00E7	0x28EA      	GOTO       L__main72
0x00E8	0x0833      	MOVF       main_refp1_L0, 0
0x00E9	0x0227      	SUBWF      main_phase1_L0, 0
L__main72:
0x00EA	0x1C03      	BTFSS      STATUS, 0
0x00EB	0x28F0      	GOTO       L_main16
0x00EC	0x0827      	MOVF       main_phase1_L0, 0
0x00ED	0x00B3      	MOVWF      main_refp1_L0
0x00EE	0x0828      	MOVF       main_phase1_L0+1, 0
0x00EF	0x00B4      	MOVWF      main_refp1_L0+1
L_main16:
0x00F0	0x3080      	MOVLW      128
0x00F1	0x062A      	XORWF      main_phase2_L0+1, 0
0x00F2	0x00D0      	MOVWF      R0
0x00F3	0x3080      	MOVLW      128
0x00F4	0x0636      	XORWF      main_refp2_L0+1, 0
0x00F5	0x0250      	SUBWF      R0, 0
0x00F6	0x1D03      	BTFSS      STATUS, 2
0x00F7	0x28FA      	GOTO       L__main73
0x00F8	0x0835      	MOVF       main_refp2_L0, 0
0x00F9	0x0229      	SUBWF      main_phase2_L0, 0
L__main73:
0x00FA	0x1C03      	BTFSS      STATUS, 0
0x00FB	0x2900      	GOTO       L_main17
0x00FC	0x0829      	MOVF       main_phase2_L0, 0
0x00FD	0x00B5      	MOVWF      main_refp2_L0
0x00FE	0x082A      	MOVF       main_phase2_L0+1, 0
0x00FF	0x00B6      	MOVWF      main_refp2_L0+1
L_main17:
0x0100	0x0AAB      	INCF       main_c_L0, 1
0x0101	0x1903      	BTFSC      STATUS, 2
0x0102	0x0AAC      	INCF       main_c_L0+1, 1
0x0103	0x28C6      	GOTO       L_main13
L_main14:
L_main18:
0x0104	0x3080      	MOVLW      128
0x0105	0x00D0      	MOVWF      R0
0x0106	0x3080      	MOVLW      128
0x0107	0x0634      	XORWF      main_refp1_L0+1, 0
0x0108	0x0250      	SUBWF      R0, 0
0x0109	0x1D03      	BTFSS      STATUS, 2
0x010A	0x290D      	GOTO       L__main74
0x010B	0x0833      	MOVF       main_refp1_L0, 0
0x010C	0x3C28      	SUBLW      40
L__main74:
0x010D	0x1803      	BTFSC      STATUS, 0
0x010E	0x2A37      	GOTO       L_main19
0x010F	0x3080      	MOVLW      128
0x0110	0x00D0      	MOVWF      R0
0x0111	0x3080      	MOVLW      128
0x0112	0x0636      	XORWF      main_refp2_L0+1, 0
0x0113	0x0250      	SUBWF      R0, 0
0x0114	0x1D03      	BTFSS      STATUS, 2
0x0115	0x2918      	GOTO       L__main75
0x0116	0x0835      	MOVF       main_refp2_L0, 0
0x0117	0x3C28      	SUBLW      40
L__main75:
0x0118	0x1803      	BTFSC      STATUS, 0
0x0119	0x2A37      	GOTO       L_main19
L__main59:
0x011A	0x3000      	MOVLW      0
0x011B	0x063A      	XORWF      main_g_L0+1, 0
0x011C	0x1D03      	BTFSS      STATUS, 2
0x011D	0x2920      	GOTO       L__main76
0x011E	0x3000      	MOVLW      0
0x011F	0x0639      	XORWF      main_g_L0, 0
L__main76:
0x0120	0x1D03      	BTFSS      STATUS, 2
0x0121	0x295F      	GOTO       L_main22
0x0122	0x01AD      	CLRF       main_j_L0
0x0123	0x01AE      	CLRF       main_j_L0+1
L_main23:
0x0124	0x3080      	MOVLW      128
0x0125	0x00D0      	MOVWF      R0
0x0126	0x3080      	MOVLW      128
0x0127	0x062E      	XORWF      main_j_L0+1, 0
0x0128	0x0250      	SUBWF      R0, 0
0x0129	0x1D03      	BTFSS      STATUS, 2
0x012A	0x292D      	GOTO       L__main77
0x012B	0x082D      	MOVF       main_j_L0, 0
0x012C	0x3C04      	SUBLW      4
L__main77:
0x012D	0x1C03      	BTFSS      STATUS, 0
0x012E	0x294E      	GOTO       L_main24
0x012F	0x1283      	BCF        STATUS, 5
0x0130	0x1405      	BSF        PORTA, 0
0x0131	0x3003      	MOVLW      3
0x0132	0x00DB      	MOVWF      R11
0x0133	0x3008      	MOVLW      8
0x0134	0x00DC      	MOVWF      R12
0x0135	0x3077      	MOVLW      119
0x0136	0x00DD      	MOVWF      R13
L_main26:
0x0137	0x0BDD      	DECFSZ     R13, 1
0x0138	0x2937      	GOTO       L_main26
0x0139	0x0BDC      	DECFSZ     R12, 1
0x013A	0x2937      	GOTO       L_main26
0x013B	0x0BDB      	DECFSZ     R11, 1
0x013C	0x2937      	GOTO       L_main26
0x013D	0x1005      	BCF        PORTA, 0
0x013E	0x3003      	MOVLW      3
0x013F	0x00DB      	MOVWF      R11
0x0140	0x3008      	MOVLW      8
0x0141	0x00DC      	MOVWF      R12
0x0142	0x3077      	MOVLW      119
0x0143	0x00DD      	MOVWF      R13
L_main27:
0x0144	0x0BDD      	DECFSZ     R13, 1
0x0145	0x2944      	GOTO       L_main27
0x0146	0x0BDC      	DECFSZ     R12, 1
0x0147	0x2944      	GOTO       L_main27
0x0148	0x0BDB      	DECFSZ     R11, 1
0x0149	0x2944      	GOTO       L_main27
0x014A	0x0AAD      	INCF       main_j_L0, 1
0x014B	0x1903      	BTFSC      STATUS, 2
0x014C	0x0AAE      	INCF       main_j_L0+1, 1
0x014D	0x2924      	GOTO       L_main23
L_main24:
0x014E	0x0AB9      	INCF       main_g_L0, 1
0x014F	0x1903      	BTFSC      STATUS, 2
0x0150	0x0ABA      	INCF       main_g_L0+1, 1
0x0151	0x3003      	MOVLW      3
0x0152	0x00DB      	MOVWF      R11
0x0153	0x308A      	MOVLW      138
0x0154	0x00DC      	MOVWF      R12
0x0155	0x3055      	MOVLW      85
0x0156	0x00DD      	MOVWF      R13
L_main28:
0x0157	0x0BDD      	DECFSZ     R13, 1
0x0158	0x2957      	GOTO       L_main28
0x0159	0x0BDC      	DECFSZ     R12, 1
0x015A	0x2957      	GOTO       L_main28
0x015B	0x0BDB      	DECFSZ     R11, 1
0x015C	0x2957      	GOTO       L_main28
0x015D	0x0000      	NOP
0x015E	0x0000      	NOP
L_main22:
0x015F	0x01AF      	CLRF       main_a_L0
0x0160	0x01B0      	CLRF       main_a_L0+1
0x0161	0x01B1      	CLRF       main_b_L0
0x0162	0x01B2      	CLRF       main_b_L0+1
0x0163	0x01B3      	CLRF       main_refp1_L0
0x0164	0x01B4      	CLRF       main_refp1_L0+1
0x0165	0x01B5      	CLRF       main_refp2_L0
0x0166	0x01B6      	CLRF       main_refp2_L0+1
0x0167	0x01AB      	CLRF       main_c_L0
0x0168	0x01AC      	CLRF       main_c_L0+1
L_main29:
0x0169	0x3080      	MOVLW      128
0x016A	0x3A01      	XORLW      1
0x016B	0x00D0      	MOVWF      R0
0x016C	0x3080      	MOVLW      128
0x016D	0x062C      	XORWF      main_c_L0+1, 0
0x016E	0x0250      	SUBWF      R0, 0
0x016F	0x1D03      	BTFSS      STATUS, 2
0x0170	0x2973      	GOTO       L__main78
0x0171	0x082B      	MOVF       main_c_L0, 0
0x0172	0x3CF4      	SUBLW      244
L__main78:
0x0173	0x1C03      	BTFSS      STATUS, 0
0x0174	0x29A7      	GOTO       L_main30
0x0175	0x3005      	MOVLW      5
0x0176	0x00A0      	MOVWF      FARG_ADC_Get_Sample_channel
0x0177	0x200F      	CALL       _ADC_Get_Sample
0x0178	0x0850      	MOVF       R0, 0
0x0179	0x00A7      	MOVWF      main_phase1_L0
0x017A	0x0851      	MOVF       R0+1, 0
0x017B	0x00A8      	MOVWF      main_phase1_L0+1
0x017C	0x3006      	MOVLW      6
0x017D	0x00A0      	MOVWF      FARG_ADC_Get_Sample_channel
0x017E	0x200F      	CALL       _ADC_Get_Sample
0x017F	0x0850      	MOVF       R0, 0
0x0180	0x00A9      	MOVWF      main_phase2_L0
0x0181	0x0851      	MOVF       R0+1, 0
0x0182	0x00AA      	MOVWF      main_phase2_L0+1
0x0183	0x3080      	MOVLW      128
0x0184	0x0628      	XORWF      main_phase1_L0+1, 0
0x0185	0x00D0      	MOVWF      R0
0x0186	0x3080      	MOVLW      128
0x0187	0x0634      	XORWF      main_refp1_L0+1, 0
0x0188	0x0250      	SUBWF      R0, 0
0x0189	0x1D03      	BTFSS      STATUS, 2
0x018A	0x298D      	GOTO       L__main79
0x018B	0x0833      	MOVF       main_refp1_L0, 0
0x018C	0x0227      	SUBWF      main_phase1_L0, 0
L__main79:
0x018D	0x1C03      	BTFSS      STATUS, 0
0x018E	0x2993      	GOTO       L_main32
0x018F	0x0827      	MOVF       main_phase1_L0, 0
0x0190	0x00B3      	MOVWF      main_refp1_L0
0x0191	0x0828      	MOVF       main_phase1_L0+1, 0
0x0192	0x00B4      	MOVWF      main_refp1_L0+1
L_main32:
0x0193	0x3080      	MOVLW      128
0x0194	0x062A      	XORWF      main_phase2_L0+1, 0
0x0195	0x00D0      	MOVWF      R0
0x0196	0x3080      	MOVLW      128
0x0197	0x0636      	XORWF      main_refp2_L0+1, 0
0x0198	0x0250      	SUBWF      R0, 0
0x0199	0x1D03      	BTFSS      STATUS, 2
0x019A	0x299D      	GOTO       L__main80
0x019B	0x0835      	MOVF       main_refp2_L0, 0
0x019C	0x0229      	SUBWF      main_phase2_L0, 0
L__main80:
0x019D	0x1C03      	BTFSS      STATUS, 0
0x019E	0x29A3      	GOTO       L_main33
0x019F	0x0829      	MOVF       main_phase2_L0, 0
0x01A0	0x00B5      	MOVWF      main_refp2_L0
0x01A1	0x082A      	MOVF       main_phase2_L0+1, 0
0x01A2	0x00B6      	MOVWF      main_refp2_L0+1
L_main33:
0x01A3	0x0AAB      	INCF       main_c_L0, 1
0x01A4	0x1903      	BTFSC      STATUS, 2
0x01A5	0x0AAC      	INCF       main_c_L0+1, 1
0x01A6	0x2969      	GOTO       L_main29
L_main30:
0x01A7	0x3080      	MOVLW      128
0x01A8	0x0634      	XORWF      main_refp1_L0+1, 0
0x01A9	0x00D0      	MOVWF      R0
0x01AA	0x3080      	MOVLW      128
0x01AB	0x0250      	SUBWF      R0, 0
0x01AC	0x1D03      	BTFSS      STATUS, 2
0x01AD	0x29B0      	GOTO       L__main81
0x01AE	0x3028      	MOVLW      40
0x01AF	0x0233      	SUBWF      main_refp1_L0, 0
L__main81:
0x01B0	0x1803      	BTFSC      STATUS, 0
0x01B1	0x29B3      	GOTO       L_main34
0x01B2	0x2A37      	GOTO       ___main_abc
L_main34:
0x01B3	0x3080      	MOVLW      128
0x01B4	0x0636      	XORWF      main_refp2_L0+1, 0
0x01B5	0x00D0      	MOVWF      R0
0x01B6	0x3080      	MOVLW      128
0x01B7	0x0250      	SUBWF      R0, 0
0x01B8	0x1D03      	BTFSS      STATUS, 2
0x01B9	0x29BC      	GOTO       L__main82
0x01BA	0x3028      	MOVLW      40
0x01BB	0x0235      	SUBWF      main_refp2_L0, 0
L__main82:
0x01BC	0x1803      	BTFSC      STATUS, 0
0x01BD	0x29BF      	GOTO       L_main35
0x01BE	0x2A37      	GOTO       ___main_abc
L_main35:
L_main36:
0x01BF	0x3000      	MOVLW      0
0x01C0	0x0628      	XORWF      main_phase1_L0+1, 0
0x01C1	0x1D03      	BTFSS      STATUS, 2
0x01C2	0x29C5      	GOTO       L__main83
0x01C3	0x3000      	MOVLW      0
0x01C4	0x0627      	XORWF      main_phase1_L0, 0
L__main83:
0x01C5	0x1D03      	BTFSS      STATUS, 2
0x01C6	0x2A04      	GOTO       L_main37
0x01C7	0x3000      	MOVLW      0
0x01C8	0x062A      	XORWF      main_phase2_L0+1, 0
0x01C9	0x1D03      	BTFSS      STATUS, 2
0x01CA	0x29CD      	GOTO       L__main84
0x01CB	0x3000      	MOVLW      0
0x01CC	0x0629      	XORWF      main_phase2_L0, 0
L__main84:
0x01CD	0x1D03      	BTFSS      STATUS, 2
0x01CE	0x2A04      	GOTO       L_main37
L__main58:
0x01CF	0x3005      	MOVLW      5
0x01D0	0x00A0      	MOVWF      FARG_ADC_Get_Sample_channel
0x01D1	0x200F      	CALL       _ADC_Get_Sample
0x01D2	0x0850      	MOVF       R0, 0
0x01D3	0x00A7      	MOVWF      main_phase1_L0
0x01D4	0x0851      	MOVF       R0+1, 0
0x01D5	0x00A8      	MOVWF      main_phase1_L0+1
0x01D6	0x3006      	MOVLW      6
0x01D7	0x00A0      	MOVWF      FARG_ADC_Get_Sample_channel
0x01D8	0x200F      	CALL       _ADC_Get_Sample
0x01D9	0x0850      	MOVF       R0, 0
0x01DA	0x00A9      	MOVWF      main_phase2_L0
0x01DB	0x0851      	MOVF       R0+1, 0
0x01DC	0x00AA      	MOVWF      main_phase2_L0+1
0x01DD	0x3000      	MOVLW      0
0x01DE	0x0628      	XORWF      main_phase1_L0+1, 0
0x01DF	0x1D03      	BTFSS      STATUS, 2
0x01E0	0x29E3      	GOTO       L__main85
0x01E1	0x3000      	MOVLW      0
0x01E2	0x0627      	XORWF      main_phase1_L0, 0
L__main85:
0x01E3	0x1903      	BTFSC      STATUS, 2
0x01E4	0x29F0      	GOTO       L_main42
0x01E5	0x3000      	MOVLW      0
0x01E6	0x062A      	XORWF      main_phase2_L0+1, 0
0x01E7	0x1D03      	BTFSS      STATUS, 2
0x01E8	0x29EB      	GOTO       L__main86
0x01E9	0x3000      	MOVLW      0
0x01EA	0x0629      	XORWF      main_phase2_L0, 0
L__main86:
0x01EB	0x1D03      	BTFSS      STATUS, 2
0x01EC	0x29F0      	GOTO       L_main42
L__main57:
0x01ED	0x0AAF      	INCF       main_a_L0, 1
0x01EE	0x1903      	BTFSC      STATUS, 2
0x01EF	0x0AB0      	INCF       main_a_L0+1, 1
L_main42:
0x01F0	0x3000      	MOVLW      0
0x01F1	0x0628      	XORWF      main_phase1_L0+1, 0
0x01F2	0x1D03      	BTFSS      STATUS, 2
0x01F3	0x29F6      	GOTO       L__main87
0x01F4	0x3000      	MOVLW      0
0x01F5	0x0627      	XORWF      main_phase1_L0, 0
L__main87:
0x01F6	0x1D03      	BTFSS      STATUS, 2
0x01F7	0x2A03      	GOTO       L_main45
0x01F8	0x3000      	MOVLW      0
0x01F9	0x062A      	XORWF      main_phase2_L0+1, 0
0x01FA	0x1D03      	BTFSS      STATUS, 2
0x01FB	0x29FE      	GOTO       L__main88
0x01FC	0x3000      	MOVLW      0
0x01FD	0x0629      	XORWF      main_phase2_L0, 0
L__main88:
0x01FE	0x1903      	BTFSC      STATUS, 2
0x01FF	0x2A03      	GOTO       L_main45
L__main56:
0x0200	0x0AB1      	INCF       main_b_L0, 1
0x0201	0x1903      	BTFSC      STATUS, 2
0x0202	0x0AB2      	INCF       main_b_L0+1, 1
L_main45:
0x0203	0x29BF      	GOTO       L_main36
L_main37:
0x0204	0x3080      	MOVLW      128
0x0205	0x0630      	XORWF      main_a_L0+1, 0
0x0206	0x00D0      	MOVWF      R0
0x0207	0x3080      	MOVLW      128
0x0208	0x0632      	XORWF      main_b_L0+1, 0
0x0209	0x0250      	SUBWF      R0, 0
0x020A	0x1D03      	BTFSS      STATUS, 2
0x020B	0x2A0E      	GOTO       L__main89
0x020C	0x0831      	MOVF       main_b_L0, 0
0x020D	0x022F      	SUBWF      main_a_L0, 0
L__main89:
0x020E	0x1803      	BTFSC      STATUS, 0
0x020F	0x2A11      	GOTO       L_main46
0x0210	0x2A37      	GOTO       ___main_abc
L_main46:
0x0211	0x1283      	BCF        STATUS, 5
0x0212	0x1405      	BSF        PORTA, 0
0x0213	0x1587      	BSF        PORTC, 3
0x0214	0x3000      	MOVLW      0
0x0215	0x0638      	XORWF      main_d_L0+1, 0
0x0216	0x1D03      	BTFSS      STATUS, 2
0x0217	0x2A1A      	GOTO       L__main90
0x0218	0x3000      	MOVLW      0
0x0219	0x0637      	XORWF      main_d_L0, 0
L__main90:
0x021A	0x1D03      	BTFSS      STATUS, 2
0x021B	0x2A36      	GOTO       L_main47
0x021C	0x1607      	BSF        PORTC, 4
0x021D	0x3082      	MOVLW      130
0x021E	0x00DC      	MOVWF      R12
0x021F	0x30DD      	MOVLW      221
0x0220	0x00DD      	MOVWF      R13
L_main48:
0x0221	0x0BDD      	DECFSZ     R13, 1
0x0222	0x2A21      	GOTO       L_main48
0x0223	0x0BDC      	DECFSZ     R12, 1
0x0224	0x2A21      	GOTO       L_main48
0x0225	0x0000      	NOP
0x0226	0x0000      	NOP
0x0227	0x0ABB      	INCF       main_h_L0, 1
0x0228	0x1903      	BTFSC      STATUS, 2
0x0229	0x0ABC      	INCF       main_h_L0+1, 1
0x022A	0x3000      	MOVLW      0
0x022B	0x063C      	XORWF      main_h_L0+1, 0
0x022C	0x1D03      	BTFSS      STATUS, 2
0x022D	0x2A30      	GOTO       L__main91
0x022E	0x3032      	MOVLW      50
0x022F	0x063B      	XORWF      main_h_L0, 0
L__main91:
0x0230	0x1D03      	BTFSS      STATUS, 2
0x0231	0x2A36      	GOTO       L_main49
0x0232	0x1207      	BCF        PORTC, 4
0x0233	0x0AB7      	INCF       main_d_L0, 1
0x0234	0x1903      	BTFSC      STATUS, 2
0x0235	0x0AB8      	INCF       main_d_L0+1, 1
L_main49:
L_main47:
0x0236	0x2904      	GOTO       L_main18
L_main19:
___main_abc:
0x0237	0x1283      	BCF        STATUS, 5
0x0238	0x01BB      	CLRF       main_h_L0
0x0239	0x01BC      	CLRF       main_h_L0+1
0x023A	0x01B7      	CLRF       main_d_L0
0x023B	0x01B8      	CLRF       main_d_L0+1
0x023C	0x01B9      	CLRF       main_g_L0
0x023D	0x01BA      	CLRF       main_g_L0+1
0x023E	0x01AF      	CLRF       main_a_L0
0x023F	0x01B0      	CLRF       main_a_L0+1
0x0240	0x01B1      	CLRF       main_b_L0
0x0241	0x01B2      	CLRF       main_b_L0+1
0x0242	0x1005      	BCF        PORTA, 0
0x0243	0x1485      	BSF        PORTA, 1
0x0244	0x1187      	BCF        PORTC, 3
0x0245	0x1207      	BCF        PORTC, 4
L_main50:
0x0246	0x3080      	MOVLW      128
0x0247	0x0636      	XORWF      main_refp2_L0+1, 0
0x0248	0x00D0      	MOVWF      R0
0x0249	0x3080      	MOVLW      128
0x024A	0x0250      	SUBWF      R0, 0
0x024B	0x1D03      	BTFSS      STATUS, 2
0x024C	0x2A4F      	GOTO       L__main92
0x024D	0x3014      	MOVLW      20
0x024E	0x0235      	SUBWF      main_refp2_L0, 0
L__main92:
0x024F	0x1803      	BTFSC      STATUS, 0
0x0250	0x2A69      	GOTO       L_main51
0x0251	0x3006      	MOVLW      6
0x0252	0x00A0      	MOVWF      FARG_ADC_Get_Sample_channel
0x0253	0x200F      	CALL       _ADC_Get_Sample
0x0254	0x0850      	MOVF       R0, 0
0x0255	0x00A9      	MOVWF      main_phase2_L0
0x0256	0x0851      	MOVF       R0+1, 0
0x0257	0x00AA      	MOVWF      main_phase2_L0+1
0x0258	0x3080      	MOVLW      128
0x0259	0x0651      	XORWF      R0+1, 0
0x025A	0x00D2      	MOVWF      R2
0x025B	0x3080      	MOVLW      128
0x025C	0x0636      	XORWF      main_refp2_L0+1, 0
0x025D	0x0252      	SUBWF      R2, 0
0x025E	0x1D03      	BTFSS      STATUS, 2
0x025F	0x2A62      	GOTO       L__main93
0x0260	0x0835      	MOVF       main_refp2_L0, 0
0x0261	0x0250      	SUBWF      R0, 0
L__main93:
0x0262	0x1C03      	BTFSS      STATUS, 0
0x0263	0x2A68      	GOTO       L_main52
0x0264	0x0829      	MOVF       main_phase2_L0, 0
0x0265	0x00B5      	MOVWF      main_refp2_L0
0x0266	0x082A      	MOVF       main_phase2_L0+1, 0
0x0267	0x00B6      	MOVWF      main_refp2_L0+1
L_main52:
0x0268	0x2A46      	GOTO       L_main50
L_main51:
L_main12:
0x0269	0x3080      	MOVLW      128
0x026A	0x0630      	XORWF      main_a_L0+1, 0
0x026B	0x00D0      	MOVWF      R0
0x026C	0x3080      	MOVLW      128
0x026D	0x0632      	XORWF      main_b_L0+1, 0
0x026E	0x0250      	SUBWF      R0, 0
0x026F	0x1D03      	BTFSS      STATUS, 2
0x0270	0x2A73      	GOTO       L__main94
0x0271	0x0831      	MOVF       main_b_L0, 0
0x0272	0x022F      	SUBWF      main_a_L0, 0
L__main94:
0x0273	0x1803      	BTFSC      STATUS, 0
0x0274	0x2A95      	GOTO       L_main53
0x0275	0x1283      	BCF        STATUS, 5
0x0276	0x1005      	BCF        PORTA, 0
0x0277	0x1485      	BSF        PORTA, 1
0x0278	0x3003      	MOVLW      3
0x0279	0x00DB      	MOVWF      R11
0x027A	0x3008      	MOVLW      8
0x027B	0x00DC      	MOVWF      R12
0x027C	0x3077      	MOVLW      119
0x027D	0x00DD      	MOVWF      R13
L_main54:
0x027E	0x0BDD      	DECFSZ     R13, 1
0x027F	0x2A7E      	GOTO       L_main54
0x0280	0x0BDC      	DECFSZ     R12, 1
0x0281	0x2A7E      	GOTO       L_main54
0x0282	0x0BDB      	DECFSZ     R11, 1
0x0283	0x2A7E      	GOTO       L_main54
0x0284	0x1085      	BCF        PORTA, 1
0x0285	0x3003      	MOVLW      3
0x0286	0x00DB      	MOVWF      R11
0x0287	0x3008      	MOVLW      8
0x0288	0x00DC      	MOVWF      R12
0x0289	0x3077      	MOVLW      119
0x028A	0x00DD      	MOVWF      R13
L_main55:
0x028B	0x0BDD      	DECFSZ     R13, 1
0x028C	0x2A8B      	GOTO       L_main55
0x028D	0x0BDC      	DECFSZ     R12, 1
0x028E	0x2A8B      	GOTO       L_main55
0x028F	0x0BDB      	DECFSZ     R11, 1
0x0290	0x2A8B      	GOTO       L_main55
0x0291	0x01AF      	CLRF       main_a_L0
0x0292	0x01B0      	CLRF       main_a_L0+1
0x0293	0x01B1      	CLRF       main_b_L0
0x0294	0x01B2      	CLRF       main_b_L0+1
L_main53:
0x0295	0x3005      	MOVLW      5
0x0296	0x00A0      	MOVWF      FARG_ADC_Get_Sample_channel
0x0297	0x200F      	CALL       _ADC_Get_Sample
0x0298	0x0850      	MOVF       R0, 0
0x0299	0x00A7      	MOVWF      main_phase1_L0
0x029A	0x0851      	MOVF       R0+1, 0
0x029B	0x00A8      	MOVWF      main_phase1_L0+1
0x029C	0x3006      	MOVLW      6
0x029D	0x00A0      	MOVWF      FARG_ADC_Get_Sample_channel
0x029E	0x200F      	CALL       _ADC_Get_Sample
0x029F	0x0850      	MOVF       R0, 0
0x02A0	0x00A9      	MOVWF      main_phase2_L0
0x02A1	0x0851      	MOVF       R0+1, 0
0x02A2	0x00AA      	MOVWF      main_phase2_L0+1
0x02A3	0x2873      	GOTO       L_main0
L_end_main:
0x02A4	0x2AA4      	GOTO       $+0
; end of _main
0x02AC	0x3021      	MOVLW      33
0x02AD	0x0084      	MOVWF      FSR
0x02AE	0x3001      	MOVLW      1
0x02AF	0x1283      	BCF        STATUS, 5
0x02B0	0x00D0      	MOVWF      R0
0x02B1	0x30AA      	MOVLW      170
0x02B2	0x00A2      	MOVWF      ___DoICPAddr
0x02B3	0x3002      	MOVLW      2
0x02B4	0x00A3      	MOVWF      35
0x02B5	0x203E      	CALL       62
0x02B6	0x0008      	RETURN
;__Lib_ADC_A_B.c,0 :: ?ICS_vref_mask
0x02AA	0x3440 ;?ICS_vref_mask+0
; end of ?ICS_vref_mask
Symbol List:
//** Routines locations **
//ADDRESS    SIZE    PROCEDURE
//----------------------------------------------
0x0003       [6]    _____DoICP
0x0009       [6]    _Delay_22us
0x000F      [26]    _ADC_Get_Sample
0x0029      [21]    _ADC_Init
0x003E      [12]    ___CC2DW
0x004A     [602]    _main
//** Variables locations ** 
//ADDRESS    SIZE    VARIABLE
//----------------------------------------------
0x0000       [1]    INDF
0x0002       [1]    PCL
0x0003       [1]    STATUS
0x0004       [1]    FSR
0x0005       [1]    PORTA
0x0007       [1]    PORTC
0x000A       [1]    PCLATH
0x001E       [1]    ADRESH
0x001F       [1]    ADCON0
0x0020       [1]    FARG_ADC_Get_Sample_channel
0x0021       [1]    _vref_mask
0x0022       [2]    ___DoICPAddr
0x0024       [3]    _ADC_Get_Sample_Ptr
0x0027       [2]    main_phase1_L0
0x0029       [2]    main_phase2_L0
0x002B       [2]    main_c_L0
0x002D       [2]    main_j_L0
0x002F       [2]    main_a_L0
0x0031       [2]    main_b_L0
0x0033       [2]    main_refp1_L0
0x0035       [2]    main_refp2_L0
0x0037       [2]    main_d_L0
0x0039       [2]    main_g_L0
0x003B       [2]    main_h_L0
0x0050       [1]    R0
0x0051       [1]    R1
0x0052       [1]    R2
0x0053       [1]    R3
0x0054       [1]    R4
0x0055       [1]    R5
0x0056       [1]    R6
0x0057       [1]    R7
0x0058       [1]    R8
0x0059       [1]    R9
0x005A       [1]    R10
0x005B       [1]    R11
0x005C       [1]    R12
0x005D       [1]    R13
0x005E       [1]    R14
0x005F       [1]    R15
0x0085       [1]    TRISA
0x0087       [0]    TRISC4_bit
0x0087       [0]    TRISC3_bit
0x0091       [1]    ANSEL
0x009E       [1]    ADRESL
0x009F       [1]    ADCON1
//** Constants locations ** 
//ADDRESS    SIZE    CONSTANT
//----------------------------------------------
0x02AA       [1]    ?ICS_vref_mask
