;  LST file generated by mikroListExporter - v.2.0 
; Date/Time: 12/4/2017 1:14:43 AM
;----------------------------------------------

;Address Opcode 	ASM
0x0000	0x29D4      	GOTO       468
_Delay_10us:
0x0003	0x3006      	MOVLW      6
0x0004	0x1283      	BCF        STATUS, 5
0x0005	0x1303      	BCF        STATUS, 6
0x0006	0x00FD      	MOVWF      R13
L_Delay_10us0:
0x0007	0x0BFD      	DECFSZ     R13, 1
0x0008	0x2807      	GOTO       L_Delay_10us0
0x0009	0x0000      	NOP
L_end_Delay_10us:
0x000A	0x0008      	RETURN
; end of _Delay_10us
__Lib_Glcd_Strobe:
0x000B	0x2003      	CALL       _Delay_10us
0x000C	0x1487      	BSF        GLCD_EN, BitPos(GLCD_EN+0)
0x000D	0x2003      	CALL       _Delay_10us
0x000E	0x1087      	BCF        GLCD_EN, BitPos(GLCD_EN+0)
L_end_Strobe:
0x000F	0x0008      	RETURN
; end of __Lib_Glcd_Strobe
_Delay_1us:
0x0010	0x0000      	NOP
0x0011	0x0000      	NOP
L_end_Delay_1us:
0x0012	0x0008      	RETURN
; end of _Delay_1us
_____DoICP:
0x0013	0x1283      	BCF        STATUS, 5
0x0014	0x1303      	BCF        STATUS, 6
0x0015	0x0829      	MOVF       ___DoICPAddr+1, 0
0x0016	0x008A      	MOVWF      PCLATH
0x0017	0x0828      	MOVF       ___DoICPAddr, 0
0x0018	0x0082      	MOVWF      PCL
L_end_____DoICP:
0x0019	0x0008      	RETURN
; end of _____DoICP
_Mul_16X16_U:
0x001A	0x1283      	BCF        STATUS, 5
0x001B	0x1303      	BCF        STATUS, 6
0x001C	0x01FB      	CLRF       R11
0x001D	0x01FA      	CLRF       R10
0x001E	0x01F9      	CLRF       R9
0x001F	0x3080      	MOVLW      128
0x0020	0x00F8      	MOVWF      R8
0x0021	0x0CF1      	RRF        R1, 1
0x0022	0x0CF0      	RRF        R0, 1
0x0023	0x1C03      	BTFSS      STATUS, 0
0x0024	0x282E      	GOTO       $+10
0x0025	0x0874      	MOVF       R4, 0
0x0026	0x07F9      	ADDWF      R9, 1
0x0027	0x0875      	MOVF       R5, 0
0x0028	0x1803      	BTFSC      STATUS, 0
0x0029	0x0F75      	INCFSZ     R5, 0
0x002A	0x07FA      	ADDWF      R10, 1
0x002B	0x1803      	BTFSC      STATUS, 0
0x002C	0x0AFB      	INCF       R11, 1
0x002D	0x1003      	BCF        STATUS, 0
0x002E	0x1FF0      	BTFSS      R0, 7
0x002F	0x2836      	GOTO       $+7
0x0030	0x0874      	MOVF       R4, 0
0x0031	0x07FA      	ADDWF      R10, 1
0x0032	0x0875      	MOVF       R5, 0
0x0033	0x1803      	BTFSC      STATUS, 0
0x0034	0x0F75      	INCFSZ     R5, 0
0x0035	0x07FB      	ADDWF      R11, 1
0x0036	0x0CFB      	RRF        R11, 1
0x0037	0x0CFA      	RRF        R10, 1
0x0038	0x0CF9      	RRF        R9, 1
0x0039	0x0CF8      	RRF        R8, 1
0x003A	0x1C03      	BTFSS      STATUS, 0
0x003B	0x2821      	GOTO       $-26
0x003C	0x087B      	MOVF       R11, 0
0x003D	0x00F3      	MOVWF      R3
0x003E	0x087A      	MOVF       R10, 0
0x003F	0x00F2      	MOVWF      R2
0x0040	0x0879      	MOVF       R9, 0
0x0041	0x00F1      	MOVWF      R1
0x0042	0x0878      	MOVF       R8, 0
0x0043	0x00F0      	MOVWF      R0
L_end_Mul_16X16_U:
0x0044	0x0008      	RETURN
; end of _Mul_16X16_U
_Glcd_Set_X:
0x0045	0x307F      	MOVLW      127
0x0046	0x1283      	BCF        STATUS, 5
0x0047	0x1303      	BCF        STATUS, 6
0x0048	0x0541      	ANDWF      FARG_Glcd_Set_X_x_pos, 0
0x0049	0x00F0      	MOVWF      R0
0x004A	0x0870      	MOVF       R0, 0
0x004B	0x00C1      	MOVWF      FARG_Glcd_Set_X_x_pos
0x004C	0x1187      	BCF        GLCD_RS, BitPos(GLCD_RS+0)
0x004D	0x1107      	BCF        GLCD_RW, BitPos(GLCD_RW+0)
0x004E	0x30BF      	MOVLW      191
0x004F	0x05F0      	ANDWF      R0, 1
0x0050	0x0870      	MOVF       R0, 0
0x0051	0x00C1      	MOVWF      FARG_Glcd_Set_X_x_pos
0x0052	0x1770      	BSF        R0, 6
0x0053	0x0870      	MOVF       R0, 0
0x0054	0x00C1      	MOVWF      FARG_Glcd_Set_X_x_pos
0x0055	0x0870      	MOVF       R0, 0
0x0056	0x0086      	MOVWF      GLCD_DataPort
0x0057	0x200B      	CALL       __Lib_Glcd_Strobe
L_end_Glcd_Set_X:
0x0058	0x0008      	RETURN
; end of _Glcd_Set_X
_Glcd_Read_Data:
0x0059	0x30FF      	MOVLW      255
0x005A	0x1683      	BSF        STATUS, 5
0x005B	0x1303      	BCF        STATUS, 6
0x005C	0x0086      	MOVWF      GLCD_DataPort+128
0x005D	0x2010      	CALL       _Delay_1us
0x005E	0x2010      	CALL       _Delay_1us
0x005F	0x1283      	BCF        STATUS, 5
0x0060	0x1587      	BSF        GLCD_RS, BitPos(GLCD_RS+0)
0x0061	0x1087      	BCF        GLCD_EN, BitPos(GLCD_EN+0)
0x0062	0x1507      	BSF        GLCD_RW, BitPos(GLCD_RW+0)
0x0063	0x1487      	BSF        GLCD_EN, BitPos(GLCD_EN+0)
0x0064	0x2003      	CALL       _Delay_10us
0x0065	0x0806      	MOVF       GLCD_DataPort, 0
0x0066	0x00C1      	MOVWF      Glcd_Read_Data_local_L0
0x0067	0x1087      	BCF        GLCD_EN, BitPos(GLCD_EN+0)
0x0068	0x1107      	BCF        GLCD_RW, BitPos(GLCD_RW+0)
0x0069	0x2010      	CALL       _Delay_1us
0x006A	0x2010      	CALL       _Delay_1us
0x006B	0x1683      	BSF        STATUS, 5
0x006C	0x0186      	CLRF       GLCD_DataPort+128
0x006D	0x1283      	BCF        STATUS, 5
0x006E	0x0841      	MOVF       Glcd_Read_Data_local_L0, 0
0x006F	0x00F0      	MOVWF      R0
L_end_Glcd_Read_Data:
0x0070	0x0008      	RETURN
; end of _Glcd_Read_Data
_Glcd_Set_Page:
0x0071	0x1283      	BCF        STATUS, 5
0x0072	0x1303      	BCF        STATUS, 6
0x0073	0x1187      	BCF        GLCD_RS, BitPos(GLCD_RS+0)
0x0074	0x1107      	BCF        GLCD_RW, BitPos(GLCD_RW+0)
0x0075	0x30B8      	MOVLW      184
0x0076	0x0441      	IORWF      FARG_Glcd_Set_Page_page, 0
0x0077	0x0086      	MOVWF      GLCD_DataPort
0x0078	0x200B      	CALL       __Lib_Glcd_Strobe
L_end_Glcd_Set_Page:
0x0079	0x0008      	RETURN
; end of _Glcd_Set_Page
_Glcd_Write_Data:
0x007A	0x1283      	BCF        STATUS, 5
0x007B	0x1303      	BCF        STATUS, 6
0x007C	0x1087      	BCF        GLCD_EN, BitPos(GLCD_EN+0)
0x007D	0x1587      	BSF        GLCD_RS, BitPos(GLCD_RS+0)
0x007E	0x1107      	BCF        GLCD_RW, BitPos(GLCD_RW+0)
0x007F	0x0841      	MOVF       FARG_Glcd_Write_Data_ddata, 0
0x0080	0x0086      	MOVWF      GLCD_DataPort
0x0081	0x200B      	CALL       __Lib_Glcd_Strobe
L_end_Glcd_Write_Data:
0x0082	0x0008      	RETURN
; end of _Glcd_Write_Data
_Glcd_Set_Side:
0x0083	0x307F      	MOVLW      127
0x0084	0x1283      	BCF        STATUS, 5
0x0085	0x1303      	BCF        STATUS, 6
0x0086	0x0541      	ANDWF      FARG_Glcd_Set_Side_x_pos, 0
0x0087	0x00F1      	MOVWF      R1
0x0088	0x0871      	MOVF       R1, 0
0x0089	0x00C1      	MOVWF      FARG_Glcd_Set_Side_x_pos
0x008A	0x1F71      	BTFSS      R1, 6
0x008B	0x288F      	GOTO       L_Glcd_Set_Side0
0x008C	0x1687      	BSF        GLCD_CS1, BitPos(GLCD_CS1+0)
0x008D	0x1207      	BCF        GLCD_CS2, BitPos(GLCD_CS2+0)
0x008E	0x2891      	GOTO       L_Glcd_Set_Side1
L_Glcd_Set_Side0:
0x008F	0x1287      	BCF        GLCD_CS1, BitPos(GLCD_CS1+0)
0x0090	0x1607      	BSF        GLCD_CS2, BitPos(GLCD_CS2+0)
L_Glcd_Set_Side1:
L_end_Glcd_Set_Side:
0x0091	0x0008      	RETURN
; end of _Glcd_Set_Side
_Glcd_Write_Char:
0x0092	0x1283      	BCF        STATUS, 5
0x0093	0x1303      	BCF        STATUS, 6
0x0094	0x0839      	MOVF       FARG_Glcd_Write_Char_page_num, 0
0x0095	0x3C07      	SUBLW      7
0x0096	0x1803      	BTFSC      STATUS, 0
0x0097	0x2899      	GOTO       L_Glcd_Write_Char14
0x0098	0x2925      	GOTO       L_end_Glcd_Write_Char
L_Glcd_Write_Char14:
0x0099	0x082F      	MOVF       __Lib_Glcd_fontOffset, 0
0x009A	0x0237      	SUBWF      FARG_Glcd_Write_Char_chr, 0
0x009B	0x00F0      	MOVWF      R0
0x009C	0x0830      	MOVF       __Lib_Glcd_fontOffset+1, 0
0x009D	0x1C03      	BTFSS      STATUS, 0
0x009E	0x3E01      	ADDLW      1
0x009F	0x01F1      	CLRF       R0+1
0x00A0	0x02F1      	SUBWF      R0+1, 1
0x00A1	0x082C      	MOVF       __Lib_Glcd_fontW, 0
0x00A2	0x00F4      	MOVWF      R4
0x00A3	0x01F5      	CLRF       R4+1
0x00A4	0x201A      	CALL       _Mul_16X16_U
0x00A5	0x0870      	MOVF       R0, 0
0x00A6	0x00BF      	MOVWF      Glcd_Write_Char_pointer_L0
0x00A7	0x0871      	MOVF       R0+1, 0
0x00A8	0x00C0      	MOVWF      Glcd_Write_Char_pointer_L0+1
0x00A9	0x0838      	MOVF       FARG_Glcd_Write_Char_x_pos, 0
0x00AA	0x00C1      	MOVWF      FARG_Glcd_Set_X_x_pos
0x00AB	0x2045      	CALL       _Glcd_Set_X
0x00AC	0x0839      	MOVF       FARG_Glcd_Write_Char_page_num, 0
0x00AD	0x00C1      	MOVWF      FARG_Glcd_Set_Page_page
0x00AE	0x2071      	CALL       _Glcd_Set_Page
0x00AF	0x01BB      	CLRF       Glcd_Write_Char_ii_L0
L_Glcd_Write_Char15:
0x00B0	0x082C      	MOVF       __Lib_Glcd_fontW, 0
0x00B1	0x023B      	SUBWF      Glcd_Write_Char_ii_L0, 0
0x00B2	0x1803      	BTFSC      STATUS, 0
0x00B3	0x2904      	GOTO       L_Glcd_Write_Char16
0x00B4	0x0838      	MOVF       FARG_Glcd_Write_Char_x_pos, 0
0x00B5	0x3C7F      	SUBLW      127
0x00B6	0x1803      	BTFSC      STATUS, 0
0x00B7	0x28B9      	GOTO       L_Glcd_Write_Char18
0x00B8	0x2925      	GOTO       L_end_Glcd_Write_Char
L_Glcd_Write_Char18:
0x00B9	0x0838      	MOVF       FARG_Glcd_Write_Char_x_pos, 0
0x00BA	0x00C1      	MOVWF      FARG_Glcd_Set_Side_x_pos
0x00BB	0x2083      	CALL       _Glcd_Set_Side
0x00BC	0x0839      	MOVF       FARG_Glcd_Write_Char_page_num, 0
0x00BD	0x00C1      	MOVWF      FARG_Glcd_Set_Page_page
0x00BE	0x2071      	CALL       _Glcd_Set_Page
0x00BF	0x0838      	MOVF       FARG_Glcd_Write_Char_x_pos, 0
0x00C0	0x00C1      	MOVWF      FARG_Glcd_Set_X_x_pos
0x00C1	0x2045      	CALL       _Glcd_Set_X
0x00C2	0x2059      	CALL       _Glcd_Read_Data
0x00C3	0x0870      	MOVF       R0, 0
0x00C4	0x00BC      	MOVWF      Glcd_Write_Char_data_read_L0
0x00C5	0x2059      	CALL       _Glcd_Read_Data
0x00C6	0x0870      	MOVF       R0, 0
0x00C7	0x00BC      	MOVWF      Glcd_Write_Char_data_read_L0
0x00C8	0x0838      	MOVF       FARG_Glcd_Write_Char_x_pos, 0
0x00C9	0x00C1      	MOVWF      FARG_Glcd_Set_Side_x_pos
0x00CA	0x2083      	CALL       _Glcd_Set_Side
0x00CB	0x0839      	MOVF       FARG_Glcd_Write_Char_page_num, 0
0x00CC	0x00C1      	MOVWF      FARG_Glcd_Set_Page_page
0x00CD	0x2071      	CALL       _Glcd_Set_Page
0x00CE	0x0838      	MOVF       FARG_Glcd_Write_Char_x_pos, 0
0x00CF	0x00C1      	MOVWF      FARG_Glcd_Set_X_x_pos
0x00D0	0x2045      	CALL       _Glcd_Set_X
0x00D1	0x083F      	MOVF       Glcd_Write_Char_pointer_L0, 0
0x00D2	0x072A      	ADDWF      __Lib_Glcd_fontDef, 0
0x00D3	0x00F0      	MOVWF      R0
0x00D4	0x082B      	MOVF       __Lib_Glcd_fontDef+1, 0
0x00D5	0x1803      	BTFSC      STATUS, 0
0x00D6	0x3E01      	ADDLW      1
0x00D7	0x0740      	ADDWF      Glcd_Write_Char_pointer_L0+1, 0
0x00D8	0x00F1      	MOVWF      R0+1
0x00D9	0x0870      	MOVF       R0, 0
0x00DA	0x00A8      	MOVWF      ___DoICPAddr
0x00DB	0x0871      	MOVF       R0+1, 0
0x00DC	0x00A9      	MOVWF      ___DoICPAddr+1
0x00DD	0x2013      	CALL       _____DoICP
0x00DE	0x118A      	BCF        PCLATH, 3
0x00DF	0x120A      	BCF        PCLATH, 4
0x00E0	0x00F0      	MOVWF      R0
0x00E1	0x0870      	MOVF       R0, 0
0x00E2	0x00BD      	MOVWF      Glcd_Write_Char_font_ch_L0
0x00E3	0x0ABF      	INCF       Glcd_Write_Char_pointer_L0, 1
0x00E4	0x1903      	BTFSC      STATUS, 2
0x00E5	0x0AC0      	INCF       Glcd_Write_Char_pointer_L0+1, 1
0x00E6	0x0970      	COMF       R0, 0
0x00E7	0x00BE      	MOVWF      Glcd_Write_Char_font_ch_inv_L0
0x00E8	0x28F2      	GOTO       L_Glcd_Write_Char19
L_Glcd_Write_Char21:
0x00E9	0x083E      	MOVF       Glcd_Write_Char_font_ch_inv_L0, 0
0x00EA	0x00BC      	MOVWF      Glcd_Write_Char_data_read_L0
0x00EB	0x28FE      	GOTO       L_Glcd_Write_Char20
L_Glcd_Write_Char22:
0x00EC	0x083D      	MOVF       Glcd_Write_Char_font_ch_L0, 0
0x00ED	0x00BC      	MOVWF      Glcd_Write_Char_data_read_L0
0x00EE	0x28FE      	GOTO       L_Glcd_Write_Char20
L_Glcd_Write_Char23:
0x00EF	0x083D      	MOVF       Glcd_Write_Char_font_ch_L0, 0
0x00F0	0x06BC      	XORWF      Glcd_Write_Char_data_read_L0, 1
0x00F1	0x28FE      	GOTO       L_Glcd_Write_Char20
L_Glcd_Write_Char19:
0x00F2	0x083A      	MOVF       FARG_Glcd_Write_Char_color, 0
0x00F3	0x3A00      	XORLW      0
0x00F4	0x1903      	BTFSC      STATUS, 2
0x00F5	0x28E9      	GOTO       L_Glcd_Write_Char21
0x00F6	0x083A      	MOVF       FARG_Glcd_Write_Char_color, 0
0x00F7	0x3A01      	XORLW      1
0x00F8	0x1903      	BTFSC      STATUS, 2
0x00F9	0x28EC      	GOTO       L_Glcd_Write_Char22
0x00FA	0x083A      	MOVF       FARG_Glcd_Write_Char_color, 0
0x00FB	0x3A02      	XORLW      2
0x00FC	0x1903      	BTFSC      STATUS, 2
0x00FD	0x28EF      	GOTO       L_Glcd_Write_Char23
L_Glcd_Write_Char20:
0x00FE	0x083C      	MOVF       Glcd_Write_Char_data_read_L0, 0
0x00FF	0x00C1      	MOVWF      FARG_Glcd_Write_Data_ddata
0x0100	0x207A      	CALL       _Glcd_Write_Data
0x0101	0x0AB8      	INCF       FARG_Glcd_Write_Char_x_pos, 1
0x0102	0x0ABB      	INCF       Glcd_Write_Char_ii_L0, 1
0x0103	0x28B0      	GOTO       L_Glcd_Write_Char15
L_Glcd_Write_Char16:
0x0104	0x0838      	MOVF       FARG_Glcd_Write_Char_x_pos, 0
0x0105	0x00C1      	MOVWF      FARG_Glcd_Set_Side_x_pos
0x0106	0x2083      	CALL       _Glcd_Set_Side
0x0107	0x0839      	MOVF       FARG_Glcd_Write_Char_page_num, 0
0x0108	0x00C1      	MOVWF      FARG_Glcd_Set_Page_page
0x0109	0x2071      	CALL       _Glcd_Set_Page
0x010A	0x0838      	MOVF       FARG_Glcd_Write_Char_x_pos, 0
0x010B	0x00C1      	MOVWF      FARG_Glcd_Set_X_x_pos
0x010C	0x2045      	CALL       _Glcd_Set_X
0x010D	0x30FF      	MOVLW      255
0x010E	0x00BD      	MOVWF      Glcd_Write_Char_font_ch_L0
0x010F	0x01BE      	CLRF       Glcd_Write_Char_font_ch_inv_L0
0x0110	0x291D      	GOTO       L_Glcd_Write_Char24
L_Glcd_Write_Char26:
0x0111	0x083D      	MOVF       Glcd_Write_Char_font_ch_L0, 0
0x0112	0x00BC      	MOVWF      Glcd_Write_Char_data_read_L0
0x0113	0x083D      	MOVF       Glcd_Write_Char_font_ch_L0, 0
0x0114	0x00C1      	MOVWF      FARG_Glcd_Write_Data_ddata
0x0115	0x207A      	CALL       _Glcd_Write_Data
0x0116	0x2925      	GOTO       L_Glcd_Write_Char25
L_Glcd_Write_Char27:
0x0117	0x083E      	MOVF       Glcd_Write_Char_font_ch_inv_L0, 0
0x0118	0x00BC      	MOVWF      Glcd_Write_Char_data_read_L0
0x0119	0x083E      	MOVF       Glcd_Write_Char_font_ch_inv_L0, 0
0x011A	0x00C1      	MOVWF      FARG_Glcd_Write_Data_ddata
0x011B	0x207A      	CALL       _Glcd_Write_Data
0x011C	0x2925      	GOTO       L_Glcd_Write_Char25
L_Glcd_Write_Char24:
0x011D	0x083A      	MOVF       FARG_Glcd_Write_Char_color, 0
0x011E	0x3A00      	XORLW      0
0x011F	0x1903      	BTFSC      STATUS, 2
0x0120	0x2911      	GOTO       L_Glcd_Write_Char26
0x0121	0x083A      	MOVF       FARG_Glcd_Write_Char_color, 0
0x0122	0x3A01      	XORLW      1
0x0123	0x1903      	BTFSC      STATUS, 2
0x0124	0x2917      	GOTO       L_Glcd_Write_Char27
L_Glcd_Write_Char25:
L_end_Glcd_Write_Char:
0x0125	0x0008      	RETURN
; end of _Glcd_Write_Char
_Glcd_Image:
0x0126	0x1283      	BCF        STATUS, 5
0x0127	0x1303      	BCF        STATUS, 6
0x0128	0x01B4      	CLRF       Glcd_Image_pg_L0
0x0129	0x01B5      	CLRF       Glcd_Image_clan_niza_L0
0x012A	0x01B6      	CLRF       Glcd_Image_clan_niza_L0+1
L_Glcd_Image100:
0x012B	0x0834      	MOVF       Glcd_Image_pg_L0, 0
0x012C	0x3C07      	SUBLW      7
0x012D	0x1C03      	BTFSS      STATUS, 0
0x012E	0x2978      	GOTO       L_Glcd_Image101
0x012F	0x01C1      	CLRF       FARG_Glcd_Set_Side_x_pos
0x0130	0x2083      	CALL       _Glcd_Set_Side
0x0131	0x0834      	MOVF       Glcd_Image_pg_L0, 0
0x0132	0x00C1      	MOVWF      FARG_Glcd_Set_Page_page
0x0133	0x2071      	CALL       _Glcd_Set_Page
0x0134	0x01C1      	CLRF       FARG_Glcd_Set_X_x_pos
0x0135	0x2045      	CALL       _Glcd_Set_X
0x0136	0x01B3      	CLRF       Glcd_Image_col_L0
L_Glcd_Image102:
0x0137	0x0833      	MOVF       Glcd_Image_col_L0, 0
0x0138	0x3C3F      	SUBLW      63
0x0139	0x1C03      	BTFSS      STATUS, 0
0x013A	0x2951      	GOTO       L_Glcd_Image103
0x013B	0x0835      	MOVF       Glcd_Image_clan_niza_L0, 0
0x013C	0x0731      	ADDWF      FARG_Glcd_Image_image, 0
0x013D	0x00F0      	MOVWF      R0
0x013E	0x0832      	MOVF       FARG_Glcd_Image_image+1, 0
0x013F	0x1803      	BTFSC      STATUS, 0
0x0140	0x3E01      	ADDLW      1
0x0141	0x0736      	ADDWF      Glcd_Image_clan_niza_L0+1, 0
0x0142	0x00F1      	MOVWF      R0+1
0x0143	0x0870      	MOVF       R0, 0
0x0144	0x00A8      	MOVWF      ___DoICPAddr
0x0145	0x0871      	MOVF       R0+1, 0
0x0146	0x00A9      	MOVWF      ___DoICPAddr+1
0x0147	0x2013      	CALL       _____DoICP
0x0148	0x118A      	BCF        PCLATH, 3
0x0149	0x120A      	BCF        PCLATH, 4
0x014A	0x00C1      	MOVWF      FARG_Glcd_Write_Data_ddata
0x014B	0x207A      	CALL       _Glcd_Write_Data
0x014C	0x0AB5      	INCF       Glcd_Image_clan_niza_L0, 1
0x014D	0x1903      	BTFSC      STATUS, 2
0x014E	0x0AB6      	INCF       Glcd_Image_clan_niza_L0+1, 1
0x014F	0x0AB3      	INCF       Glcd_Image_col_L0, 1
0x0150	0x2937      	GOTO       L_Glcd_Image102
L_Glcd_Image103:
0x0151	0x3040      	MOVLW      64
0x0152	0x00C1      	MOVWF      FARG_Glcd_Set_Side_x_pos
0x0153	0x2083      	CALL       _Glcd_Set_Side
0x0154	0x0834      	MOVF       Glcd_Image_pg_L0, 0
0x0155	0x00C1      	MOVWF      FARG_Glcd_Set_Page_page
0x0156	0x2071      	CALL       _Glcd_Set_Page
0x0157	0x3040      	MOVLW      64
0x0158	0x00C1      	MOVWF      FARG_Glcd_Set_X_x_pos
0x0159	0x2045      	CALL       _Glcd_Set_X
0x015A	0x3040      	MOVLW      64
0x015B	0x00B3      	MOVWF      Glcd_Image_col_L0
L_Glcd_Image105:
0x015C	0x0833      	MOVF       Glcd_Image_col_L0, 0
0x015D	0x3C7F      	SUBLW      127
0x015E	0x1C03      	BTFSS      STATUS, 0
0x015F	0x2976      	GOTO       L_Glcd_Image106
0x0160	0x0835      	MOVF       Glcd_Image_clan_niza_L0, 0
0x0161	0x0731      	ADDWF      FARG_Glcd_Image_image, 0
0x0162	0x00F0      	MOVWF      R0
0x0163	0x0832      	MOVF       FARG_Glcd_Image_image+1, 0
0x0164	0x1803      	BTFSC      STATUS, 0
0x0165	0x3E01      	ADDLW      1
0x0166	0x0736      	ADDWF      Glcd_Image_clan_niza_L0+1, 0
0x0167	0x00F1      	MOVWF      R0+1
0x0168	0x0870      	MOVF       R0, 0
0x0169	0x00A8      	MOVWF      ___DoICPAddr
0x016A	0x0871      	MOVF       R0+1, 0
0x016B	0x00A9      	MOVWF      ___DoICPAddr+1
0x016C	0x2013      	CALL       _____DoICP
0x016D	0x118A      	BCF        PCLATH, 3
0x016E	0x120A      	BCF        PCLATH, 4
0x016F	0x00C1      	MOVWF      FARG_Glcd_Write_Data_ddata
0x0170	0x207A      	CALL       _Glcd_Write_Data
0x0171	0x0AB5      	INCF       Glcd_Image_clan_niza_L0, 1
0x0172	0x1903      	BTFSC      STATUS, 2
0x0173	0x0AB6      	INCF       Glcd_Image_clan_niza_L0+1, 1
0x0174	0x0AB3      	INCF       Glcd_Image_col_L0, 1
0x0175	0x295C      	GOTO       L_Glcd_Image105
L_Glcd_Image106:
0x0176	0x0AB4      	INCF       Glcd_Image_pg_L0, 1
0x0177	0x292B      	GOTO       L_Glcd_Image100
L_Glcd_Image101:
L_end_Glcd_Image:
0x0178	0x0008      	RETURN
; end of _Glcd_Image
_Glcd_Write_Text:
0x0179	0x1283      	BCF        STATUS, 5
0x017A	0x1303      	BCF        STATUS, 6
0x017B	0x01B5      	CLRF       Glcd_Write_Text_i_L0
0x017C	0x082E      	MOVF       __Lib_Glcd_FontInitialized, 0
0x017D	0x3A00      	XORLW      0
0x017E	0x1D03      	BTFSS      STATUS, 2
0x017F	0x298C      	GOTO       L_Glcd_Write_Text28
0x0180	0x3005      	MOVLW      5
0x0181	0x00AC      	MOVWF      __Lib_Glcd_fontW
0x0182	0x3007      	MOVLW      7
0x0183	0x00AD      	MOVWF      __Lib_Glcd_fontH
0x0184	0x3011      	MOVLW      _font5x7
0x0185	0x00AA      	MOVWF      __Lib_Glcd_fontDef
0x0186	0x3006      	MOVLW      hi_addr(_font5x7)
0x0187	0x00AB      	MOVWF      __Lib_Glcd_fontDef+1
0x0188	0x3020      	MOVLW      32
0x0189	0x00AF      	MOVWF      __Lib_Glcd_fontOffset
0x018A	0x3000      	MOVLW      0
0x018B	0x00B0      	MOVWF      __Lib_Glcd_fontOffset+1
L_Glcd_Write_Text28:
L_Glcd_Write_Text29:
0x018C	0x0835      	MOVF       Glcd_Write_Text_i_L0, 0
0x018D	0x0731      	ADDWF      FARG_Glcd_Write_Text_text, 0
0x018E	0x0084      	MOVWF      FSR
0x018F	0x0800      	MOVF       INDF, 0
0x0190	0x1903      	BTFSC      STATUS, 2
0x0191	0x29A4      	GOTO       L_Glcd_Write_Text30
0x0192	0x0835      	MOVF       Glcd_Write_Text_i_L0, 0
0x0193	0x0731      	ADDWF      FARG_Glcd_Write_Text_text, 0
0x0194	0x0084      	MOVWF      FSR
0x0195	0x0800      	MOVF       INDF, 0
0x0196	0x00B7      	MOVWF      FARG_Glcd_Write_Char_chr
0x0197	0x0832      	MOVF       FARG_Glcd_Write_Text_x_pos, 0
0x0198	0x00B8      	MOVWF      FARG_Glcd_Write_Char_x_pos
0x0199	0x0833      	MOVF       FARG_Glcd_Write_Text_page_num, 0
0x019A	0x00B9      	MOVWF      FARG_Glcd_Write_Char_page_num
0x019B	0x0834      	MOVF       FARG_Glcd_Write_Text_color, 0
0x019C	0x00BA      	MOVWF      FARG_Glcd_Write_Char_color
0x019D	0x2092      	CALL       _Glcd_Write_Char
0x019E	0x0A2C      	INCF       __Lib_Glcd_fontW, 0
0x019F	0x00F0      	MOVWF      R0
0x01A0	0x0870      	MOVF       R0, 0
0x01A1	0x07B2      	ADDWF      FARG_Glcd_Write_Text_x_pos, 1
0x01A2	0x0AB5      	INCF       Glcd_Write_Text_i_L0, 1
0x01A3	0x298C      	GOTO       L_Glcd_Write_Text29
L_Glcd_Write_Text30:
L_end_Glcd_Write_Text:
0x01A4	0x0008      	RETURN
; end of _Glcd_Write_Text
_Glcd_Init:
0x01A5	0x1283      	BCF        STATUS, 5
0x01A6	0x1303      	BCF        STATUS, 6
0x01A7	0x01AE      	CLRF       __Lib_Glcd_FontInitialized
0x01A8	0x1683      	BSF        STATUS, 5
0x01A9	0x1007      	BCF        GLCD_RST_Direction, BitPos(GLCD_RST_Direction+0)
0x01AA	0x1087      	BCF        GLCD_EN_Direction, BitPos(GLCD_EN_Direction+0)
0x01AB	0x1187      	BCF        GLCD_RS_Direction, BitPos(GLCD_RS_Direction+0)
0x01AC	0x1107      	BCF        GLCD_RW_Direction, BitPos(GLCD_RW_Direction+0)
0x01AD	0x1287      	BCF        GLCD_CS1_Direction, BitPos(GLCD_CS1_Direction+0)
0x01AE	0x1207      	BCF        GLCD_CS2_Direction, BitPos(GLCD_CS2_Direction+0)
0x01AF	0x1283      	BCF        STATUS, 5
0x01B0	0x1007      	BCF        GLCD_RST, BitPos(GLCD_RST+0)
0x01B1	0x1683      	BSF        STATUS, 5
0x01B2	0x0186      	CLRF       GLCD_DataPort+128
0x01B3	0x1283      	BCF        STATUS, 5
0x01B4	0x1187      	BCF        GLCD_RS, BitPos(GLCD_RS+0)
0x01B5	0x1107      	BCF        GLCD_RW, BitPos(GLCD_RW+0)
0x01B6	0x1287      	BCF        GLCD_CS1, BitPos(GLCD_CS1+0)
0x01B7	0x1607      	BSF        GLCD_CS2, BitPos(GLCD_CS2+0)
0x01B8	0x1407      	BSF        GLCD_RST, BitPos(GLCD_RST+0)
0x01B9	0x303F      	MOVLW      63
0x01BA	0x0086      	MOVWF      GLCD_DataPort
0x01BB	0x200B      	CALL       __Lib_Glcd_Strobe
0x01BC	0x30C0      	MOVLW      192
0x01BD	0x0086      	MOVWF      GLCD_DataPort
0x01BE	0x200B      	CALL       __Lib_Glcd_Strobe
0x01BF	0x1687      	BSF        GLCD_CS1, BitPos(GLCD_CS1+0)
0x01C0	0x1207      	BCF        GLCD_CS2, BitPos(GLCD_CS2+0)
0x01C1	0x303F      	MOVLW      63
0x01C2	0x0086      	MOVWF      GLCD_DataPort
0x01C3	0x200B      	CALL       __Lib_Glcd_Strobe
0x01C4	0x30C0      	MOVLW      192
0x01C5	0x0086      	MOVWF      GLCD_DataPort
0x01C6	0x200B      	CALL       __Lib_Glcd_Strobe
L_end_Glcd_Init:
0x01C7	0x0008      	RETURN
; end of _Glcd_Init
___CC2DW:
_CC2D_Loop1:
0x01C8	0x2013      	CALL       _____DoICP
0x01C9	0x118A      	BCF        PCLATH, 3
0x01CA	0x120A      	BCF        PCLATH, 4
0x01CB	0x0080      	MOVWF      INDF
0x01CC	0x0A84      	INCF       FSR, 1
0x01CD	0x0AA8      	INCF       ___DoICPAddr, 1
0x01CE	0x1903      	BTFSC      STATUS, 2
0x01CF	0x0AA9      	INCF       ___DoICPAddr+1, 1
0x01D0	0x03F0      	DECF       R0, 1
0x01D1	0x1D03      	BTFSS      STATUS, 2
0x01D2	0x29C8      	GOTO       _CC2D_Loop1
L_end___CC2DW:
0x01D3	0x0008      	RETURN
; end of ___CC2DW
_main:
0x01D4	0x3057      	MOVLW      87
0x01D5	0x1283      	BCF        STATUS, 5
0x01D6	0x1303      	BCF        STATUS, 6
0x01D7	0x00A0      	MOVWF      ?lstr1_MyProject
0x01D8	0x3045      	MOVLW      69
0x01D9	0x00A1      	MOVWF      33
0x01DA	0x304C      	MOVLW      76
0x01DB	0x00A2      	MOVWF      34
0x01DC	0x3043      	MOVLW      67
0x01DD	0x00A3      	MOVWF      35
0x01DE	0x304F      	MOVLW      79
0x01DF	0x00A4      	MOVWF      36
0x01E0	0x304D      	MOVLW      77
0x01E1	0x00A5      	MOVWF      37
0x01E2	0x3045      	MOVLW      69
0x01E3	0x00A6      	MOVWF      38
0x01E4	0x01A7      	CLRF       39
0x01E5	0x21A5      	CALL       _Glcd_Init
0x01E6	0x3020      	MOVLW      ?lstr1_MyProject
0x01E7	0x00B1      	MOVWF      FARG_Glcd_Write_Text_text
0x01E8	0x302D      	MOVLW      45
0x01E9	0x00B2      	MOVWF      FARG_Glcd_Write_Text_x_pos
0x01EA	0x3003      	MOVLW      3
0x01EB	0x00B3      	MOVWF      FARG_Glcd_Write_Text_page_num
0x01EC	0x01B4      	CLRF       FARG_Glcd_Write_Text_color
0x01ED	0x2179      	CALL       _Glcd_Write_Text
0x01EE	0x300B      	MOVLW      11
0x01EF	0x00FB      	MOVWF      R11
0x01F0	0x3026      	MOVLW      38
0x01F1	0x00FC      	MOVWF      R12
0x01F2	0x305D      	MOVLW      93
0x01F3	0x00FD      	MOVWF      R13
L_main0:
0x01F4	0x0BFD      	DECFSZ     R13, 1
0x01F5	0x29F4      	GOTO       L_main0
0x01F6	0x0BFC      	DECFSZ     R12, 1
0x01F7	0x29F4      	GOTO       L_main0
0x01F8	0x0BFB      	DECFSZ     R11, 1
0x01F9	0x29F4      	GOTO       L_main0
0x01FA	0x0000      	NOP
0x01FB	0x0000      	NOP
0x01FC	0x3011      	MOVLW      _jy
0x01FD	0x00B1      	MOVWF      FARG_Glcd_Image_image
0x01FE	0x3002      	MOVLW      hi_addr(_jy)
0x01FF	0x00B2      	MOVWF      FARG_Glcd_Image_image+1
0x0200	0x2126      	CALL       _Glcd_Image
0x0201	0x300B      	MOVLW      11
0x0202	0x00FB      	MOVWF      R11
0x0203	0x3026      	MOVLW      38
0x0204	0x00FC      	MOVWF      R12
0x0205	0x305D      	MOVLW      93
0x0206	0x00FD      	MOVWF      R13
L_main1:
0x0207	0x0BFD      	DECFSZ     R13, 1
0x0208	0x2A07      	GOTO       L_main1
0x0209	0x0BFC      	DECFSZ     R12, 1
0x020A	0x2A07      	GOTO       L_main1
0x020B	0x0BFB      	DECFSZ     R11, 1
0x020C	0x2A07      	GOTO       L_main1
0x020D	0x0000      	NOP
0x020E	0x0000      	NOP
L_main2:
0x020F	0x2A0F      	GOTO       L_main2
L_end_main:
0x0210	0x2A10      	GOTO       $+0
; end of _main
;MyProject.c,16 :: _jy
0x0211	0x3400 ;_jy+0
0x0212	0x3400 ;_jy+1
0x0213	0x3400 ;_jy+2
0x0214	0x3400 ;_jy+3
0x0215	0x3400 ;_jy+4
0x0216	0x3400 ;_jy+5
0x0217	0x3400 ;_jy+6
0x0218	0x3400 ;_jy+7
0x0219	0x3400 ;_jy+8
0x021A	0x3400 ;_jy+9
0x021B	0x3400 ;_jy+10
0x021C	0x3400 ;_jy+11
0x021D	0x3400 ;_jy+12
0x021E	0x3400 ;_jy+13
0x021F	0x3400 ;_jy+14
0x0220	0x3400 ;_jy+15
0x0221	0x3400 ;_jy+16
0x0222	0x3400 ;_jy+17
0x0223	0x3400 ;_jy+18
0x0224	0x3400 ;_jy+19
0x0225	0x3400 ;_jy+20
0x0226	0x3400 ;_jy+21
0x0227	0x3400 ;_jy+22
0x0228	0x3400 ;_jy+23
0x0229	0x3400 ;_jy+24
0x022A	0x3400 ;_jy+25
0x022B	0x3400 ;_jy+26
0x022C	0x3400 ;_jy+27
0x022D	0x3400 ;_jy+28
0x022E	0x3400 ;_jy+29
0x022F	0x3400 ;_jy+30
0x0230	0x3400 ;_jy+31
0x0231	0x3400 ;_jy+32
0x0232	0x3400 ;_jy+33
0x0233	0x3400 ;_jy+34
0x0234	0x3400 ;_jy+35
0x0235	0x3400 ;_jy+36
0x0236	0x3400 ;_jy+37
0x0237	0x3400 ;_jy+38
0x0238	0x3400 ;_jy+39
0x0239	0x3400 ;_jy+40
0x023A	0x3400 ;_jy+41
0x023B	0x3400 ;_jy+42
0x023C	0x3400 ;_jy+43
0x023D	0x3400 ;_jy+44
0x023E	0x3400 ;_jy+45
0x023F	0x3400 ;_jy+46
0x0240	0x3400 ;_jy+47
0x0241	0x3400 ;_jy+48
0x0242	0x3400 ;_jy+49
0x0243	0x3400 ;_jy+50
0x0244	0x3400 ;_jy+51
0x0245	0x3400 ;_jy+52
0x0246	0x3400 ;_jy+53
0x0247	0x3400 ;_jy+54
0x0248	0x3400 ;_jy+55
0x0249	0x3400 ;_jy+56
0x024A	0x3400 ;_jy+57
0x024B	0x3400 ;_jy+58
0x024C	0x3400 ;_jy+59
0x024D	0x3400 ;_jy+60
0x024E	0x3400 ;_jy+61
0x024F	0x3400 ;_jy+62
0x0250	0x3400 ;_jy+63
0x0251	0x3400 ;_jy+64
0x0252	0x3400 ;_jy+65
0x0253	0x3400 ;_jy+66
0x0254	0x3400 ;_jy+67
0x0255	0x3400 ;_jy+68
0x0256	0x3400 ;_jy+69
0x0257	0x3400 ;_jy+70
0x0258	0x3400 ;_jy+71
0x0259	0x3400 ;_jy+72
0x025A	0x3400 ;_jy+73
0x025B	0x3400 ;_jy+74
0x025C	0x3400 ;_jy+75
0x025D	0x3400 ;_jy+76
0x025E	0x3400 ;_jy+77
0x025F	0x3400 ;_jy+78
0x0260	0x3400 ;_jy+79
0x0261	0x3400 ;_jy+80
0x0262	0x3400 ;_jy+81
0x0263	0x3400 ;_jy+82
0x0264	0x3400 ;_jy+83
0x0265	0x3400 ;_jy+84
0x0266	0x3400 ;_jy+85
0x0267	0x3400 ;_jy+86
0x0268	0x3400 ;_jy+87
0x0269	0x3400 ;_jy+88
0x026A	0x3400 ;_jy+89
0x026B	0x3400 ;_jy+90
0x026C	0x3400 ;_jy+91
0x026D	0x3400 ;_jy+92
0x026E	0x3400 ;_jy+93
0x026F	0x3400 ;_jy+94
0x0270	0x3400 ;_jy+95
0x0271	0x3400 ;_jy+96
0x0272	0x3400 ;_jy+97
0x0273	0x3400 ;_jy+98
0x0274	0x3400 ;_jy+99
0x0275	0x3400 ;_jy+100
0x0276	0x3400 ;_jy+101
0x0277	0x3400 ;_jy+102
0x0278	0x3400 ;_jy+103
0x0279	0x3400 ;_jy+104
0x027A	0x3400 ;_jy+105
0x027B	0x3400 ;_jy+106
0x027C	0x3400 ;_jy+107
0x027D	0x3400 ;_jy+108
0x027E	0x3400 ;_jy+109
0x027F	0x3400 ;_jy+110
0x0280	0x3400 ;_jy+111
0x0281	0x3400 ;_jy+112
0x0282	0x3400 ;_jy+113
0x0283	0x3400 ;_jy+114
0x0284	0x3400 ;_jy+115
0x0285	0x3400 ;_jy+116
0x0286	0x3400 ;_jy+117
0x0287	0x3400 ;_jy+118
0x0288	0x3400 ;_jy+119
0x0289	0x3400 ;_jy+120
0x028A	0x3400 ;_jy+121
0x028B	0x3400 ;_jy+122
0x028C	0x3400 ;_jy+123
0x028D	0x3400 ;_jy+124
0x028E	0x3400 ;_jy+125
0x028F	0x3400 ;_jy+126
0x0290	0x3400 ;_jy+127
0x0291	0x3400 ;_jy+128
0x0292	0x3400 ;_jy+129
0x0293	0x3400 ;_jy+130
0x0294	0x3400 ;_jy+131
0x0295	0x3400 ;_jy+132
0x0296	0x3400 ;_jy+133
0x0297	0x3400 ;_jy+134
0x0298	0x3400 ;_jy+135
0x0299	0x3400 ;_jy+136
0x029A	0x3400 ;_jy+137
0x029B	0x3400 ;_jy+138
0x029C	0x3400 ;_jy+139
0x029D	0x3400 ;_jy+140
0x029E	0x3400 ;_jy+141
0x029F	0x3400 ;_jy+142
0x02A0	0x3400 ;_jy+143
0x02A1	0x3400 ;_jy+144
0x02A2	0x3400 ;_jy+145
0x02A3	0x3400 ;_jy+146
0x02A4	0x3400 ;_jy+147
0x02A5	0x3400 ;_jy+148
0x02A6	0x3400 ;_jy+149
0x02A7	0x3400 ;_jy+150
0x02A8	0x3400 ;_jy+151
0x02A9	0x3400 ;_jy+152
0x02AA	0x3400 ;_jy+153
0x02AB	0x3400 ;_jy+154
0x02AC	0x3400 ;_jy+155
0x02AD	0x3400 ;_jy+156
0x02AE	0x3400 ;_jy+157
0x02AF	0x3400 ;_jy+158
0x02B0	0x3400 ;_jy+159
0x02B1	0x3400 ;_jy+160
0x02B2	0x3400 ;_jy+161
0x02B3	0x3400 ;_jy+162
0x02B4	0x3400 ;_jy+163
0x02B5	0x3400 ;_jy+164
0x02B6	0x3400 ;_jy+165
0x02B7	0x3400 ;_jy+166
0x02B8	0x3400 ;_jy+167
0x02B9	0x3400 ;_jy+168
0x02BA	0x3400 ;_jy+169
0x02BB	0x3400 ;_jy+170
0x02BC	0x3400 ;_jy+171
0x02BD	0x3400 ;_jy+172
0x02BE	0x3400 ;_jy+173
0x02BF	0x3400 ;_jy+174
0x02C0	0x3400 ;_jy+175
0x02C1	0x3400 ;_jy+176
0x02C2	0x3400 ;_jy+177
0x02C3	0x3400 ;_jy+178
0x02C4	0x3400 ;_jy+179
0x02C5	0x3400 ;_jy+180
0x02C6	0x3400 ;_jy+181
0x02C7	0x3400 ;_jy+182
0x02C8	0x3400 ;_jy+183
0x02C9	0x3400 ;_jy+184
0x02CA	0x3400 ;_jy+185
0x02CB	0x3400 ;_jy+186
0x02CC	0x3400 ;_jy+187
0x02CD	0x3400 ;_jy+188
0x02CE	0x3400 ;_jy+189
0x02CF	0x3400 ;_jy+190
0x02D0	0x3400 ;_jy+191
0x02D1	0x3400 ;_jy+192
0x02D2	0x3400 ;_jy+193
0x02D3	0x3400 ;_jy+194
0x02D4	0x3400 ;_jy+195
0x02D5	0x3400 ;_jy+196
0x02D6	0x3400 ;_jy+197
0x02D7	0x3480 ;_jy+198
0x02D8	0x3480 ;_jy+199
0x02D9	0x34C0 ;_jy+200
0x02DA	0x34C0 ;_jy+201
0x02DB	0x34C0 ;_jy+202
0x02DC	0x34C0 ;_jy+203
0x02DD	0x34C0 ;_jy+204
0x02DE	0x34E0 ;_jy+205
0x02DF	0x34E0 ;_jy+206
0x02E0	0x34E0 ;_jy+207
0x02E1	0x34E0 ;_jy+208
0x02E2	0x34E0 ;_jy+209
0x02E3	0x34E0 ;_jy+210
0x02E4	0x34E0 ;_jy+211
0x02E5	0x34E0 ;_jy+212
0x02E6	0x34E0 ;_jy+213
0x02E7	0x34C0 ;_jy+214
0x02E8	0x34C0 ;_jy+215
0x02E9	0x34C0 ;_jy+216
0x02EA	0x34C0 ;_jy+217
0x02EB	0x34C0 ;_jy+218
0x02EC	0x3480 ;_jy+219
0x02ED	0x3480 ;_jy+220
0x02EE	0x3400 ;_jy+221
0x02EF	0x3400 ;_jy+222
0x02F0	0x3400 ;_jy+223
0x02F1	0x3400 ;_jy+224
0x02F2	0x3400 ;_jy+225
0x02F3	0x3400 ;_jy+226
0x02F4	0x3400 ;_jy+227
0x02F5	0x3400 ;_jy+228
0x02F6	0x3400 ;_jy+229
0x02F7	0x3400 ;_jy+230
0x02F8	0x3400 ;_jy+231
0x02F9	0x3400 ;_jy+232
0x02FA	0x3400 ;_jy+233
0x02FB	0x3400 ;_jy+234
0x02FC	0x3400 ;_jy+235
0x02FD	0x3400 ;_jy+236
0x02FE	0x3400 ;_jy+237
0x02FF	0x3400 ;_jy+238
0x0300	0x3400 ;_jy+239
0x0301	0x3400 ;_jy+240
0x0302	0x3400 ;_jy+241
0x0303	0x3400 ;_jy+242
0x0304	0x3400 ;_jy+243
0x0305	0x3400 ;_jy+244
0x0306	0x3400 ;_jy+245
0x0307	0x3400 ;_jy+246
0x0308	0x3400 ;_jy+247
0x0309	0x3400 ;_jy+248
0x030A	0x3400 ;_jy+249
0x030B	0x3400 ;_jy+250
0x030C	0x3400 ;_jy+251
0x030D	0x3400 ;_jy+252
0x030E	0x3400 ;_jy+253
0x030F	0x3400 ;_jy+254
0x0310	0x3400 ;_jy+255
0x0311	0x3400 ;_jy+256
0x0312	0x3400 ;_jy+257
0x0313	0x3400 ;_jy+258
0x0314	0x3400 ;_jy+259
0x0315	0x3400 ;_jy+260
0x0316	0x3400 ;_jy+261
0x0317	0x3400 ;_jy+262
0x0318	0x3400 ;_jy+263
0x0319	0x3400 ;_jy+264
0x031A	0x3400 ;_jy+265
0x031B	0x3400 ;_jy+266
0x031C	0x3400 ;_jy+267
0x031D	0x3400 ;_jy+268
0x031E	0x3400 ;_jy+269
0x031F	0x3400 ;_jy+270
0x0320	0x3400 ;_jy+271
0x0321	0x3400 ;_jy+272
0x0322	0x3400 ;_jy+273
0x0323	0x3400 ;_jy+274
0x0324	0x3400 ;_jy+275
0x0325	0x3400 ;_jy+276
0x0326	0x3400 ;_jy+277
0x0327	0x3400 ;_jy+278
0x0328	0x3400 ;_jy+279
0x0329	0x3400 ;_jy+280
0x032A	0x3400 ;_jy+281
0x032B	0x3400 ;_jy+282
0x032C	0x3400 ;_jy+283
0x032D	0x3400 ;_jy+284
0x032E	0x3400 ;_jy+285
0x032F	0x3400 ;_jy+286
0x0330	0x3400 ;_jy+287
0x0331	0x3400 ;_jy+288
0x0332	0x3400 ;_jy+289
0x0333	0x3400 ;_jy+290
0x0334	0x3400 ;_jy+291
0x0335	0x3400 ;_jy+292
0x0336	0x3400 ;_jy+293
0x0337	0x3400 ;_jy+294
0x0338	0x3400 ;_jy+295
0x0339	0x3400 ;_jy+296
0x033A	0x3400 ;_jy+297
0x033B	0x3400 ;_jy+298
0x033C	0x3400 ;_jy+299
0x033D	0x3400 ;_jy+300
0x033E	0x3400 ;_jy+301
0x033F	0x3400 ;_jy+302
0x0340	0x3400 ;_jy+303
0x0341	0x3400 ;_jy+304
0x0342	0x3400 ;_jy+305
0x0343	0x3400 ;_jy+306
0x0344	0x3400 ;_jy+307
0x0345	0x3400 ;_jy+308
0x0346	0x3400 ;_jy+309
0x0347	0x3400 ;_jy+310
0x0348	0x3400 ;_jy+311
0x0349	0x3400 ;_jy+312
0x034A	0x3400 ;_jy+313
0x034B	0x3400 ;_jy+314
0x034C	0x3400 ;_jy+315
0x034D	0x3400 ;_jy+316
0x034E	0x3400 ;_jy+317
0x034F	0x3440 ;_jy+318
0x0350	0x3430 ;_jy+319
0x0351	0x3418 ;_jy+320
0x0352	0x341C ;_jy+321
0x0353	0x340C ;_jy+322
0x0354	0x3406 ;_jy+323
0x0355	0x3407 ;_jy+324
0x0356	0x3403 ;_jy+325
0x0357	0x3403 ;_jy+326
0x0358	0x3401 ;_jy+327
0x0359	0x3407 ;_jy+328
0x035A	0x347F ;_jy+329
0x035B	0x3401 ;_jy+330
0x035C	0x3401 ;_jy+331
0x035D	0x3400 ;_jy+332
0x035E	0x3400 ;_jy+333
0x035F	0x3400 ;_jy+334
0x0360	0x3400 ;_jy+335
0x0361	0x3470 ;_jy+336
0x0362	0x341C ;_jy+337
0x0363	0x340C ;_jy+338
0x0364	0x3401 ;_jy+339
0x0365	0x3401 ;_jy+340
0x0366	0x3401 ;_jy+341
0x0367	0x3481 ;_jy+342
0x0368	0x34C1 ;_jy+343
0x0369	0x3443 ;_jy+344
0x036A	0x3463 ;_jy+345
0x036B	0x3437 ;_jy+346
0x036C	0x3407 ;_jy+347
0x036D	0x340F ;_jy+348
0x036E	0x340F ;_jy+349
0x036F	0x341F ;_jy+350
0x0370	0x343F ;_jy+351
0x0371	0x347E ;_jy+352
0x0372	0x34FC ;_jy+353
0x0373	0x34F8 ;_jy+354
0x0374	0x34F8 ;_jy+355
0x0375	0x34E0 ;_jy+356
0x0376	0x34C0 ;_jy+357
0x0377	0x3400 ;_jy+358
0x0378	0x3400 ;_jy+359
0x0379	0x3400 ;_jy+360
0x037A	0x3400 ;_jy+361
0x037B	0x3400 ;_jy+362
0x037C	0x3400 ;_jy+363
0x037D	0x3400 ;_jy+364
0x037E	0x3400 ;_jy+365
0x037F	0x3400 ;_jy+366
0x0380	0x3400 ;_jy+367
0x0381	0x3400 ;_jy+368
0x0382	0x3400 ;_jy+369
0x0383	0x3400 ;_jy+370
0x0384	0x3400 ;_jy+371
0x0385	0x3400 ;_jy+372
0x0386	0x3400 ;_jy+373
0x0387	0x3400 ;_jy+374
0x0388	0x3400 ;_jy+375
0x0389	0x3400 ;_jy+376
0x038A	0x3400 ;_jy+377
0x038B	0x3400 ;_jy+378
0x038C	0x3400 ;_jy+379
0x038D	0x3400 ;_jy+380
0x038E	0x3400 ;_jy+381
0x038F	0x3400 ;_jy+382
0x0390	0x3400 ;_jy+383
0x0391	0x3400 ;_jy+384
0x0392	0x3400 ;_jy+385
0x0393	0x3400 ;_jy+386
0x0394	0x3400 ;_jy+387
0x0395	0x3400 ;_jy+388
0x0396	0x3400 ;_jy+389
0x0397	0x3400 ;_jy+390
0x0398	0x3400 ;_jy+391
0x0399	0x3400 ;_jy+392
0x039A	0x3400 ;_jy+393
0x039B	0x3400 ;_jy+394
0x039C	0x3400 ;_jy+395
0x039D	0x3400 ;_jy+396
0x039E	0x3400 ;_jy+397
0x039F	0x3400 ;_jy+398
0x03A0	0x3400 ;_jy+399
0x03A1	0x3400 ;_jy+400
0x03A2	0x3400 ;_jy+401
0x03A3	0x3400 ;_jy+402
0x03A4	0x3400 ;_jy+403
0x03A5	0x3400 ;_jy+404
0x03A6	0x3400 ;_jy+405
0x03A7	0x3400 ;_jy+406
0x03A8	0x3400 ;_jy+407
0x03A9	0x3400 ;_jy+408
0x03AA	0x3400 ;_jy+409
0x03AB	0x3400 ;_jy+410
0x03AC	0x3400 ;_jy+411
0x03AD	0x3400 ;_jy+412
0x03AE	0x34FE ;_jy+413
0x03AF	0x34FE ;_jy+414
0x03B0	0x34FE ;_jy+415
0x03B1	0x34FE ;_jy+416
0x03B2	0x34FE ;_jy+417
0x03B3	0x34FE ;_jy+418
0x03B4	0x34FE ;_jy+419
0x03B5	0x34FE ;_jy+420
0x03B6	0x34FE ;_jy+421
0x03B7	0x34FE ;_jy+422
0x03B8	0x34FE ;_jy+423
0x03B9	0x34FE ;_jy+424
0x03BA	0x34FE ;_jy+425
0x03BB	0x34F8 ;_jy+426
0x03BC	0x34F0 ;_jy+427
0x03BD	0x34C0 ;_jy+428
0x03BE	0x3480 ;_jy+429
0x03BF	0x3400 ;_jy+430
0x03C0	0x3400 ;_jy+431
0x03C1	0x3400 ;_jy+432
0x03C2	0x3400 ;_jy+433
0x03C3	0x3400 ;_jy+434
0x03C4	0x3400 ;_jy+435
0x03C5	0x3400 ;_jy+436
0x03C6	0x3480 ;_jy+437
0x03C7	0x34C0 ;_jy+438
0x03C8	0x34E0 ;_jy+439
0x03C9	0x34F8 ;_jy+440
0x03CA	0x34FC ;_jy+441
0x03CB	0x34FE ;_jy+442
0x03CC	0x34FE ;_jy+443
0x03CD	0x34FE ;_jy+444
0x03CE	0x34FE ;_jy+445
0x03CF	0x347E ;_jy+446
0x03D0	0x34BE ;_jy+447
0x03D1	0x343E ;_jy+448
0x03D2	0x343E ;_jy+449
0x03D3	0x343E ;_jy+450
0x03D4	0x343E ;_jy+451
0x03D5	0x343E ;_jy+452
0x03D6	0x343E ;_jy+453
0x03D7	0x343E ;_jy+454
0x03D8	0x343E ;_jy+455
0x03D9	0x34BE ;_jy+456
0x03DA	0x34BE ;_jy+457
0x03DB	0x34BE ;_jy+458
0x03DC	0x34FE ;_jy+459
0x03DD	0x34FE ;_jy+460
0x03DE	0x34FE ;_jy+461
0x03DF	0x346E ;_jy+462
0x03E0	0x343E ;_jy+463
0x03E1	0x347E ;_jy+464
0x03E2	0x34FA ;_jy+465
0x03E3	0x34FE ;_jy+466
0x03E4	0x34FE ;_jy+467
0x03E5	0x34FE ;_jy+468
0x03E6	0x34FF ;_jy+469
0x03E7	0x34F9 ;_jy+470
0x03E8	0x34F0 ;_jy+471
0x03E9	0x34C0 ;_jy+472
0x03EA	0x3408 ;_jy+473
0x03EB	0x3408 ;_jy+474
0x03EC	0x348C ;_jy+475
0x03ED	0x3484 ;_jy+476
0x03EE	0x3484 ;_jy+477
0x03EF	0x3486 ;_jy+478
0x03F0	0x3482 ;_jy+479
0x03F1	0x3480 ;_jy+480
0x03F2	0x3480 ;_jy+481
0x03F3	0x3403 ;_jy+482
0x03F4	0x34FF ;_jy+483
0x03F5	0x34FF ;_jy+484
0x03F6	0x34FF ;_jy+485
0x03F7	0x347E ;_jy+486
0x03F8	0x3400 ;_jy+487
0x03F9	0x3400 ;_jy+488
0x03FA	0x3400 ;_jy+489
0x03FB	0x3400 ;_jy+490
0x03FC	0x3400 ;_jy+491
0x03FD	0x3400 ;_jy+492
0x03FE	0x3400 ;_jy+493
0x03FF	0x3400 ;_jy+494
0x0400	0x3400 ;_jy+495
0x0401	0x3400 ;_jy+496
0x0402	0x3400 ;_jy+497
0x0403	0x3400 ;_jy+498
0x0404	0x3400 ;_jy+499
0x0405	0x3400 ;_jy+500
0x0406	0x3400 ;_jy+501
0x0407	0x3400 ;_jy+502
0x0408	0x3400 ;_jy+503
0x0409	0x3400 ;_jy+504
0x040A	0x3400 ;_jy+505
0x040B	0x3400 ;_jy+506
0x040C	0x3400 ;_jy+507
0x040D	0x3400 ;_jy+508
0x040E	0x3400 ;_jy+509
0x040F	0x3400 ;_jy+510
0x0410	0x3400 ;_jy+511
0x0411	0x3400 ;_jy+512
0x0412	0x3400 ;_jy+513
0x0413	0x3400 ;_jy+514
0x0414	0x3400 ;_jy+515
0x0415	0x3400 ;_jy+516
0x0416	0x3400 ;_jy+517
0x0417	0x3400 ;_jy+518
0x0418	0x3400 ;_jy+519
0x0419	0x3400 ;_jy+520
0x041A	0x3400 ;_jy+521
0x041B	0x3400 ;_jy+522
0x041C	0x3400 ;_jy+523
0x041D	0x3400 ;_jy+524
0x041E	0x3400 ;_jy+525
0x041F	0x3400 ;_jy+526
0x0420	0x3400 ;_jy+527
0x0421	0x3400 ;_jy+528
0x0422	0x3400 ;_jy+529
0x0423	0x3400 ;_jy+530
0x0424	0x3400 ;_jy+531
0x0425	0x3400 ;_jy+532
0x0426	0x3400 ;_jy+533
0x0427	0x3400 ;_jy+534
0x0428	0x3400 ;_jy+535
0x0429	0x3400 ;_jy+536
0x042A	0x3400 ;_jy+537
0x042B	0x3400 ;_jy+538
0x042C	0x3400 ;_jy+539
0x042D	0x3400 ;_jy+540
0x042E	0x34FF ;_jy+541
0x042F	0x34FF ;_jy+542
0x0430	0x34FF ;_jy+543
0x0431	0x34FF ;_jy+544
0x0432	0x34FF ;_jy+545
0x0433	0x34FF ;_jy+546
0x0434	0x34FF ;_jy+547
0x0435	0x34FF ;_jy+548
0x0436	0x3400 ;_jy+549
0x0437	0x3401 ;_jy+550
0x0438	0x3403 ;_jy+551
0x0439	0x3407 ;_jy+552
0x043A	0x341F ;_jy+553
0x043B	0x343F ;_jy+554
0x043C	0x34FF ;_jy+555
0x043D	0x34FF ;_jy+556
0x043E	0x34FF ;_jy+557
0x043F	0x34FF ;_jy+558
0x0440	0x34FC ;_jy+559
0x0441	0x34F8 ;_jy+560
0x0442	0x34E0 ;_jy+561
0x0443	0x34F8 ;_jy+562
0x0444	0x34FC ;_jy+563
0x0445	0x34FE ;_jy+564
0x0446	0x34FF ;_jy+565
0x0447	0x34FF ;_jy+566
0x0448	0x34FF ;_jy+567
0x0449	0x34BF ;_jy+568
0x044A	0x34DF ;_jy+569
0x044B	0x34FF ;_jy+570
0x044C	0x34FB ;_jy+571
0x044D	0x34FD ;_jy+572
0x044E	0x34FE ;_jy+573
0x044F	0x34FF ;_jy+574
0x0450	0x34FF ;_jy+575
0x0451	0x34C0 ;_jy+576
0x0452	0x34C0 ;_jy+577
0x0453	0x34C0 ;_jy+578
0x0454	0x34C0 ;_jy+579
0x0455	0x34CC ;_jy+580
0x0456	0x34DE ;_jy+581
0x0457	0x34FF ;_jy+582
0x0458	0x34CF ;_jy+583
0x0459	0x34CF ;_jy+584
0x045A	0x34CF ;_jy+585
0x045B	0x34CF ;_jy+586
0x045C	0x34C7 ;_jy+587
0x045D	0x34C1 ;_jy+588
0x045E	0x34C0 ;_jy+589
0x045F	0x34C0 ;_jy+590
0x0460	0x34E0 ;_jy+591
0x0461	0x34E0 ;_jy+592
0x0462	0x34FF ;_jy+593
0x0463	0x34FF ;_jy+594
0x0464	0x34FF ;_jy+595
0x0465	0x34FF ;_jy+596
0x0466	0x34FF ;_jy+597
0x0467	0x34FF ;_jy+598
0x0468	0x34FF ;_jy+599
0x0469	0x341F ;_jy+600
0x046A	0x3400 ;_jy+601
0x046B	0x3400 ;_jy+602
0x046C	0x3400 ;_jy+603
0x046D	0x3400 ;_jy+604
0x046E	0x3480 ;_jy+605
0x046F	0x34C0 ;_jy+606
0x0470	0x34E0 ;_jy+607
0x0471	0x3460 ;_jy+608
0x0472	0x3438 ;_jy+609
0x0473	0x343E ;_jy+610
0x0474	0x341F ;_jy+611
0x0475	0x3407 ;_jy+612
0x0476	0x3403 ;_jy+613
0x0477	0x3400 ;_jy+614
0x0478	0x3400 ;_jy+615
0x0479	0x3400 ;_jy+616
0x047A	0x3400 ;_jy+617
0x047B	0x3400 ;_jy+618
0x047C	0x3400 ;_jy+619
0x047D	0x3400 ;_jy+620
0x047E	0x3400 ;_jy+621
0x047F	0x3400 ;_jy+622
0x0480	0x3400 ;_jy+623
0x0481	0x3400 ;_jy+624
0x0482	0x3400 ;_jy+625
0x0483	0x3400 ;_jy+626
0x0484	0x3400 ;_jy+627
0x0485	0x3400 ;_jy+628
0x0486	0x3400 ;_jy+629
0x0487	0x3400 ;_jy+630
0x0488	0x3400 ;_jy+631
0x0489	0x3400 ;_jy+632
0x048A	0x3400 ;_jy+633
0x048B	0x3400 ;_jy+634
0x048C	0x3400 ;_jy+635
0x048D	0x3400 ;_jy+636
0x048E	0x3400 ;_jy+637
0x048F	0x3400 ;_jy+638
0x0490	0x3400 ;_jy+639
0x0491	0x3400 ;_jy+640
0x0492	0x3400 ;_jy+641
0x0493	0x3400 ;_jy+642
0x0494	0x3400 ;_jy+643
0x0495	0x3400 ;_jy+644
0x0496	0x3400 ;_jy+645
0x0497	0x3400 ;_jy+646
0x0498	0x3400 ;_jy+647
0x0499	0x3400 ;_jy+648
0x049A	0x3400 ;_jy+649
0x049B	0x3400 ;_jy+650
0x049C	0x3400 ;_jy+651
0x049D	0x3400 ;_jy+652
0x049E	0x3400 ;_jy+653
0x049F	0x3400 ;_jy+654
0x04A0	0x3400 ;_jy+655
0x04A1	0x3400 ;_jy+656
0x04A2	0x3400 ;_jy+657
0x04A3	0x3400 ;_jy+658
0x04A4	0x3400 ;_jy+659
0x04A5	0x3400 ;_jy+660
0x04A6	0x3400 ;_jy+661
0x04A7	0x3400 ;_jy+662
0x04A8	0x3400 ;_jy+663
0x04A9	0x3400 ;_jy+664
0x04AA	0x3400 ;_jy+665
0x04AB	0x3400 ;_jy+666
0x04AC	0x3400 ;_jy+667
0x04AD	0x3400 ;_jy+668
0x04AE	0x34C7 ;_jy+669
0x04AF	0x34F7 ;_jy+670
0x04B0	0x34F7 ;_jy+671
0x04B1	0x3477 ;_jy+672
0x04B2	0x34F7 ;_jy+673
0x04B3	0x34F7 ;_jy+674
0x04B4	0x34C7 ;_jy+675
0x04B5	0x3407 ;_jy+676
0x04B6	0x34F0 ;_jy+677
0x04B7	0x34F0 ;_jy+678
0x04B8	0x34F0 ;_jy+679
0x04B9	0x3400 ;_jy+680
0x04BA	0x3400 ;_jy+681
0x04BB	0x34F0 ;_jy+682
0x04BC	0x34F0 ;_jy+683
0x04BD	0x34F0 ;_jy+684
0x04BE	0x3403 ;_jy+685
0x04BF	0x3437 ;_jy+686
0x04C0	0x3437 ;_jy+687
0x04C1	0x34F7 ;_jy+688
0x04C2	0x34F7 ;_jy+689
0x04C3	0x34F7 ;_jy+690
0x04C4	0x3437 ;_jy+691
0x04C5	0x3437 ;_jy+692
0x04C6	0x3403 ;_jy+693
0x04C7	0x34F1 ;_jy+694
0x04C8	0x34F0 ;_jy+695
0x04C9	0x34F7 ;_jy+696
0x04CA	0x3437 ;_jy+697
0x04CB	0x3437 ;_jy+698
0x04CC	0x34F7 ;_jy+699
0x04CD	0x34F7 ;_jy+700
0x04CE	0x34E7 ;_jy+701
0x04CF	0x3407 ;_jy+702
0x04D0	0x34F7 ;_jy+703
0x04D1	0x34F7 ;_jy+704
0x04D2	0x34F7 ;_jy+705
0x04D3	0x3437 ;_jy+706
0x04D4	0x3437 ;_jy+707
0x04D5	0x34F7 ;_jy+708
0x04D6	0x34F7 ;_jy+709
0x04D7	0x34C7 ;_jy+710
0x04D8	0x34E7 ;_jy+711
0x04D9	0x34F7 ;_jy+712
0x04DA	0x34F7 ;_jy+713
0x04DB	0x3437 ;_jy+714
0x04DC	0x3437 ;_jy+715
0x04DD	0x34F7 ;_jy+716
0x04DE	0x34F7 ;_jy+717
0x04DF	0x34F7 ;_jy+718
0x04E0	0x3407 ;_jy+719
0x04E1	0x34F7 ;_jy+720
0x04E2	0x34F7 ;_jy+721
0x04E3	0x34F7 ;_jy+722
0x04E4	0x3433 ;_jy+723
0x04E5	0x3433 ;_jy+724
0x04E6	0x34F1 ;_jy+725
0x04E7	0x34F0 ;_jy+726
0x04E8	0x34F0 ;_jy+727
0x04E9	0x3400 ;_jy+728
0x04EA	0x34F0 ;_jy+729
0x04EB	0x34F0 ;_jy+730
0x04EC	0x34F3 ;_jy+731
0x04ED	0x34F1 ;_jy+732
0x04EE	0x34F1 ;_jy+733
0x04EF	0x34F0 ;_jy+734
0x04F0	0x34F0 ;_jy+735
0x04F1	0x3400 ;_jy+736
0x04F2	0x3460 ;_jy+737
0x04F3	0x34F0 ;_jy+738
0x04F4	0x34F0 ;_jy+739
0x04F5	0x34F0 ;_jy+740
0x04F6	0x34F0 ;_jy+741
0x04F7	0x34F0 ;_jy+742
0x04F8	0x34F0 ;_jy+743
0x04F9	0x34F0 ;_jy+744
0x04FA	0x3400 ;_jy+745
0x04FB	0x3400 ;_jy+746
0x04FC	0x3400 ;_jy+747
0x04FD	0x3400 ;_jy+748
0x04FE	0x3400 ;_jy+749
0x04FF	0x3400 ;_jy+750
0x0500	0x3400 ;_jy+751
0x0501	0x3400 ;_jy+752
0x0502	0x3400 ;_jy+753
0x0503	0x3400 ;_jy+754
0x0504	0x3400 ;_jy+755
0x0505	0x3400 ;_jy+756
0x0506	0x3400 ;_jy+757
0x0507	0x3400 ;_jy+758
0x0508	0x3400 ;_jy+759
0x0509	0x3400 ;_jy+760
0x050A	0x3400 ;_jy+761
0x050B	0x3400 ;_jy+762
0x050C	0x3400 ;_jy+763
0x050D	0x3400 ;_jy+764
0x050E	0x3400 ;_jy+765
0x050F	0x3400 ;_jy+766
0x0510	0x3400 ;_jy+767
0x0511	0x3400 ;_jy+768
0x0512	0x3400 ;_jy+769
0x0513	0x3400 ;_jy+770
0x0514	0x3400 ;_jy+771
0x0515	0x3400 ;_jy+772
0x0516	0x3400 ;_jy+773
0x0517	0x3400 ;_jy+774
0x0518	0x3400 ;_jy+775
0x0519	0x3400 ;_jy+776
0x051A	0x3400 ;_jy+777
0x051B	0x3400 ;_jy+778
0x051C	0x3400 ;_jy+779
0x051D	0x3400 ;_jy+780
0x051E	0x3400 ;_jy+781
0x051F	0x3400 ;_jy+782
0x0520	0x3400 ;_jy+783
0x0521	0x3400 ;_jy+784
0x0522	0x3400 ;_jy+785
0x0523	0x3400 ;_jy+786
0x0524	0x3400 ;_jy+787
0x0525	0x3400 ;_jy+788
0x0526	0x3400 ;_jy+789
0x0527	0x3400 ;_jy+790
0x0528	0x3400 ;_jy+791
0x0529	0x3400 ;_jy+792
0x052A	0x3400 ;_jy+793
0x052B	0x3400 ;_jy+794
0x052C	0x3400 ;_jy+795
0x052D	0x3403 ;_jy+796
0x052E	0x3403 ;_jy+797
0x052F	0x3403 ;_jy+798
0x0530	0x3401 ;_jy+799
0x0531	0x3401 ;_jy+800
0x0532	0x3401 ;_jy+801
0x0533	0x3403 ;_jy+802
0x0534	0x3403 ;_jy+803
0x0535	0x3403 ;_jy+804
0x0536	0x3401 ;_jy+805
0x0537	0x3403 ;_jy+806
0x0538	0x3403 ;_jy+807
0x0539	0x3403 ;_jy+808
0x053A	0x3403 ;_jy+809
0x053B	0x3403 ;_jy+810
0x053C	0x3403 ;_jy+811
0x053D	0x3403 ;_jy+812
0x053E	0x3400 ;_jy+813
0x053F	0x3400 ;_jy+814
0x0540	0x3400 ;_jy+815
0x0541	0x3403 ;_jy+816
0x0542	0x3403 ;_jy+817
0x0543	0x3403 ;_jy+818
0x0544	0x3400 ;_jy+819
0x0545	0x3400 ;_jy+820
0x0546	0x3400 ;_jy+821
0x0547	0x3403 ;_jy+822
0x0548	0x3403 ;_jy+823
0x0549	0x3403 ;_jy+824
0x054A	0x3403 ;_jy+825
0x054B	0x3403 ;_jy+826
0x054C	0x3403 ;_jy+827
0x054D	0x3403 ;_jy+828
0x054E	0x3401 ;_jy+829
0x054F	0x3400 ;_jy+830
0x0550	0x3403 ;_jy+831
0x0551	0x3403 ;_jy+832
0x0552	0x3403 ;_jy+833
0x0553	0x3403 ;_jy+834
0x0554	0x3403 ;_jy+835
0x0555	0x3403 ;_jy+836
0x0556	0x3403 ;_jy+837
0x0557	0x3401 ;_jy+838
0x0558	0x3401 ;_jy+839
0x0559	0x3403 ;_jy+840
0x055A	0x3403 ;_jy+841
0x055B	0x3403 ;_jy+842
0x055C	0x3403 ;_jy+843
0x055D	0x3403 ;_jy+844
0x055E	0x3403 ;_jy+845
0x055F	0x3403 ;_jy+846
0x0560	0x3400 ;_jy+847
0x0561	0x3403 ;_jy+848
0x0562	0x3403 ;_jy+849
0x0563	0x3403 ;_jy+850
0x0564	0x3403 ;_jy+851
0x0565	0x3403 ;_jy+852
0x0566	0x3403 ;_jy+853
0x0567	0x3403 ;_jy+854
0x0568	0x3403 ;_jy+855
0x0569	0x3400 ;_jy+856
0x056A	0x3403 ;_jy+857
0x056B	0x3403 ;_jy+858
0x056C	0x3403 ;_jy+859
0x056D	0x3403 ;_jy+860
0x056E	0x3403 ;_jy+861
0x056F	0x3403 ;_jy+862
0x0570	0x3403 ;_jy+863
0x0571	0x3403 ;_jy+864
0x0572	0x3403 ;_jy+865
0x0573	0x3403 ;_jy+866
0x0574	0x3403 ;_jy+867
0x0575	0x3403 ;_jy+868
0x0576	0x3403 ;_jy+869
0x0577	0x3403 ;_jy+870
0x0578	0x3403 ;_jy+871
0x0579	0x3403 ;_jy+872
0x057A	0x3400 ;_jy+873
0x057B	0x3400 ;_jy+874
0x057C	0x3400 ;_jy+875
0x057D	0x3400 ;_jy+876
0x057E	0x3400 ;_jy+877
0x057F	0x3400 ;_jy+878
0x0580	0x3400 ;_jy+879
0x0581	0x3400 ;_jy+880
0x0582	0x3400 ;_jy+881
0x0583	0x3400 ;_jy+882
0x0584	0x3400 ;_jy+883
0x0585	0x3400 ;_jy+884
0x0586	0x3400 ;_jy+885
0x0587	0x3400 ;_jy+886
0x0588	0x3400 ;_jy+887
0x0589	0x3400 ;_jy+888
0x058A	0x3400 ;_jy+889
0x058B	0x3400 ;_jy+890
0x058C	0x3400 ;_jy+891
0x058D	0x3400 ;_jy+892
0x058E	0x3400 ;_jy+893
0x058F	0x3400 ;_jy+894
0x0590	0x3400 ;_jy+895
0x0591	0x3400 ;_jy+896
0x0592	0x3400 ;_jy+897
0x0593	0x3400 ;_jy+898
0x0594	0x3400 ;_jy+899
0x0595	0x3400 ;_jy+900
0x0596	0x3400 ;_jy+901
0x0597	0x3400 ;_jy+902
0x0598	0x3400 ;_jy+903
0x0599	0x3400 ;_jy+904
0x059A	0x3400 ;_jy+905
0x059B	0x3400 ;_jy+906
0x059C	0x3400 ;_jy+907
0x059D	0x3400 ;_jy+908
0x059E	0x3400 ;_jy+909
0x059F	0x3400 ;_jy+910
0x05A0	0x3400 ;_jy+911
0x05A1	0x3400 ;_jy+912
0x05A2	0x3400 ;_jy+913
0x05A3	0x3400 ;_jy+914
0x05A4	0x3400 ;_jy+915
0x05A5	0x3400 ;_jy+916
0x05A6	0x3400 ;_jy+917
0x05A7	0x3400 ;_jy+918
0x05A8	0x3400 ;_jy+919
0x05A9	0x3400 ;_jy+920
0x05AA	0x3400 ;_jy+921
0x05AB	0x3400 ;_jy+922
0x05AC	0x3400 ;_jy+923
0x05AD	0x3400 ;_jy+924
0x05AE	0x3400 ;_jy+925
0x05AF	0x3400 ;_jy+926
0x05B0	0x3400 ;_jy+927
0x05B1	0x3400 ;_jy+928
0x05B2	0x3400 ;_jy+929
0x05B3	0x3400 ;_jy+930
0x05B4	0x3400 ;_jy+931
0x05B5	0x3400 ;_jy+932
0x05B6	0x3400 ;_jy+933
0x05B7	0x3400 ;_jy+934
0x05B8	0x3400 ;_jy+935
0x05B9	0x3400 ;_jy+936
0x05BA	0x3400 ;_jy+937
0x05BB	0x3400 ;_jy+938
0x05BC	0x3400 ;_jy+939
0x05BD	0x3400 ;_jy+940
0x05BE	0x3400 ;_jy+941
0x05BF	0x3400 ;_jy+942
0x05C0	0x3400 ;_jy+943
0x05C1	0x3400 ;_jy+944
0x05C2	0x3400 ;_jy+945
0x05C3	0x3400 ;_jy+946
0x05C4	0x3400 ;_jy+947
0x05C5	0x3400 ;_jy+948
0x05C6	0x3400 ;_jy+949
0x05C7	0x3400 ;_jy+950
0x05C8	0x3400 ;_jy+951
0x05C9	0x3400 ;_jy+952
0x05CA	0x3400 ;_jy+953
0x05CB	0x3400 ;_jy+954
0x05CC	0x3400 ;_jy+955
0x05CD	0x3400 ;_jy+956
0x05CE	0x3400 ;_jy+957
0x05CF	0x3400 ;_jy+958
0x05D0	0x3400 ;_jy+959
0x05D1	0x3400 ;_jy+960
0x05D2	0x3400 ;_jy+961
0x05D3	0x3400 ;_jy+962
0x05D4	0x3400 ;_jy+963
0x05D5	0x3400 ;_jy+964
0x05D6	0x3400 ;_jy+965
0x05D7	0x3400 ;_jy+966
0x05D8	0x3400 ;_jy+967
0x05D9	0x3400 ;_jy+968
0x05DA	0x3400 ;_jy+969
0x05DB	0x3400 ;_jy+970
0x05DC	0x3400 ;_jy+971
0x05DD	0x3400 ;_jy+972
0x05DE	0x3400 ;_jy+973
0x05DF	0x3400 ;_jy+974
0x05E0	0x3400 ;_jy+975
0x05E1	0x3400 ;_jy+976
0x05E2	0x3400 ;_jy+977
0x05E3	0x3400 ;_jy+978
0x05E4	0x3400 ;_jy+979
0x05E5	0x3400 ;_jy+980
0x05E6	0x3400 ;_jy+981
0x05E7	0x3400 ;_jy+982
0x05E8	0x3400 ;_jy+983
0x05E9	0x3400 ;_jy+984
0x05EA	0x3400 ;_jy+985
0x05EB	0x3400 ;_jy+986
0x05EC	0x3400 ;_jy+987
0x05ED	0x3400 ;_jy+988
0x05EE	0x3400 ;_jy+989
0x05EF	0x3400 ;_jy+990
0x05F0	0x3400 ;_jy+991
0x05F1	0x3400 ;_jy+992
0x05F2	0x3400 ;_jy+993
0x05F3	0x3400 ;_jy+994
0x05F4	0x3400 ;_jy+995
0x05F5	0x3400 ;_jy+996
0x05F6	0x3400 ;_jy+997
0x05F7	0x3400 ;_jy+998
0x05F8	0x3400 ;_jy+999
0x05F9	0x3400 ;_jy+1000
0x05FA	0x3400 ;_jy+1001
0x05FB	0x3400 ;_jy+1002
0x05FC	0x3400 ;_jy+1003
0x05FD	0x3400 ;_jy+1004
0x05FE	0x3400 ;_jy+1005
0x05FF	0x3400 ;_jy+1006
0x0600	0x3400 ;_jy+1007
0x0601	0x3400 ;_jy+1008
0x0602	0x3400 ;_jy+1009
0x0603	0x3400 ;_jy+1010
0x0604	0x3400 ;_jy+1011
0x0605	0x3400 ;_jy+1012
0x0606	0x3400 ;_jy+1013
0x0607	0x3400 ;_jy+1014
0x0608	0x3400 ;_jy+1015
0x0609	0x3400 ;_jy+1016
0x060A	0x3400 ;_jy+1017
0x060B	0x3400 ;_jy+1018
0x060C	0x3400 ;_jy+1019
0x060D	0x3400 ;_jy+1020
0x060E	0x3400 ;_jy+1021
0x060F	0x3400 ;_jy+1022
0x0610	0x3400 ;_jy+1023
; end of _jy
;__Lib_GlcdFonts.c,612 :: _font5x7
0x0611	0x3400 ;_font5x7+0
0x0612	0x3400 ;_font5x7+1
0x0613	0x3400 ;_font5x7+2
0x0614	0x3400 ;_font5x7+3
0x0615	0x3400 ;_font5x7+4
0x0616	0x3400 ;_font5x7+5
0x0617	0x3400 ;_font5x7+6
0x0618	0x345F ;_font5x7+7
0x0619	0x3400 ;_font5x7+8
0x061A	0x3400 ;_font5x7+9
0x061B	0x3400 ;_font5x7+10
0x061C	0x3407 ;_font5x7+11
0x061D	0x3400 ;_font5x7+12
0x061E	0x3407 ;_font5x7+13
0x061F	0x3400 ;_font5x7+14
0x0620	0x3414 ;_font5x7+15
0x0621	0x347F ;_font5x7+16
0x0622	0x3414 ;_font5x7+17
0x0623	0x347F ;_font5x7+18
0x0624	0x3414 ;_font5x7+19
0x0625	0x3424 ;_font5x7+20
0x0626	0x342A ;_font5x7+21
0x0627	0x347F ;_font5x7+22
0x0628	0x342A ;_font5x7+23
0x0629	0x3412 ;_font5x7+24
0x062A	0x3423 ;_font5x7+25
0x062B	0x3413 ;_font5x7+26
0x062C	0x3408 ;_font5x7+27
0x062D	0x3464 ;_font5x7+28
0x062E	0x3462 ;_font5x7+29
0x062F	0x3436 ;_font5x7+30
0x0630	0x3449 ;_font5x7+31
0x0631	0x3455 ;_font5x7+32
0x0632	0x3422 ;_font5x7+33
0x0633	0x3450 ;_font5x7+34
0x0634	0x3400 ;_font5x7+35
0x0635	0x3405 ;_font5x7+36
0x0636	0x3403 ;_font5x7+37
0x0637	0x3400 ;_font5x7+38
0x0638	0x3400 ;_font5x7+39
0x0639	0x3400 ;_font5x7+40
0x063A	0x341C ;_font5x7+41
0x063B	0x3422 ;_font5x7+42
0x063C	0x3441 ;_font5x7+43
0x063D	0x3400 ;_font5x7+44
0x063E	0x3400 ;_font5x7+45
0x063F	0x3441 ;_font5x7+46
0x0640	0x3422 ;_font5x7+47
0x0641	0x341C ;_font5x7+48
0x0642	0x3400 ;_font5x7+49
0x0643	0x3408 ;_font5x7+50
0x0644	0x342A ;_font5x7+51
0x0645	0x341C ;_font5x7+52
0x0646	0x342A ;_font5x7+53
0x0647	0x3408 ;_font5x7+54
0x0648	0x3408 ;_font5x7+55
0x0649	0x3408 ;_font5x7+56
0x064A	0x343E ;_font5x7+57
0x064B	0x3408 ;_font5x7+58
0x064C	0x3408 ;_font5x7+59
0x064D	0x3400 ;_font5x7+60
0x064E	0x3450 ;_font5x7+61
0x064F	0x3430 ;_font5x7+62
0x0650	0x3400 ;_font5x7+63
0x0651	0x3400 ;_font5x7+64
0x0652	0x3408 ;_font5x7+65
0x0653	0x3408 ;_font5x7+66
0x0654	0x3408 ;_font5x7+67
0x0655	0x3408 ;_font5x7+68
0x0656	0x3408 ;_font5x7+69
0x0657	0x3400 ;_font5x7+70
0x0658	0x3430 ;_font5x7+71
0x0659	0x3430 ;_font5x7+72
0x065A	0x3400 ;_font5x7+73
0x065B	0x3400 ;_font5x7+74
0x065C	0x3420 ;_font5x7+75
0x065D	0x3410 ;_font5x7+76
0x065E	0x3408 ;_font5x7+77
0x065F	0x3404 ;_font5x7+78
0x0660	0x3402 ;_font5x7+79
0x0661	0x343E ;_font5x7+80
0x0662	0x3451 ;_font5x7+81
0x0663	0x3449 ;_font5x7+82
0x0664	0x3445 ;_font5x7+83
0x0665	0x343E ;_font5x7+84
0x0666	0x3400 ;_font5x7+85
0x0667	0x3442 ;_font5x7+86
0x0668	0x347F ;_font5x7+87
0x0669	0x3440 ;_font5x7+88
0x066A	0x3400 ;_font5x7+89
0x066B	0x3442 ;_font5x7+90
0x066C	0x3461 ;_font5x7+91
0x066D	0x3451 ;_font5x7+92
0x066E	0x3449 ;_font5x7+93
0x066F	0x3446 ;_font5x7+94
0x0670	0x3421 ;_font5x7+95
0x0671	0x3441 ;_font5x7+96
0x0672	0x3445 ;_font5x7+97
0x0673	0x344B ;_font5x7+98
0x0674	0x3431 ;_font5x7+99
0x0675	0x3418 ;_font5x7+100
0x0676	0x3414 ;_font5x7+101
0x0677	0x3412 ;_font5x7+102
0x0678	0x347F ;_font5x7+103
0x0679	0x3410 ;_font5x7+104
0x067A	0x3427 ;_font5x7+105
0x067B	0x3445 ;_font5x7+106
0x067C	0x3445 ;_font5x7+107
0x067D	0x3445 ;_font5x7+108
0x067E	0x3439 ;_font5x7+109
0x067F	0x343C ;_font5x7+110
0x0680	0x344A ;_font5x7+111
0x0681	0x3449 ;_font5x7+112
0x0682	0x3449 ;_font5x7+113
0x0683	0x3430 ;_font5x7+114
0x0684	0x3401 ;_font5x7+115
0x0685	0x3471 ;_font5x7+116
0x0686	0x3409 ;_font5x7+117
0x0687	0x3405 ;_font5x7+118
0x0688	0x3403 ;_font5x7+119
0x0689	0x3436 ;_font5x7+120
0x068A	0x3449 ;_font5x7+121
0x068B	0x3449 ;_font5x7+122
0x068C	0x3449 ;_font5x7+123
0x068D	0x3436 ;_font5x7+124
0x068E	0x3406 ;_font5x7+125
0x068F	0x3449 ;_font5x7+126
0x0690	0x3449 ;_font5x7+127
0x0691	0x3429 ;_font5x7+128
0x0692	0x341E ;_font5x7+129
0x0693	0x3400 ;_font5x7+130
0x0694	0x3436 ;_font5x7+131
0x0695	0x3436 ;_font5x7+132
0x0696	0x3400 ;_font5x7+133
0x0697	0x3400 ;_font5x7+134
0x0698	0x3400 ;_font5x7+135
0x0699	0x3456 ;_font5x7+136
0x069A	0x3436 ;_font5x7+137
0x069B	0x3400 ;_font5x7+138
0x069C	0x3400 ;_font5x7+139
0x069D	0x3400 ;_font5x7+140
0x069E	0x3408 ;_font5x7+141
0x069F	0x3414 ;_font5x7+142
0x06A0	0x3422 ;_font5x7+143
0x06A1	0x3441 ;_font5x7+144
0x06A2	0x3414 ;_font5x7+145
0x06A3	0x3414 ;_font5x7+146
0x06A4	0x3414 ;_font5x7+147
0x06A5	0x3414 ;_font5x7+148
0x06A6	0x3414 ;_font5x7+149
0x06A7	0x3441 ;_font5x7+150
0x06A8	0x3422 ;_font5x7+151
0x06A9	0x3414 ;_font5x7+152
0x06AA	0x3408 ;_font5x7+153
0x06AB	0x3400 ;_font5x7+154
0x06AC	0x3402 ;_font5x7+155
0x06AD	0x3401 ;_font5x7+156
0x06AE	0x3451 ;_font5x7+157
0x06AF	0x3409 ;_font5x7+158
0x06B0	0x3406 ;_font5x7+159
0x06B1	0x3432 ;_font5x7+160
0x06B2	0x3449 ;_font5x7+161
0x06B3	0x3479 ;_font5x7+162
0x06B4	0x3441 ;_font5x7+163
0x06B5	0x343E ;_font5x7+164
0x06B6	0x347E ;_font5x7+165
0x06B7	0x3411 ;_font5x7+166
0x06B8	0x3411 ;_font5x7+167
0x06B9	0x3411 ;_font5x7+168
0x06BA	0x347E ;_font5x7+169
0x06BB	0x347F ;_font5x7+170
0x06BC	0x3449 ;_font5x7+171
0x06BD	0x3449 ;_font5x7+172
0x06BE	0x3449 ;_font5x7+173
0x06BF	0x3436 ;_font5x7+174
0x06C0	0x343E ;_font5x7+175
0x06C1	0x3441 ;_font5x7+176
0x06C2	0x3441 ;_font5x7+177
0x06C3	0x3441 ;_font5x7+178
0x06C4	0x3422 ;_font5x7+179
0x06C5	0x347F ;_font5x7+180
0x06C6	0x3441 ;_font5x7+181
0x06C7	0x3441 ;_font5x7+182
0x06C8	0x3422 ;_font5x7+183
0x06C9	0x341C ;_font5x7+184
0x06CA	0x347F ;_font5x7+185
0x06CB	0x3449 ;_font5x7+186
0x06CC	0x3449 ;_font5x7+187
0x06CD	0x3449 ;_font5x7+188
0x06CE	0x3441 ;_font5x7+189
0x06CF	0x347F ;_font5x7+190
0x06D0	0x3409 ;_font5x7+191
0x06D1	0x3409 ;_font5x7+192
0x06D2	0x3401 ;_font5x7+193
0x06D3	0x3401 ;_font5x7+194
0x06D4	0x343E ;_font5x7+195
0x06D5	0x3441 ;_font5x7+196
0x06D6	0x3441 ;_font5x7+197
0x06D7	0x3451 ;_font5x7+198
0x06D8	0x3432 ;_font5x7+199
0x06D9	0x347F ;_font5x7+200
0x06DA	0x3408 ;_font5x7+201
0x06DB	0x3408 ;_font5x7+202
0x06DC	0x3408 ;_font5x7+203
0x06DD	0x347F ;_font5x7+204
0x06DE	0x3400 ;_font5x7+205
0x06DF	0x3441 ;_font5x7+206
0x06E0	0x347F ;_font5x7+207
0x06E1	0x3441 ;_font5x7+208
0x06E2	0x3400 ;_font5x7+209
0x06E3	0x3420 ;_font5x7+210
0x06E4	0x3440 ;_font5x7+211
0x06E5	0x3441 ;_font5x7+212
0x06E6	0x343F ;_font5x7+213
0x06E7	0x3401 ;_font5x7+214
0x06E8	0x347F ;_font5x7+215
0x06E9	0x3408 ;_font5x7+216
0x06EA	0x3414 ;_font5x7+217
0x06EB	0x3422 ;_font5x7+218
0x06EC	0x3441 ;_font5x7+219
0x06ED	0x347F ;_font5x7+220
0x06EE	0x3440 ;_font5x7+221
0x06EF	0x3440 ;_font5x7+222
0x06F0	0x3440 ;_font5x7+223
0x06F1	0x3440 ;_font5x7+224
0x06F2	0x347F ;_font5x7+225
0x06F3	0x3402 ;_font5x7+226
0x06F4	0x3404 ;_font5x7+227
0x06F5	0x3402 ;_font5x7+228
0x06F6	0x347F ;_font5x7+229
0x06F7	0x347F ;_font5x7+230
0x06F8	0x3404 ;_font5x7+231
0x06F9	0x3408 ;_font5x7+232
0x06FA	0x3410 ;_font5x7+233
0x06FB	0x347F ;_font5x7+234
0x06FC	0x343E ;_font5x7+235
0x06FD	0x3441 ;_font5x7+236
0x06FE	0x3441 ;_font5x7+237
0x06FF	0x3441 ;_font5x7+238
0x0700	0x343E ;_font5x7+239
0x0701	0x347F ;_font5x7+240
0x0702	0x3409 ;_font5x7+241
0x0703	0x3409 ;_font5x7+242
0x0704	0x3409 ;_font5x7+243
0x0705	0x3406 ;_font5x7+244
0x0706	0x343E ;_font5x7+245
0x0707	0x3441 ;_font5x7+246
0x0708	0x3451 ;_font5x7+247
0x0709	0x3421 ;_font5x7+248
0x070A	0x345E ;_font5x7+249
0x070B	0x347F ;_font5x7+250
0x070C	0x3409 ;_font5x7+251
0x070D	0x3419 ;_font5x7+252
0x070E	0x3429 ;_font5x7+253
0x070F	0x3446 ;_font5x7+254
0x0710	0x3446 ;_font5x7+255
0x0711	0x3449 ;_font5x7+256
0x0712	0x3449 ;_font5x7+257
0x0713	0x3449 ;_font5x7+258
0x0714	0x3431 ;_font5x7+259
0x0715	0x3401 ;_font5x7+260
0x0716	0x3401 ;_font5x7+261
0x0717	0x347F ;_font5x7+262
0x0718	0x3401 ;_font5x7+263
0x0719	0x3401 ;_font5x7+264
0x071A	0x343F ;_font5x7+265
0x071B	0x3440 ;_font5x7+266
0x071C	0x3440 ;_font5x7+267
0x071D	0x3440 ;_font5x7+268
0x071E	0x343F ;_font5x7+269
0x071F	0x341F ;_font5x7+270
0x0720	0x3420 ;_font5x7+271
0x0721	0x3440 ;_font5x7+272
0x0722	0x3420 ;_font5x7+273
0x0723	0x341F ;_font5x7+274
0x0724	0x347F ;_font5x7+275
0x0725	0x3420 ;_font5x7+276
0x0726	0x3418 ;_font5x7+277
0x0727	0x3420 ;_font5x7+278
0x0728	0x347F ;_font5x7+279
0x0729	0x3463 ;_font5x7+280
0x072A	0x3414 ;_font5x7+281
0x072B	0x3408 ;_font5x7+282
0x072C	0x3414 ;_font5x7+283
0x072D	0x3463 ;_font5x7+284
0x072E	0x3403 ;_font5x7+285
0x072F	0x3404 ;_font5x7+286
0x0730	0x3478 ;_font5x7+287
0x0731	0x3404 ;_font5x7+288
0x0732	0x3403 ;_font5x7+289
0x0733	0x3461 ;_font5x7+290
0x0734	0x3451 ;_font5x7+291
0x0735	0x3449 ;_font5x7+292
0x0736	0x3445 ;_font5x7+293
0x0737	0x3443 ;_font5x7+294
0x0738	0x3400 ;_font5x7+295
0x0739	0x3400 ;_font5x7+296
0x073A	0x347F ;_font5x7+297
0x073B	0x3441 ;_font5x7+298
0x073C	0x3441 ;_font5x7+299
0x073D	0x3402 ;_font5x7+300
0x073E	0x3404 ;_font5x7+301
0x073F	0x3408 ;_font5x7+302
0x0740	0x3410 ;_font5x7+303
0x0741	0x3420 ;_font5x7+304
0x0742	0x3441 ;_font5x7+305
0x0743	0x3441 ;_font5x7+306
0x0744	0x347F ;_font5x7+307
0x0745	0x3400 ;_font5x7+308
0x0746	0x3400 ;_font5x7+309
0x0747	0x3404 ;_font5x7+310
0x0748	0x3402 ;_font5x7+311
0x0749	0x3401 ;_font5x7+312
0x074A	0x3402 ;_font5x7+313
0x074B	0x3404 ;_font5x7+314
0x074C	0x3440 ;_font5x7+315
0x074D	0x3440 ;_font5x7+316
0x074E	0x3440 ;_font5x7+317
0x074F	0x3440 ;_font5x7+318
0x0750	0x3440 ;_font5x7+319
0x0751	0x3400 ;_font5x7+320
0x0752	0x3401 ;_font5x7+321
0x0753	0x3402 ;_font5x7+322
0x0754	0x3404 ;_font5x7+323
0x0755	0x3400 ;_font5x7+324
0x0756	0x3420 ;_font5x7+325
0x0757	0x3454 ;_font5x7+326
0x0758	0x3454 ;_font5x7+327
0x0759	0x3454 ;_font5x7+328
0x075A	0x3478 ;_font5x7+329
0x075B	0x347F ;_font5x7+330
0x075C	0x3448 ;_font5x7+331
0x075D	0x3444 ;_font5x7+332
0x075E	0x3444 ;_font5x7+333
0x075F	0x3438 ;_font5x7+334
0x0760	0x3438 ;_font5x7+335
0x0761	0x3444 ;_font5x7+336
0x0762	0x3444 ;_font5x7+337
0x0763	0x3444 ;_font5x7+338
0x0764	0x3420 ;_font5x7+339
0x0765	0x3438 ;_font5x7+340
0x0766	0x3444 ;_font5x7+341
0x0767	0x3444 ;_font5x7+342
0x0768	0x3448 ;_font5x7+343
0x0769	0x347F ;_font5x7+344
0x076A	0x3438 ;_font5x7+345
0x076B	0x3454 ;_font5x7+346
0x076C	0x3454 ;_font5x7+347
0x076D	0x3454 ;_font5x7+348
0x076E	0x3418 ;_font5x7+349
0x076F	0x3408 ;_font5x7+350
0x0770	0x347E ;_font5x7+351
0x0771	0x3409 ;_font5x7+352
0x0772	0x3401 ;_font5x7+353
0x0773	0x3402 ;_font5x7+354
0x0774	0x3408 ;_font5x7+355
0x0775	0x3414 ;_font5x7+356
0x0776	0x3454 ;_font5x7+357
0x0777	0x3454 ;_font5x7+358
0x0778	0x343C ;_font5x7+359
0x0779	0x347F ;_font5x7+360
0x077A	0x3408 ;_font5x7+361
0x077B	0x3404 ;_font5x7+362
0x077C	0x3404 ;_font5x7+363
0x077D	0x3478 ;_font5x7+364
0x077E	0x3400 ;_font5x7+365
0x077F	0x3444 ;_font5x7+366
0x0780	0x347D ;_font5x7+367
0x0781	0x3440 ;_font5x7+368
0x0782	0x3400 ;_font5x7+369
0x0783	0x3420 ;_font5x7+370
0x0784	0x3440 ;_font5x7+371
0x0785	0x3444 ;_font5x7+372
0x0786	0x343D ;_font5x7+373
0x0787	0x3400 ;_font5x7+374
0x0788	0x3400 ;_font5x7+375
0x0789	0x347F ;_font5x7+376
0x078A	0x3410 ;_font5x7+377
0x078B	0x3428 ;_font5x7+378
0x078C	0x3444 ;_font5x7+379
0x078D	0x3400 ;_font5x7+380
0x078E	0x3441 ;_font5x7+381
0x078F	0x347F ;_font5x7+382
0x0790	0x3440 ;_font5x7+383
0x0791	0x3400 ;_font5x7+384
0x0792	0x347C ;_font5x7+385
0x0793	0x3404 ;_font5x7+386
0x0794	0x3418 ;_font5x7+387
0x0795	0x3404 ;_font5x7+388
0x0796	0x3478 ;_font5x7+389
0x0797	0x347C ;_font5x7+390
0x0798	0x3408 ;_font5x7+391
0x0799	0x3404 ;_font5x7+392
0x079A	0x3404 ;_font5x7+393
0x079B	0x3478 ;_font5x7+394
0x079C	0x3438 ;_font5x7+395
0x079D	0x3444 ;_font5x7+396
0x079E	0x3444 ;_font5x7+397
0x079F	0x3444 ;_font5x7+398
0x07A0	0x3438 ;_font5x7+399
0x07A1	0x347C ;_font5x7+400
0x07A2	0x3414 ;_font5x7+401
0x07A3	0x3414 ;_font5x7+402
0x07A4	0x3414 ;_font5x7+403
0x07A5	0x3408 ;_font5x7+404
0x07A6	0x3408 ;_font5x7+405
0x07A7	0x3414 ;_font5x7+406
0x07A8	0x3414 ;_font5x7+407
0x07A9	0x3418 ;_font5x7+408
0x07AA	0x347C ;_font5x7+409
0x07AB	0x347C ;_font5x7+410
0x07AC	0x3408 ;_font5x7+411
0x07AD	0x3404 ;_font5x7+412
0x07AE	0x3404 ;_font5x7+413
0x07AF	0x3408 ;_font5x7+414
0x07B0	0x3448 ;_font5x7+415
0x07B1	0x3454 ;_font5x7+416
0x07B2	0x3454 ;_font5x7+417
0x07B3	0x3454 ;_font5x7+418
0x07B4	0x3420 ;_font5x7+419
0x07B5	0x3404 ;_font5x7+420
0x07B6	0x343F ;_font5x7+421
0x07B7	0x3444 ;_font5x7+422
0x07B8	0x3440 ;_font5x7+423
0x07B9	0x3420 ;_font5x7+424
0x07BA	0x343C ;_font5x7+425
0x07BB	0x3440 ;_font5x7+426
0x07BC	0x3440 ;_font5x7+427
0x07BD	0x3420 ;_font5x7+428
0x07BE	0x347C ;_font5x7+429
0x07BF	0x341C ;_font5x7+430
0x07C0	0x3420 ;_font5x7+431
0x07C1	0x3440 ;_font5x7+432
0x07C2	0x3420 ;_font5x7+433
0x07C3	0x341C ;_font5x7+434
0x07C4	0x343C ;_font5x7+435
0x07C5	0x3440 ;_font5x7+436
0x07C6	0x3430 ;_font5x7+437
0x07C7	0x3440 ;_font5x7+438
0x07C8	0x343C ;_font5x7+439
0x07C9	0x3444 ;_font5x7+440
0x07CA	0x3428 ;_font5x7+441
0x07CB	0x3410 ;_font5x7+442
0x07CC	0x3428 ;_font5x7+443
0x07CD	0x3444 ;_font5x7+444
0x07CE	0x340C ;_font5x7+445
0x07CF	0x3450 ;_font5x7+446
0x07D0	0x3450 ;_font5x7+447
0x07D1	0x3450 ;_font5x7+448
0x07D2	0x343C ;_font5x7+449
0x07D3	0x3444 ;_font5x7+450
0x07D4	0x3464 ;_font5x7+451
0x07D5	0x3454 ;_font5x7+452
0x07D6	0x344C ;_font5x7+453
0x07D7	0x3444 ;_font5x7+454
0x07D8	0x3400 ;_font5x7+455
0x07D9	0x3408 ;_font5x7+456
0x07DA	0x3436 ;_font5x7+457
0x07DB	0x3441 ;_font5x7+458
0x07DC	0x3400 ;_font5x7+459
0x07DD	0x3400 ;_font5x7+460
0x07DE	0x3400 ;_font5x7+461
0x07DF	0x347F ;_font5x7+462
0x07E0	0x3400 ;_font5x7+463
0x07E1	0x3400 ;_font5x7+464
0x07E2	0x3400 ;_font5x7+465
0x07E3	0x3441 ;_font5x7+466
0x07E4	0x3436 ;_font5x7+467
0x07E5	0x3408 ;_font5x7+468
0x07E6	0x3400 ;_font5x7+469
0x07E7	0x3408 ;_font5x7+470
0x07E8	0x3408 ;_font5x7+471
0x07E9	0x342A ;_font5x7+472
0x07EA	0x341C ;_font5x7+473
0x07EB	0x3408 ;_font5x7+474
0x07EC	0x3408 ;_font5x7+475
0x07ED	0x341C ;_font5x7+476
0x07EE	0x342A ;_font5x7+477
0x07EF	0x3408 ;_font5x7+478
0x07F0	0x3408 ;_font5x7+479
; end of _font5x7
Symbol List:
//** Routines locations **
//ADDRESS    SIZE    PROCEDURE
//----------------------------------------------
0x0003       [8]    _Delay_10us
0x000B       [5]    __Lib_Glcd_Strobe
0x0010       [3]    _Delay_1us
0x0013       [7]    _____DoICP
0x001A      [43]    _Mul_16X16_U
0x0045      [20]    _Glcd_Set_X
0x0059      [24]    _Glcd_Read_Data
0x0071       [9]    _Glcd_Set_Page
0x007A       [9]    _Glcd_Write_Data
0x0083      [15]    _Glcd_Set_Side
0x0092     [148]    _Glcd_Write_Char
0x0126      [83]    _Glcd_Image
0x0179      [44]    _Glcd_Write_Text
0x01A5      [35]    _Glcd_Init
0x01C8      [12]    ___CC2DW
0x01D4      [61]    _main
//** Variables locations ** 
//ADDRESS    SIZE    VARIABLE
//----------------------------------------------
0x0000       [1]    INDF
0x0002       [1]    PCL
0x0003       [1]    STATUS
0x0004       [1]    FSR
0x0006       [1]    PORTB
0x0006       [1]    GLCD_DataPort
0x0007       [0]    GLCD_CS1
0x0007       [0]    RC0_bit
0x0007       [0]    GLCD_EN
0x0007       [0]    GLCD_RST
0x0007       [0]    GLCD_RS
0x0007       [0]    GLCD_CS2
0x0007       [0]    RC2_bit
0x0007       [0]    RC1_bit
0x0007       [0]    GLCD_RW
0x0007       [0]    RC4_bit
0x0007       [0]    RC3_bit
0x0007       [0]    RC5_bit
0x000A       [1]    PCLATH
0x0020       [8]    ?lstr1_MyProject
0x0028       [2]    ___DoICPAddr
0x002A       [2]    __Lib_Glcd_fontDef
0x002C       [1]    __Lib_Glcd_fontW
0x002D       [1]    __Lib_Glcd_fontH
0x002E       [1]    __Lib_Glcd_FontInitialized
0x002F       [2]    __Lib_Glcd_fontOffset
0x0031       [2]    FARG_Glcd_Image_image
0x0031       [1]    FARG_Glcd_Write_Text_text
0x0032       [1]    FARG_Glcd_Write_Text_x_pos
0x0033       [1]    Glcd_Image_col_L0
0x0033       [1]    FARG_Glcd_Write_Text_page_num
0x0034       [1]    FARG_Glcd_Write_Text_color
0x0034       [1]    Glcd_Image_pg_L0
0x0035       [2]    Glcd_Image_clan_niza_L0
0x0035       [1]    Glcd_Write_Text_i_L0
0x0037       [1]    FARG_Glcd_Write_Char_chr
0x0038       [1]    FARG_Glcd_Write_Char_x_pos
0x0039       [1]    FARG_Glcd_Write_Char_page_num
0x003A       [1]    FARG_Glcd_Write_Char_color
0x003B       [1]    Glcd_Write_Char_ii_L0
0x003C       [1]    Glcd_Write_Char_data_read_L0
0x003D       [1]    Glcd_Write_Char_font_ch_L0
0x003E       [1]    Glcd_Write_Char_font_ch_inv_L0
0x003F       [2]    Glcd_Write_Char_pointer_L0
0x0041       [1]    Glcd_Read_Data_local_L0
0x0041       [1]    FARG_Glcd_Write_Data_ddata
0x0041       [1]    FARG_Glcd_Set_X_x_pos
0x0041       [1]    FARG_Glcd_Set_Page_page
0x0041       [1]    FARG_Glcd_Set_Side_x_pos
0x0070       [1]    R0
0x0071       [1]    R1
0x0072       [1]    R2
0x0073       [1]    R3
0x0074       [1]    R4
0x0075       [1]    R5
0x0076       [1]    R6
0x0077       [1]    R7
0x0078       [1]    R8
0x0079       [1]    R9
0x007A       [1]    R10
0x007B       [1]    R11
0x007C       [1]    R12
0x007D       [1]    R13
0x007E       [1]    R14
0x007F       [1]    R15
0x0087       [0]    GLCD_RW_Direction
0x0087       [0]    GLCD_EN_Direction
0x0087       [0]    GLCD_RST_Direction
0x0087       [0]    GLCD_RS_Direction
0x0087       [0]    GLCD_CS1_Direction
0x0087       [0]    GLCD_CS2_Direction
0x0087       [0]    TRISC2_bit
0x0087       [0]    TRISC3_bit
0x0087       [0]    TRISC0_bit
0x0087       [0]    TRISC1_bit
0x0087       [0]    TRISC4_bit
0x0087       [0]    TRISC5_bit
//** Constants locations ** 
//ADDRESS    SIZE    CONSTANT
//----------------------------------------------
0x0211    [1024]    _jy
0x0611     [480]    _font5x7
