;  LST file generated by mikroListExporter - v.2.0 
; Date/Time: 12/4/2017 12:57:07 AM
;----------------------------------------------

;Address Opcode 	ASM
0x0000	0x28AA      	GOTO       170
_Delay_10us:
0x0003	0x3009      	MOVLW      9
0x0004	0x1283      	BCF        STATUS, 5
0x0005	0x1303      	BCF        STATUS, 6
0x0006	0x00FD      	MOVWF      R13
L_Delay_10us0:
0x0007	0x0BFD      	DECFSZ     R13, 1
0x0008	0x2807      	GOTO       L_Delay_10us0
L_end_Delay_10us:
0x0009	0x0008      	RETURN
; end of _Delay_10us
__Lib_Glcd_Strobe:
0x000A	0x2003      	CALL       _Delay_10us
0x000B	0x1707      	BSF        GLCD_EN, BitPos(GLCD_EN+0)
0x000C	0x2003      	CALL       _Delay_10us
0x000D	0x1307      	BCF        GLCD_EN, BitPos(GLCD_EN+0)
L_end_Strobe:
0x000E	0x0008      	RETURN
; end of __Lib_Glcd_Strobe
_Glcd_Set_Side:
0x000F	0x307F      	MOVLW      127
0x0010	0x1283      	BCF        STATUS, 5
0x0011	0x1303      	BCF        STATUS, 6
0x0012	0x0528      	ANDWF      FARG_Glcd_Set_Side_x_pos, 0
0x0013	0x00F1      	MOVWF      R1
0x0014	0x0871      	MOVF       R1, 0
0x0015	0x00A8      	MOVWF      FARG_Glcd_Set_Side_x_pos
0x0016	0x1F71      	BTFSS      R1, 6
0x0017	0x281B      	GOTO       L_Glcd_Set_Side0
0x0018	0x1508      	BSF        GLCD_CS1, BitPos(GLCD_CS1+0)
0x0019	0x1188      	BCF        GLCD_CS2, BitPos(GLCD_CS2+0)
0x001A	0x281D      	GOTO       L_Glcd_Set_Side1
L_Glcd_Set_Side0:
0x001B	0x1108      	BCF        GLCD_CS1, BitPos(GLCD_CS1+0)
0x001C	0x1588      	BSF        GLCD_CS2, BitPos(GLCD_CS2+0)
L_Glcd_Set_Side1:
L_end_Glcd_Set_Side:
0x001D	0x0008      	RETURN
; end of _Glcd_Set_Side
_Glcd_Set_Page:
0x001E	0x1283      	BCF        STATUS, 5
0x001F	0x1303      	BCF        STATUS, 6
0x0020	0x1207      	BCF        GLCD_RS, BitPos(GLCD_RS+0)
0x0021	0x1287      	BCF        GLCD_RW, BitPos(GLCD_RW+0)
0x0022	0x30B8      	MOVLW      184
0x0023	0x0428      	IORWF      FARG_Glcd_Set_Page_page, 0
0x0024	0x0086      	MOVWF      GLCD_DataPort
0x0025	0x200A      	CALL       __Lib_Glcd_Strobe
L_end_Glcd_Set_Page:
0x0026	0x0008      	RETURN
; end of _Glcd_Set_Page
_____DoICP:
0x0027	0x1283      	BCF        STATUS, 5
0x0028	0x1303      	BCF        STATUS, 6
0x0029	0x0821      	MOVF       ___DoICPAddr+1, 0
0x002A	0x008A      	MOVWF      PCLATH
0x002B	0x0820      	MOVF       ___DoICPAddr, 0
0x002C	0x0082      	MOVWF      PCL
L_end_____DoICP:
0x002D	0x0008      	RETURN
; end of _____DoICP
_Glcd_Write_Data:
0x002E	0x1283      	BCF        STATUS, 5
0x002F	0x1303      	BCF        STATUS, 6
0x0030	0x1307      	BCF        GLCD_EN, BitPos(GLCD_EN+0)
0x0031	0x1607      	BSF        GLCD_RS, BitPos(GLCD_RS+0)
0x0032	0x1287      	BCF        GLCD_RW, BitPos(GLCD_RW+0)
0x0033	0x0828      	MOVF       FARG_Glcd_Write_Data_ddata, 0
0x0034	0x0086      	MOVWF      GLCD_DataPort
0x0035	0x200A      	CALL       __Lib_Glcd_Strobe
L_end_Glcd_Write_Data:
0x0036	0x0008      	RETURN
; end of _Glcd_Write_Data
_Glcd_Set_X:
0x0037	0x307F      	MOVLW      127
0x0038	0x1283      	BCF        STATUS, 5
0x0039	0x1303      	BCF        STATUS, 6
0x003A	0x0528      	ANDWF      FARG_Glcd_Set_X_x_pos, 0
0x003B	0x00F0      	MOVWF      R0
0x003C	0x0870      	MOVF       R0, 0
0x003D	0x00A8      	MOVWF      FARG_Glcd_Set_X_x_pos
0x003E	0x1207      	BCF        GLCD_RS, BitPos(GLCD_RS+0)
0x003F	0x1287      	BCF        GLCD_RW, BitPos(GLCD_RW+0)
0x0040	0x30BF      	MOVLW      191
0x0041	0x05F0      	ANDWF      R0, 1
0x0042	0x0870      	MOVF       R0, 0
0x0043	0x00A8      	MOVWF      FARG_Glcd_Set_X_x_pos
0x0044	0x1770      	BSF        R0, 6
0x0045	0x0870      	MOVF       R0, 0
0x0046	0x00A8      	MOVWF      FARG_Glcd_Set_X_x_pos
0x0047	0x0870      	MOVF       R0, 0
0x0048	0x0086      	MOVWF      GLCD_DataPort
0x0049	0x200A      	CALL       __Lib_Glcd_Strobe
L_end_Glcd_Set_X:
0x004A	0x0008      	RETURN
; end of _Glcd_Set_X
___CC2DW:
_CC2D_Loop1:
0x004B	0x2027      	CALL       _____DoICP
0x004C	0x118A      	BCF        PCLATH, 3
0x004D	0x120A      	BCF        PCLATH, 4
0x004E	0x0080      	MOVWF      INDF
0x004F	0x0A84      	INCF       FSR, 1
0x0050	0x0AA0      	INCF       ___DoICPAddr, 1
0x0051	0x1903      	BTFSC      STATUS, 2
0x0052	0x0AA1      	INCF       ___DoICPAddr+1, 1
0x0053	0x03F0      	DECF       R0, 1
0x0054	0x1D03      	BTFSS      STATUS, 2
0x0055	0x284B      	GOTO       _CC2D_Loop1
L_end___CC2DW:
0x0056	0x0008      	RETURN
; end of ___CC2DW
_Glcd_Image:
0x0057	0x1283      	BCF        STATUS, 5
0x0058	0x1303      	BCF        STATUS, 6
0x0059	0x01A5      	CLRF       Glcd_Image_pg_L0
0x005A	0x01A6      	CLRF       Glcd_Image_clan_niza_L0
0x005B	0x01A7      	CLRF       Glcd_Image_clan_niza_L0+1
L_Glcd_Image100:
0x005C	0x0825      	MOVF       Glcd_Image_pg_L0, 0
0x005D	0x3C07      	SUBLW      7
0x005E	0x1C03      	BTFSS      STATUS, 0
0x005F	0x28A9      	GOTO       L_Glcd_Image101
0x0060	0x01A8      	CLRF       FARG_Glcd_Set_Side_x_pos
0x0061	0x200F      	CALL       _Glcd_Set_Side
0x0062	0x0825      	MOVF       Glcd_Image_pg_L0, 0
0x0063	0x00A8      	MOVWF      FARG_Glcd_Set_Page_page
0x0064	0x201E      	CALL       _Glcd_Set_Page
0x0065	0x01A8      	CLRF       FARG_Glcd_Set_X_x_pos
0x0066	0x2037      	CALL       _Glcd_Set_X
0x0067	0x01A4      	CLRF       Glcd_Image_col_L0
L_Glcd_Image102:
0x0068	0x0824      	MOVF       Glcd_Image_col_L0, 0
0x0069	0x3C3F      	SUBLW      63
0x006A	0x1C03      	BTFSS      STATUS, 0
0x006B	0x2882      	GOTO       L_Glcd_Image103
0x006C	0x0826      	MOVF       Glcd_Image_clan_niza_L0, 0
0x006D	0x0722      	ADDWF      FARG_Glcd_Image_image, 0
0x006E	0x00F0      	MOVWF      R0
0x006F	0x0823      	MOVF       FARG_Glcd_Image_image+1, 0
0x0070	0x1803      	BTFSC      STATUS, 0
0x0071	0x3E01      	ADDLW      1
0x0072	0x0727      	ADDWF      Glcd_Image_clan_niza_L0+1, 0
0x0073	0x00F1      	MOVWF      R0+1
0x0074	0x0870      	MOVF       R0, 0
0x0075	0x00A0      	MOVWF      ___DoICPAddr
0x0076	0x0871      	MOVF       R0+1, 0
0x0077	0x00A1      	MOVWF      ___DoICPAddr+1
0x0078	0x2027      	CALL       _____DoICP
0x0079	0x118A      	BCF        PCLATH, 3
0x007A	0x120A      	BCF        PCLATH, 4
0x007B	0x00A8      	MOVWF      FARG_Glcd_Write_Data_ddata
0x007C	0x202E      	CALL       _Glcd_Write_Data
0x007D	0x0AA6      	INCF       Glcd_Image_clan_niza_L0, 1
0x007E	0x1903      	BTFSC      STATUS, 2
0x007F	0x0AA7      	INCF       Glcd_Image_clan_niza_L0+1, 1
0x0080	0x0AA4      	INCF       Glcd_Image_col_L0, 1
0x0081	0x2868      	GOTO       L_Glcd_Image102
L_Glcd_Image103:
0x0082	0x3040      	MOVLW      64
0x0083	0x00A8      	MOVWF      FARG_Glcd_Set_Side_x_pos
0x0084	0x200F      	CALL       _Glcd_Set_Side
0x0085	0x0825      	MOVF       Glcd_Image_pg_L0, 0
0x0086	0x00A8      	MOVWF      FARG_Glcd_Set_Page_page
0x0087	0x201E      	CALL       _Glcd_Set_Page
0x0088	0x3040      	MOVLW      64
0x0089	0x00A8      	MOVWF      FARG_Glcd_Set_X_x_pos
0x008A	0x2037      	CALL       _Glcd_Set_X
0x008B	0x3040      	MOVLW      64
0x008C	0x00A4      	MOVWF      Glcd_Image_col_L0
L_Glcd_Image105:
0x008D	0x0824      	MOVF       Glcd_Image_col_L0, 0
0x008E	0x3C7F      	SUBLW      127
0x008F	0x1C03      	BTFSS      STATUS, 0
0x0090	0x28A7      	GOTO       L_Glcd_Image106
0x0091	0x0826      	MOVF       Glcd_Image_clan_niza_L0, 0
0x0092	0x0722      	ADDWF      FARG_Glcd_Image_image, 0
0x0093	0x00F0      	MOVWF      R0
0x0094	0x0823      	MOVF       FARG_Glcd_Image_image+1, 0
0x0095	0x1803      	BTFSC      STATUS, 0
0x0096	0x3E01      	ADDLW      1
0x0097	0x0727      	ADDWF      Glcd_Image_clan_niza_L0+1, 0
0x0098	0x00F1      	MOVWF      R0+1
0x0099	0x0870      	MOVF       R0, 0
0x009A	0x00A0      	MOVWF      ___DoICPAddr
0x009B	0x0871      	MOVF       R0+1, 0
0x009C	0x00A1      	MOVWF      ___DoICPAddr+1
0x009D	0x2027      	CALL       _____DoICP
0x009E	0x118A      	BCF        PCLATH, 3
0x009F	0x120A      	BCF        PCLATH, 4
0x00A0	0x00A8      	MOVWF      FARG_Glcd_Write_Data_ddata
0x00A1	0x202E      	CALL       _Glcd_Write_Data
0x00A2	0x0AA6      	INCF       Glcd_Image_clan_niza_L0, 1
0x00A3	0x1903      	BTFSC      STATUS, 2
0x00A4	0x0AA7      	INCF       Glcd_Image_clan_niza_L0+1, 1
0x00A5	0x0AA4      	INCF       Glcd_Image_col_L0, 1
0x00A6	0x288D      	GOTO       L_Glcd_Image105
L_Glcd_Image106:
0x00A7	0x0AA5      	INCF       Glcd_Image_pg_L0, 1
0x00A8	0x285C      	GOTO       L_Glcd_Image100
L_Glcd_Image101:
L_end_Glcd_Image:
0x00A9	0x0008      	RETURN
; end of _Glcd_Image
_main:
0x00AA	0x30C0      	MOVLW      _jy
0x00AB	0x1283      	BCF        STATUS, 5
0x00AC	0x1303      	BCF        STATUS, 6
0x00AD	0x00A2      	MOVWF      FARG_Glcd_Image_image
0x00AE	0x3000      	MOVLW      hi_addr(_jy)
0x00AF	0x00A3      	MOVWF      FARG_Glcd_Image_image+1
0x00B0	0x2057      	CALL       _Glcd_Image
0x00B1	0x300F      	MOVLW      15
0x00B2	0x00FB      	MOVWF      R11
0x00B3	0x3007      	MOVLW      7
0x00B4	0x00FC      	MOVWF      R12
0x00B5	0x309A      	MOVLW      154
0x00B6	0x00FD      	MOVWF      R13
L_main0:
0x00B7	0x0BFD      	DECFSZ     R13, 1
0x00B8	0x28B7      	GOTO       L_main0
0x00B9	0x0BFC      	DECFSZ     R12, 1
0x00BA	0x28B7      	GOTO       L_main0
0x00BB	0x0BFB      	DECFSZ     R11, 1
0x00BC	0x28B7      	GOTO       L_main0
0x00BD	0x0000      	NOP
L_main1:
0x00BE	0x28BE      	GOTO       L_main1
L_end_main:
0x00BF	0x28BF      	GOTO       $+0
; end of _main
;MyProject.c,14 :: _jy
0x00C0	0x34FF ;_jy+0
0x00C1	0x34FF ;_jy+1
0x00C2	0x34FF ;_jy+2
0x00C3	0x34FF ;_jy+3
0x00C4	0x34FF ;_jy+4
0x00C5	0x34FF ;_jy+5
0x00C6	0x34FF ;_jy+6
0x00C7	0x34FF ;_jy+7
0x00C8	0x34FF ;_jy+8
0x00C9	0x34FF ;_jy+9
0x00CA	0x34FF ;_jy+10
0x00CB	0x34FF ;_jy+11
0x00CC	0x34FF ;_jy+12
0x00CD	0x34FF ;_jy+13
0x00CE	0x34FF ;_jy+14
0x00CF	0x34FF ;_jy+15
0x00D0	0x34FF ;_jy+16
0x00D1	0x34FF ;_jy+17
0x00D2	0x34FF ;_jy+18
0x00D3	0x34FF ;_jy+19
0x00D4	0x34FF ;_jy+20
0x00D5	0x34FF ;_jy+21
0x00D6	0x34FF ;_jy+22
0x00D7	0x34FF ;_jy+23
0x00D8	0x34FF ;_jy+24
0x00D9	0x34FF ;_jy+25
0x00DA	0x34FF ;_jy+26
0x00DB	0x34FF ;_jy+27
0x00DC	0x34FF ;_jy+28
0x00DD	0x34FF ;_jy+29
0x00DE	0x34FF ;_jy+30
0x00DF	0x34FF ;_jy+31
0x00E0	0x34FF ;_jy+32
0x00E1	0x34FF ;_jy+33
0x00E2	0x34FF ;_jy+34
0x00E3	0x34FF ;_jy+35
0x00E4	0x34FF ;_jy+36
0x00E5	0x34FF ;_jy+37
0x00E6	0x34FF ;_jy+38
0x00E7	0x34FF ;_jy+39
0x00E8	0x34FF ;_jy+40
0x00E9	0x34FF ;_jy+41
0x00EA	0x34FF ;_jy+42
0x00EB	0x34FF ;_jy+43
0x00EC	0x34FF ;_jy+44
0x00ED	0x34FF ;_jy+45
0x00EE	0x34FF ;_jy+46
0x00EF	0x34FF ;_jy+47
0x00F0	0x34FF ;_jy+48
0x00F1	0x34FF ;_jy+49
0x00F2	0x34FF ;_jy+50
0x00F3	0x34FF ;_jy+51
0x00F4	0x34FF ;_jy+52
0x00F5	0x34FF ;_jy+53
0x00F6	0x34FF ;_jy+54
0x00F7	0x34FF ;_jy+55
0x00F8	0x34FF ;_jy+56
0x00F9	0x34FF ;_jy+57
0x00FA	0x34FF ;_jy+58
0x00FB	0x34FF ;_jy+59
0x00FC	0x34FF ;_jy+60
0x00FD	0x34FF ;_jy+61
0x00FE	0x34FF ;_jy+62
0x00FF	0x34FF ;_jy+63
0x0100	0x34FF ;_jy+64
0x0101	0x34FF ;_jy+65
0x0102	0x34FF ;_jy+66
0x0103	0x34FF ;_jy+67
0x0104	0x34FF ;_jy+68
0x0105	0x34FF ;_jy+69
0x0106	0x34FF ;_jy+70
0x0107	0x34FF ;_jy+71
0x0108	0x34FF ;_jy+72
0x0109	0x34FF ;_jy+73
0x010A	0x34FF ;_jy+74
0x010B	0x34FF ;_jy+75
0x010C	0x34FF ;_jy+76
0x010D	0x34FF ;_jy+77
0x010E	0x34FF ;_jy+78
0x010F	0x34FF ;_jy+79
0x0110	0x34FF ;_jy+80
0x0111	0x34FF ;_jy+81
0x0112	0x34FF ;_jy+82
0x0113	0x34FF ;_jy+83
0x0114	0x34FF ;_jy+84
0x0115	0x34FF ;_jy+85
0x0116	0x34FF ;_jy+86
0x0117	0x34FF ;_jy+87
0x0118	0x34FF ;_jy+88
0x0119	0x34FF ;_jy+89
0x011A	0x34FF ;_jy+90
0x011B	0x34FF ;_jy+91
0x011C	0x34FF ;_jy+92
0x011D	0x34FF ;_jy+93
0x011E	0x34FF ;_jy+94
0x011F	0x34FF ;_jy+95
0x0120	0x34FF ;_jy+96
0x0121	0x34FF ;_jy+97
0x0122	0x34FF ;_jy+98
0x0123	0x34FF ;_jy+99
0x0124	0x34FF ;_jy+100
0x0125	0x34FF ;_jy+101
0x0126	0x34FF ;_jy+102
0x0127	0x34FF ;_jy+103
0x0128	0x34FF ;_jy+104
0x0129	0x34FF ;_jy+105
0x012A	0x34FF ;_jy+106
0x012B	0x34FF ;_jy+107
0x012C	0x34FF ;_jy+108
0x012D	0x34FF ;_jy+109
0x012E	0x34FF ;_jy+110
0x012F	0x34FF ;_jy+111
0x0130	0x34FF ;_jy+112
0x0131	0x34FF ;_jy+113
0x0132	0x34FF ;_jy+114
0x0133	0x34FF ;_jy+115
0x0134	0x34FF ;_jy+116
0x0135	0x34FF ;_jy+117
0x0136	0x34FF ;_jy+118
0x0137	0x34FF ;_jy+119
0x0138	0x34FF ;_jy+120
0x0139	0x34FF ;_jy+121
0x013A	0x34FF ;_jy+122
0x013B	0x34FF ;_jy+123
0x013C	0x34FF ;_jy+124
0x013D	0x34FF ;_jy+125
0x013E	0x34FF ;_jy+126
0x013F	0x34FF ;_jy+127
0x0140	0x34FF ;_jy+128
0x0141	0x34FF ;_jy+129
0x0142	0x34FF ;_jy+130
0x0143	0x34FF ;_jy+131
0x0144	0x34FF ;_jy+132
0x0145	0x34FF ;_jy+133
0x0146	0x34FF ;_jy+134
0x0147	0x34FF ;_jy+135
0x0148	0x34FF ;_jy+136
0x0149	0x34FF ;_jy+137
0x014A	0x34FF ;_jy+138
0x014B	0x34FF ;_jy+139
0x014C	0x34FF ;_jy+140
0x014D	0x34FF ;_jy+141
0x014E	0x34FF ;_jy+142
0x014F	0x34FF ;_jy+143
0x0150	0x34FF ;_jy+144
0x0151	0x34FF ;_jy+145
0x0152	0x34FF ;_jy+146
0x0153	0x34FF ;_jy+147
0x0154	0x34FF ;_jy+148
0x0155	0x34FF ;_jy+149
0x0156	0x34FF ;_jy+150
0x0157	0x34FF ;_jy+151
0x0158	0x34FF ;_jy+152
0x0159	0x34FF ;_jy+153
0x015A	0x34FF ;_jy+154
0x015B	0x34FF ;_jy+155
0x015C	0x34FF ;_jy+156
0x015D	0x34FF ;_jy+157
0x015E	0x34FF ;_jy+158
0x015F	0x34FF ;_jy+159
0x0160	0x34FF ;_jy+160
0x0161	0x34FF ;_jy+161
0x0162	0x34FF ;_jy+162
0x0163	0x34FF ;_jy+163
0x0164	0x34FF ;_jy+164
0x0165	0x34FF ;_jy+165
0x0166	0x34FF ;_jy+166
0x0167	0x34FF ;_jy+167
0x0168	0x34FF ;_jy+168
0x0169	0x34FF ;_jy+169
0x016A	0x34FF ;_jy+170
0x016B	0x34FF ;_jy+171
0x016C	0x34FF ;_jy+172
0x016D	0x34FF ;_jy+173
0x016E	0x34FF ;_jy+174
0x016F	0x34FF ;_jy+175
0x0170	0x34FF ;_jy+176
0x0171	0x34FF ;_jy+177
0x0172	0x34FF ;_jy+178
0x0173	0x34FF ;_jy+179
0x0174	0x34FF ;_jy+180
0x0175	0x34FF ;_jy+181
0x0176	0x34FF ;_jy+182
0x0177	0x34FF ;_jy+183
0x0178	0x34FF ;_jy+184
0x0179	0x34FF ;_jy+185
0x017A	0x34FF ;_jy+186
0x017B	0x34FF ;_jy+187
0x017C	0x34FF ;_jy+188
0x017D	0x34FF ;_jy+189
0x017E	0x34FF ;_jy+190
0x017F	0x34FF ;_jy+191
0x0180	0x34FF ;_jy+192
0x0181	0x34FF ;_jy+193
0x0182	0x34FF ;_jy+194
0x0183	0x34FF ;_jy+195
0x0184	0x34FF ;_jy+196
0x0185	0x34FF ;_jy+197
0x0186	0x347F ;_jy+198
0x0187	0x347F ;_jy+199
0x0188	0x343F ;_jy+200
0x0189	0x343F ;_jy+201
0x018A	0x343F ;_jy+202
0x018B	0x343F ;_jy+203
0x018C	0x343F ;_jy+204
0x018D	0x341F ;_jy+205
0x018E	0x341F ;_jy+206
0x018F	0x341F ;_jy+207
0x0190	0x341F ;_jy+208
0x0191	0x341F ;_jy+209
0x0192	0x341F ;_jy+210
0x0193	0x341F ;_jy+211
0x0194	0x341F ;_jy+212
0x0195	0x341F ;_jy+213
0x0196	0x343F ;_jy+214
0x0197	0x343F ;_jy+215
0x0198	0x343F ;_jy+216
0x0199	0x343F ;_jy+217
0x019A	0x343F ;_jy+218
0x019B	0x347F ;_jy+219
0x019C	0x347F ;_jy+220
0x019D	0x34FF ;_jy+221
0x019E	0x34FF ;_jy+222
0x019F	0x34FF ;_jy+223
0x01A0	0x34FF ;_jy+224
0x01A1	0x34FF ;_jy+225
0x01A2	0x34FF ;_jy+226
0x01A3	0x34FF ;_jy+227
0x01A4	0x34FF ;_jy+228
0x01A5	0x34FF ;_jy+229
0x01A6	0x34FF ;_jy+230
0x01A7	0x34FF ;_jy+231
0x01A8	0x34FF ;_jy+232
0x01A9	0x34FF ;_jy+233
0x01AA	0x34FF ;_jy+234
0x01AB	0x34FF ;_jy+235
0x01AC	0x34FF ;_jy+236
0x01AD	0x34FF ;_jy+237
0x01AE	0x34FF ;_jy+238
0x01AF	0x34FF ;_jy+239
0x01B0	0x34FF ;_jy+240
0x01B1	0x34FF ;_jy+241
0x01B2	0x34FF ;_jy+242
0x01B3	0x34FF ;_jy+243
0x01B4	0x34FF ;_jy+244
0x01B5	0x34FF ;_jy+245
0x01B6	0x34FF ;_jy+246
0x01B7	0x34FF ;_jy+247
0x01B8	0x34FF ;_jy+248
0x01B9	0x34FF ;_jy+249
0x01BA	0x34FF ;_jy+250
0x01BB	0x34FF ;_jy+251
0x01BC	0x34FF ;_jy+252
0x01BD	0x34FF ;_jy+253
0x01BE	0x34FF ;_jy+254
0x01BF	0x34FF ;_jy+255
0x01C0	0x34FF ;_jy+256
0x01C1	0x34FF ;_jy+257
0x01C2	0x34FF ;_jy+258
0x01C3	0x34FF ;_jy+259
0x01C4	0x34FF ;_jy+260
0x01C5	0x34FF ;_jy+261
0x01C6	0x34FF ;_jy+262
0x01C7	0x34FF ;_jy+263
0x01C8	0x34FF ;_jy+264
0x01C9	0x34FF ;_jy+265
0x01CA	0x34FF ;_jy+266
0x01CB	0x34FF ;_jy+267
0x01CC	0x34FF ;_jy+268
0x01CD	0x34FF ;_jy+269
0x01CE	0x34FF ;_jy+270
0x01CF	0x34FF ;_jy+271
0x01D0	0x34FF ;_jy+272
0x01D1	0x34FF ;_jy+273
0x01D2	0x34FF ;_jy+274
0x01D3	0x34FF ;_jy+275
0x01D4	0x34FF ;_jy+276
0x01D5	0x34FF ;_jy+277
0x01D6	0x34FF ;_jy+278
0x01D7	0x34FF ;_jy+279
0x01D8	0x34FF ;_jy+280
0x01D9	0x34FF ;_jy+281
0x01DA	0x34FF ;_jy+282
0x01DB	0x34FF ;_jy+283
0x01DC	0x34FF ;_jy+284
0x01DD	0x34FF ;_jy+285
0x01DE	0x34FF ;_jy+286
0x01DF	0x34FF ;_jy+287
0x01E0	0x34FF ;_jy+288
0x01E1	0x34FF ;_jy+289
0x01E2	0x34FF ;_jy+290
0x01E3	0x34FF ;_jy+291
0x01E4	0x34FF ;_jy+292
0x01E5	0x34FF ;_jy+293
0x01E6	0x34FF ;_jy+294
0x01E7	0x34FF ;_jy+295
0x01E8	0x34FF ;_jy+296
0x01E9	0x34FF ;_jy+297
0x01EA	0x34FF ;_jy+298
0x01EB	0x34FF ;_jy+299
0x01EC	0x34FF ;_jy+300
0x01ED	0x34FF ;_jy+301
0x01EE	0x34FF ;_jy+302
0x01EF	0x34FF ;_jy+303
0x01F0	0x34FF ;_jy+304
0x01F1	0x34FF ;_jy+305
0x01F2	0x34FF ;_jy+306
0x01F3	0x34FF ;_jy+307
0x01F4	0x34FF ;_jy+308
0x01F5	0x34FF ;_jy+309
0x01F6	0x34FF ;_jy+310
0x01F7	0x34FF ;_jy+311
0x01F8	0x34FF ;_jy+312
0x01F9	0x34FF ;_jy+313
0x01FA	0x34FF ;_jy+314
0x01FB	0x34FF ;_jy+315
0x01FC	0x34FF ;_jy+316
0x01FD	0x34FF ;_jy+317
0x01FE	0x34BF ;_jy+318
0x01FF	0x34CF ;_jy+319
0x0200	0x34E7 ;_jy+320
0x0201	0x34E3 ;_jy+321
0x0202	0x34F3 ;_jy+322
0x0203	0x34F9 ;_jy+323
0x0204	0x34F8 ;_jy+324
0x0205	0x34FC ;_jy+325
0x0206	0x34FC ;_jy+326
0x0207	0x34FE ;_jy+327
0x0208	0x34F8 ;_jy+328
0x0209	0x3480 ;_jy+329
0x020A	0x34FE ;_jy+330
0x020B	0x34FE ;_jy+331
0x020C	0x34FF ;_jy+332
0x020D	0x34FF ;_jy+333
0x020E	0x34FF ;_jy+334
0x020F	0x34FF ;_jy+335
0x0210	0x348F ;_jy+336
0x0211	0x34E3 ;_jy+337
0x0212	0x34F3 ;_jy+338
0x0213	0x34FE ;_jy+339
0x0214	0x34FE ;_jy+340
0x0215	0x34FE ;_jy+341
0x0216	0x347E ;_jy+342
0x0217	0x343E ;_jy+343
0x0218	0x34BC ;_jy+344
0x0219	0x349C ;_jy+345
0x021A	0x34C8 ;_jy+346
0x021B	0x34F8 ;_jy+347
0x021C	0x34F0 ;_jy+348
0x021D	0x34F0 ;_jy+349
0x021E	0x34E0 ;_jy+350
0x021F	0x34C0 ;_jy+351
0x0220	0x3481 ;_jy+352
0x0221	0x3403 ;_jy+353
0x0222	0x3407 ;_jy+354
0x0223	0x3407 ;_jy+355
0x0224	0x341F ;_jy+356
0x0225	0x343F ;_jy+357
0x0226	0x34FF ;_jy+358
0x0227	0x34FF ;_jy+359
0x0228	0x34FF ;_jy+360
0x0229	0x34FF ;_jy+361
0x022A	0x34FF ;_jy+362
0x022B	0x34FF ;_jy+363
0x022C	0x34FF ;_jy+364
0x022D	0x34FF ;_jy+365
0x022E	0x34FF ;_jy+366
0x022F	0x34FF ;_jy+367
0x0230	0x34FF ;_jy+368
0x0231	0x34FF ;_jy+369
0x0232	0x34FF ;_jy+370
0x0233	0x34FF ;_jy+371
0x0234	0x34FF ;_jy+372
0x0235	0x34FF ;_jy+373
0x0236	0x34FF ;_jy+374
0x0237	0x34FF ;_jy+375
0x0238	0x34FF ;_jy+376
0x0239	0x34FF ;_jy+377
0x023A	0x34FF ;_jy+378
0x023B	0x34FF ;_jy+379
0x023C	0x34FF ;_jy+380
0x023D	0x34FF ;_jy+381
0x023E	0x34FF ;_jy+382
0x023F	0x34FF ;_jy+383
0x0240	0x34FF ;_jy+384
0x0241	0x34FF ;_jy+385
0x0242	0x34FF ;_jy+386
0x0243	0x34FF ;_jy+387
0x0244	0x34FF ;_jy+388
0x0245	0x34FF ;_jy+389
0x0246	0x34FF ;_jy+390
0x0247	0x34FF ;_jy+391
0x0248	0x34FF ;_jy+392
0x0249	0x34FF ;_jy+393
0x024A	0x34FF ;_jy+394
0x024B	0x34FF ;_jy+395
0x024C	0x34FF ;_jy+396
0x024D	0x34FF ;_jy+397
0x024E	0x34FF ;_jy+398
0x024F	0x34FF ;_jy+399
0x0250	0x34FF ;_jy+400
0x0251	0x34FF ;_jy+401
0x0252	0x34FF ;_jy+402
0x0253	0x34FF ;_jy+403
0x0254	0x34FF ;_jy+404
0x0255	0x34FF ;_jy+405
0x0256	0x34FF ;_jy+406
0x0257	0x34FF ;_jy+407
0x0258	0x34FF ;_jy+408
0x0259	0x34FF ;_jy+409
0x025A	0x34FF ;_jy+410
0x025B	0x34FF ;_jy+411
0x025C	0x34FF ;_jy+412
0x025D	0x3401 ;_jy+413
0x025E	0x3401 ;_jy+414
0x025F	0x3401 ;_jy+415
0x0260	0x3401 ;_jy+416
0x0261	0x3401 ;_jy+417
0x0262	0x3401 ;_jy+418
0x0263	0x3401 ;_jy+419
0x0264	0x3401 ;_jy+420
0x0265	0x3401 ;_jy+421
0x0266	0x3401 ;_jy+422
0x0267	0x3401 ;_jy+423
0x0268	0x3401 ;_jy+424
0x0269	0x3401 ;_jy+425
0x026A	0x3407 ;_jy+426
0x026B	0x340F ;_jy+427
0x026C	0x343F ;_jy+428
0x026D	0x347F ;_jy+429
0x026E	0x34FF ;_jy+430
0x026F	0x34FF ;_jy+431
0x0270	0x34FF ;_jy+432
0x0271	0x34FF ;_jy+433
0x0272	0x34FF ;_jy+434
0x0273	0x34FF ;_jy+435
0x0274	0x34FF ;_jy+436
0x0275	0x347F ;_jy+437
0x0276	0x343F ;_jy+438
0x0277	0x341F ;_jy+439
0x0278	0x3407 ;_jy+440
0x0279	0x3403 ;_jy+441
0x027A	0x3401 ;_jy+442
0x027B	0x3401 ;_jy+443
0x027C	0x3401 ;_jy+444
0x027D	0x3401 ;_jy+445
0x027E	0x3481 ;_jy+446
0x027F	0x3441 ;_jy+447
0x0280	0x34C1 ;_jy+448
0x0281	0x34C1 ;_jy+449
0x0282	0x34C1 ;_jy+450
0x0283	0x34C1 ;_jy+451
0x0284	0x34C1 ;_jy+452
0x0285	0x34C1 ;_jy+453
0x0286	0x34C1 ;_jy+454
0x0287	0x34C1 ;_jy+455
0x0288	0x3441 ;_jy+456
0x0289	0x3441 ;_jy+457
0x028A	0x3441 ;_jy+458
0x028B	0x3401 ;_jy+459
0x028C	0x3401 ;_jy+460
0x028D	0x3401 ;_jy+461
0x028E	0x3491 ;_jy+462
0x028F	0x34C1 ;_jy+463
0x0290	0x3481 ;_jy+464
0x0291	0x3405 ;_jy+465
0x0292	0x3401 ;_jy+466
0x0293	0x3401 ;_jy+467
0x0294	0x3401 ;_jy+468
0x0295	0x3400 ;_jy+469
0x0296	0x3406 ;_jy+470
0x0297	0x340F ;_jy+471
0x0298	0x343F ;_jy+472
0x0299	0x34F7 ;_jy+473
0x029A	0x34F7 ;_jy+474
0x029B	0x3473 ;_jy+475
0x029C	0x347B ;_jy+476
0x029D	0x347B ;_jy+477
0x029E	0x3479 ;_jy+478
0x029F	0x347D ;_jy+479
0x02A0	0x347F ;_jy+480
0x02A1	0x347F ;_jy+481
0x02A2	0x34FC ;_jy+482
0x02A3	0x3400 ;_jy+483
0x02A4	0x3400 ;_jy+484
0x02A5	0x3400 ;_jy+485
0x02A6	0x3481 ;_jy+486
0x02A7	0x34FF ;_jy+487
0x02A8	0x34FF ;_jy+488
0x02A9	0x34FF ;_jy+489
0x02AA	0x34FF ;_jy+490
0x02AB	0x34FF ;_jy+491
0x02AC	0x34FF ;_jy+492
0x02AD	0x34FF ;_jy+493
0x02AE	0x34FF ;_jy+494
0x02AF	0x34FF ;_jy+495
0x02B0	0x34FF ;_jy+496
0x02B1	0x34FF ;_jy+497
0x02B2	0x34FF ;_jy+498
0x02B3	0x34FF ;_jy+499
0x02B4	0x34FF ;_jy+500
0x02B5	0x34FF ;_jy+501
0x02B6	0x34FF ;_jy+502
0x02B7	0x34FF ;_jy+503
0x02B8	0x34FF ;_jy+504
0x02B9	0x34FF ;_jy+505
0x02BA	0x34FF ;_jy+506
0x02BB	0x34FF ;_jy+507
0x02BC	0x34FF ;_jy+508
0x02BD	0x34FF ;_jy+509
0x02BE	0x34FF ;_jy+510
0x02BF	0x34FF ;_jy+511
0x02C0	0x34FF ;_jy+512
0x02C1	0x34FF ;_jy+513
0x02C2	0x34FF ;_jy+514
0x02C3	0x34FF ;_jy+515
0x02C4	0x34FF ;_jy+516
0x02C5	0x34FF ;_jy+517
0x02C6	0x34FF ;_jy+518
0x02C7	0x34FF ;_jy+519
0x02C8	0x34FF ;_jy+520
0x02C9	0x34FF ;_jy+521
0x02CA	0x34FF ;_jy+522
0x02CB	0x34FF ;_jy+523
0x02CC	0x34FF ;_jy+524
0x02CD	0x34FF ;_jy+525
0x02CE	0x34FF ;_jy+526
0x02CF	0x34FF ;_jy+527
0x02D0	0x34FF ;_jy+528
0x02D1	0x34FF ;_jy+529
0x02D2	0x34FF ;_jy+530
0x02D3	0x34FF ;_jy+531
0x02D4	0x34FF ;_jy+532
0x02D5	0x34FF ;_jy+533
0x02D6	0x34FF ;_jy+534
0x02D7	0x34FF ;_jy+535
0x02D8	0x34FF ;_jy+536
0x02D9	0x34FF ;_jy+537
0x02DA	0x34FF ;_jy+538
0x02DB	0x34FF ;_jy+539
0x02DC	0x34FF ;_jy+540
0x02DD	0x3400 ;_jy+541
0x02DE	0x3400 ;_jy+542
0x02DF	0x3400 ;_jy+543
0x02E0	0x3400 ;_jy+544
0x02E1	0x3400 ;_jy+545
0x02E2	0x3400 ;_jy+546
0x02E3	0x3400 ;_jy+547
0x02E4	0x3400 ;_jy+548
0x02E5	0x34FF ;_jy+549
0x02E6	0x34FE ;_jy+550
0x02E7	0x34FC ;_jy+551
0x02E8	0x34F8 ;_jy+552
0x02E9	0x34E0 ;_jy+553
0x02EA	0x34C0 ;_jy+554
0x02EB	0x3400 ;_jy+555
0x02EC	0x3400 ;_jy+556
0x02ED	0x3400 ;_jy+557
0x02EE	0x3400 ;_jy+558
0x02EF	0x3403 ;_jy+559
0x02F0	0x3407 ;_jy+560
0x02F1	0x341F ;_jy+561
0x02F2	0x3407 ;_jy+562
0x02F3	0x3403 ;_jy+563
0x02F4	0x3401 ;_jy+564
0x02F5	0x3400 ;_jy+565
0x02F6	0x3400 ;_jy+566
0x02F7	0x3400 ;_jy+567
0x02F8	0x3440 ;_jy+568
0x02F9	0x3420 ;_jy+569
0x02FA	0x3400 ;_jy+570
0x02FB	0x3404 ;_jy+571
0x02FC	0x3402 ;_jy+572
0x02FD	0x3401 ;_jy+573
0x02FE	0x3400 ;_jy+574
0x02FF	0x3400 ;_jy+575
0x0300	0x343F ;_jy+576
0x0301	0x343F ;_jy+577
0x0302	0x343F ;_jy+578
0x0303	0x343F ;_jy+579
0x0304	0x3433 ;_jy+580
0x0305	0x3421 ;_jy+581
0x0306	0x3400 ;_jy+582
0x0307	0x3430 ;_jy+583
0x0308	0x3430 ;_jy+584
0x0309	0x3430 ;_jy+585
0x030A	0x3430 ;_jy+586
0x030B	0x3438 ;_jy+587
0x030C	0x343E ;_jy+588
0x030D	0x343F ;_jy+589
0x030E	0x343F ;_jy+590
0x030F	0x341F ;_jy+591
0x0310	0x341F ;_jy+592
0x0311	0x3400 ;_jy+593
0x0312	0x3400 ;_jy+594
0x0313	0x3400 ;_jy+595
0x0314	0x3400 ;_jy+596
0x0315	0x3400 ;_jy+597
0x0316	0x3400 ;_jy+598
0x0317	0x3400 ;_jy+599
0x0318	0x34E0 ;_jy+600
0x0319	0x34FF ;_jy+601
0x031A	0x34FF ;_jy+602
0x031B	0x34FF ;_jy+603
0x031C	0x34FF ;_jy+604
0x031D	0x347F ;_jy+605
0x031E	0x343F ;_jy+606
0x031F	0x341F ;_jy+607
0x0320	0x349F ;_jy+608
0x0321	0x34C7 ;_jy+609
0x0322	0x34C1 ;_jy+610
0x0323	0x34E0 ;_jy+611
0x0324	0x34F8 ;_jy+612
0x0325	0x34FC ;_jy+613
0x0326	0x34FF ;_jy+614
0x0327	0x34FF ;_jy+615
0x0328	0x34FF ;_jy+616
0x0329	0x34FF ;_jy+617
0x032A	0x34FF ;_jy+618
0x032B	0x34FF ;_jy+619
0x032C	0x34FF ;_jy+620
0x032D	0x34FF ;_jy+621
0x032E	0x34FF ;_jy+622
0x032F	0x34FF ;_jy+623
0x0330	0x34FF ;_jy+624
0x0331	0x34FF ;_jy+625
0x0332	0x34FF ;_jy+626
0x0333	0x34FF ;_jy+627
0x0334	0x34FF ;_jy+628
0x0335	0x34FF ;_jy+629
0x0336	0x34FF ;_jy+630
0x0337	0x34FF ;_jy+631
0x0338	0x34FF ;_jy+632
0x0339	0x34FF ;_jy+633
0x033A	0x34FF ;_jy+634
0x033B	0x34FF ;_jy+635
0x033C	0x34FF ;_jy+636
0x033D	0x34FF ;_jy+637
0x033E	0x34FF ;_jy+638
0x033F	0x34FF ;_jy+639
0x0340	0x34FF ;_jy+640
0x0341	0x34FF ;_jy+641
0x0342	0x34FF ;_jy+642
0x0343	0x34FF ;_jy+643
0x0344	0x34FF ;_jy+644
0x0345	0x34FF ;_jy+645
0x0346	0x34FF ;_jy+646
0x0347	0x34FF ;_jy+647
0x0348	0x34FF ;_jy+648
0x0349	0x34FF ;_jy+649
0x034A	0x34FF ;_jy+650
0x034B	0x34FF ;_jy+651
0x034C	0x34FF ;_jy+652
0x034D	0x34FF ;_jy+653
0x034E	0x34FF ;_jy+654
0x034F	0x34FF ;_jy+655
0x0350	0x34FF ;_jy+656
0x0351	0x34FF ;_jy+657
0x0352	0x34FF ;_jy+658
0x0353	0x34FF ;_jy+659
0x0354	0x34FF ;_jy+660
0x0355	0x34FF ;_jy+661
0x0356	0x34FF ;_jy+662
0x0357	0x34FF ;_jy+663
0x0358	0x34FF ;_jy+664
0x0359	0x34FF ;_jy+665
0x035A	0x34FF ;_jy+666
0x035B	0x34FF ;_jy+667
0x035C	0x34FF ;_jy+668
0x035D	0x3438 ;_jy+669
0x035E	0x3408 ;_jy+670
0x035F	0x3408 ;_jy+671
0x0360	0x3488 ;_jy+672
0x0361	0x3408 ;_jy+673
0x0362	0x3408 ;_jy+674
0x0363	0x3438 ;_jy+675
0x0364	0x34F8 ;_jy+676
0x0365	0x340F ;_jy+677
0x0366	0x340F ;_jy+678
0x0367	0x340F ;_jy+679
0x0368	0x34FF ;_jy+680
0x0369	0x34FF ;_jy+681
0x036A	0x340F ;_jy+682
0x036B	0x340F ;_jy+683
0x036C	0x340F ;_jy+684
0x036D	0x34FC ;_jy+685
0x036E	0x34C8 ;_jy+686
0x036F	0x34C8 ;_jy+687
0x0370	0x3408 ;_jy+688
0x0371	0x3408 ;_jy+689
0x0372	0x3408 ;_jy+690
0x0373	0x34C8 ;_jy+691
0x0374	0x34C8 ;_jy+692
0x0375	0x34FC ;_jy+693
0x0376	0x340E ;_jy+694
0x0377	0x340F ;_jy+695
0x0378	0x3408 ;_jy+696
0x0379	0x34C8 ;_jy+697
0x037A	0x34C8 ;_jy+698
0x037B	0x3408 ;_jy+699
0x037C	0x3408 ;_jy+700
0x037D	0x3418 ;_jy+701
0x037E	0x34F8 ;_jy+702
0x037F	0x3408 ;_jy+703
0x0380	0x3408 ;_jy+704
0x0381	0x3408 ;_jy+705
0x0382	0x34C8 ;_jy+706
0x0383	0x34C8 ;_jy+707
0x0384	0x3408 ;_jy+708
0x0385	0x3408 ;_jy+709
0x0386	0x3438 ;_jy+710
0x0387	0x3418 ;_jy+711
0x0388	0x3408 ;_jy+712
0x0389	0x3408 ;_jy+713
0x038A	0x34C8 ;_jy+714
0x038B	0x34C8 ;_jy+715
0x038C	0x3408 ;_jy+716
0x038D	0x3408 ;_jy+717
0x038E	0x3408 ;_jy+718
0x038F	0x34F8 ;_jy+719
0x0390	0x3408 ;_jy+720
0x0391	0x3408 ;_jy+721
0x0392	0x3408 ;_jy+722
0x0393	0x34CC ;_jy+723
0x0394	0x34CC ;_jy+724
0x0395	0x340E ;_jy+725
0x0396	0x340F ;_jy+726
0x0397	0x340F ;_jy+727
0x0398	0x34FF ;_jy+728
0x0399	0x340F ;_jy+729
0x039A	0x340F ;_jy+730
0x039B	0x340C ;_jy+731
0x039C	0x340E ;_jy+732
0x039D	0x340E ;_jy+733
0x039E	0x340F ;_jy+734
0x039F	0x340F ;_jy+735
0x03A0	0x34FF ;_jy+736
0x03A1	0x349F ;_jy+737
0x03A2	0x340F ;_jy+738
0x03A3	0x340F ;_jy+739
0x03A4	0x340F ;_jy+740
0x03A5	0x340F ;_jy+741
0x03A6	0x340F ;_jy+742
0x03A7	0x340F ;_jy+743
0x03A8	0x340F ;_jy+744
0x03A9	0x34FF ;_jy+745
0x03AA	0x34FF ;_jy+746
0x03AB	0x34FF ;_jy+747
0x03AC	0x34FF ;_jy+748
0x03AD	0x34FF ;_jy+749
0x03AE	0x34FF ;_jy+750
0x03AF	0x34FF ;_jy+751
0x03B0	0x34FF ;_jy+752
0x03B1	0x34FF ;_jy+753
0x03B2	0x34FF ;_jy+754
0x03B3	0x34FF ;_jy+755
0x03B4	0x34FF ;_jy+756
0x03B5	0x34FF ;_jy+757
0x03B6	0x34FF ;_jy+758
0x03B7	0x34FF ;_jy+759
0x03B8	0x34FF ;_jy+760
0x03B9	0x34FF ;_jy+761
0x03BA	0x34FF ;_jy+762
0x03BB	0x34FF ;_jy+763
0x03BC	0x34FF ;_jy+764
0x03BD	0x34FF ;_jy+765
0x03BE	0x34FF ;_jy+766
0x03BF	0x34FF ;_jy+767
0x03C0	0x34FF ;_jy+768
0x03C1	0x34FF ;_jy+769
0x03C2	0x34FF ;_jy+770
0x03C3	0x34FF ;_jy+771
0x03C4	0x34FF ;_jy+772
0x03C5	0x34FF ;_jy+773
0x03C6	0x34FF ;_jy+774
0x03C7	0x34FF ;_jy+775
0x03C8	0x34FF ;_jy+776
0x03C9	0x34FF ;_jy+777
0x03CA	0x34FF ;_jy+778
0x03CB	0x34FF ;_jy+779
0x03CC	0x34FF ;_jy+780
0x03CD	0x34FF ;_jy+781
0x03CE	0x34FF ;_jy+782
0x03CF	0x34FF ;_jy+783
0x03D0	0x34FF ;_jy+784
0x03D1	0x34FF ;_jy+785
0x03D2	0x34FF ;_jy+786
0x03D3	0x34FF ;_jy+787
0x03D4	0x34FF ;_jy+788
0x03D5	0x34FF ;_jy+789
0x03D6	0x34FF ;_jy+790
0x03D7	0x34FF ;_jy+791
0x03D8	0x34FF ;_jy+792
0x03D9	0x34FF ;_jy+793
0x03DA	0x34FF ;_jy+794
0x03DB	0x34FF ;_jy+795
0x03DC	0x34FC ;_jy+796
0x03DD	0x34FC ;_jy+797
0x03DE	0x34FC ;_jy+798
0x03DF	0x34FE ;_jy+799
0x03E0	0x34FE ;_jy+800
0x03E1	0x34FE ;_jy+801
0x03E2	0x34FC ;_jy+802
0x03E3	0x34FC ;_jy+803
0x03E4	0x34FC ;_jy+804
0x03E5	0x34FE ;_jy+805
0x03E6	0x34FC ;_jy+806
0x03E7	0x34FC ;_jy+807
0x03E8	0x34FC ;_jy+808
0x03E9	0x34FC ;_jy+809
0x03EA	0x34FC ;_jy+810
0x03EB	0x34FC ;_jy+811
0x03EC	0x34FC ;_jy+812
0x03ED	0x34FF ;_jy+813
0x03EE	0x34FF ;_jy+814
0x03EF	0x34FF ;_jy+815
0x03F0	0x34FC ;_jy+816
0x03F1	0x34FC ;_jy+817
0x03F2	0x34FC ;_jy+818
0x03F3	0x34FF ;_jy+819
0x03F4	0x34FF ;_jy+820
0x03F5	0x34FF ;_jy+821
0x03F6	0x34FC ;_jy+822
0x03F7	0x34FC ;_jy+823
0x03F8	0x34FC ;_jy+824
0x03F9	0x34FC ;_jy+825
0x03FA	0x34FC ;_jy+826
0x03FB	0x34FC ;_jy+827
0x03FC	0x34FC ;_jy+828
0x03FD	0x34FE ;_jy+829
0x03FE	0x34FF ;_jy+830
0x03FF	0x34FC ;_jy+831
0x0400	0x34FC ;_jy+832
0x0401	0x34FC ;_jy+833
0x0402	0x34FC ;_jy+834
0x0403	0x34FC ;_jy+835
0x0404	0x34FC ;_jy+836
0x0405	0x34FC ;_jy+837
0x0406	0x34FE ;_jy+838
0x0407	0x34FE ;_jy+839
0x0408	0x34FC ;_jy+840
0x0409	0x34FC ;_jy+841
0x040A	0x34FC ;_jy+842
0x040B	0x34FC ;_jy+843
0x040C	0x34FC ;_jy+844
0x040D	0x34FC ;_jy+845
0x040E	0x34FC ;_jy+846
0x040F	0x34FF ;_jy+847
0x0410	0x34FC ;_jy+848
0x0411	0x34FC ;_jy+849
0x0412	0x34FC ;_jy+850
0x0413	0x34FC ;_jy+851
0x0414	0x34FC ;_jy+852
0x0415	0x34FC ;_jy+853
0x0416	0x34FC ;_jy+854
0x0417	0x34FC ;_jy+855
0x0418	0x34FF ;_jy+856
0x0419	0x34FC ;_jy+857
0x041A	0x34FC ;_jy+858
0x041B	0x34FC ;_jy+859
0x041C	0x34FC ;_jy+860
0x041D	0x34FC ;_jy+861
0x041E	0x34FC ;_jy+862
0x041F	0x34FC ;_jy+863
0x0420	0x34FC ;_jy+864
0x0421	0x34FC ;_jy+865
0x0422	0x34FC ;_jy+866
0x0423	0x34FC ;_jy+867
0x0424	0x34FC ;_jy+868
0x0425	0x34FC ;_jy+869
0x0426	0x34FC ;_jy+870
0x0427	0x34FC ;_jy+871
0x0428	0x34FC ;_jy+872
0x0429	0x34FF ;_jy+873
0x042A	0x34FF ;_jy+874
0x042B	0x34FF ;_jy+875
0x042C	0x34FF ;_jy+876
0x042D	0x34FF ;_jy+877
0x042E	0x34FF ;_jy+878
0x042F	0x34FF ;_jy+879
0x0430	0x34FF ;_jy+880
0x0431	0x34FF ;_jy+881
0x0432	0x34FF ;_jy+882
0x0433	0x34FF ;_jy+883
0x0434	0x34FF ;_jy+884
0x0435	0x34FF ;_jy+885
0x0436	0x34FF ;_jy+886
0x0437	0x34FF ;_jy+887
0x0438	0x34FF ;_jy+888
0x0439	0x34FF ;_jy+889
0x043A	0x34FF ;_jy+890
0x043B	0x34FF ;_jy+891
0x043C	0x34FF ;_jy+892
0x043D	0x34FF ;_jy+893
0x043E	0x34FF ;_jy+894
0x043F	0x34FF ;_jy+895
0x0440	0x34FF ;_jy+896
0x0441	0x34FF ;_jy+897
0x0442	0x34FF ;_jy+898
0x0443	0x34FF ;_jy+899
0x0444	0x34FF ;_jy+900
0x0445	0x34FF ;_jy+901
0x0446	0x34FF ;_jy+902
0x0447	0x34FF ;_jy+903
0x0448	0x34FF ;_jy+904
0x0449	0x34FF ;_jy+905
0x044A	0x34FF ;_jy+906
0x044B	0x34FF ;_jy+907
0x044C	0x34FF ;_jy+908
0x044D	0x34FF ;_jy+909
0x044E	0x34FF ;_jy+910
0x044F	0x34FF ;_jy+911
0x0450	0x34FF ;_jy+912
0x0451	0x34FF ;_jy+913
0x0452	0x34FF ;_jy+914
0x0453	0x34FF ;_jy+915
0x0454	0x34FF ;_jy+916
0x0455	0x34FF ;_jy+917
0x0456	0x34FF ;_jy+918
0x0457	0x34FF ;_jy+919
0x0458	0x34FF ;_jy+920
0x0459	0x34FF ;_jy+921
0x045A	0x34FF ;_jy+922
0x045B	0x34FF ;_jy+923
0x045C	0x34FF ;_jy+924
0x045D	0x34FF ;_jy+925
0x045E	0x34FF ;_jy+926
0x045F	0x34FF ;_jy+927
0x0460	0x34FF ;_jy+928
0x0461	0x34FF ;_jy+929
0x0462	0x34FF ;_jy+930
0x0463	0x34FF ;_jy+931
0x0464	0x34FF ;_jy+932
0x0465	0x34FF ;_jy+933
0x0466	0x34FF ;_jy+934
0x0467	0x34FF ;_jy+935
0x0468	0x34FF ;_jy+936
0x0469	0x34FF ;_jy+937
0x046A	0x34FF ;_jy+938
0x046B	0x34FF ;_jy+939
0x046C	0x34FF ;_jy+940
0x046D	0x34FF ;_jy+941
0x046E	0x34FF ;_jy+942
0x046F	0x34FF ;_jy+943
0x0470	0x34FF ;_jy+944
0x0471	0x34FF ;_jy+945
0x0472	0x34FF ;_jy+946
0x0473	0x34FF ;_jy+947
0x0474	0x34FF ;_jy+948
0x0475	0x34FF ;_jy+949
0x0476	0x34FF ;_jy+950
0x0477	0x34FF ;_jy+951
0x0478	0x34FF ;_jy+952
0x0479	0x34FF ;_jy+953
0x047A	0x34FF ;_jy+954
0x047B	0x34FF ;_jy+955
0x047C	0x34FF ;_jy+956
0x047D	0x34FF ;_jy+957
0x047E	0x34FF ;_jy+958
0x047F	0x34FF ;_jy+959
0x0480	0x34FF ;_jy+960
0x0481	0x34FF ;_jy+961
0x0482	0x34FF ;_jy+962
0x0483	0x34FF ;_jy+963
0x0484	0x34FF ;_jy+964
0x0485	0x34FF ;_jy+965
0x0486	0x34FF ;_jy+966
0x0487	0x34FF ;_jy+967
0x0488	0x34FF ;_jy+968
0x0489	0x34FF ;_jy+969
0x048A	0x34FF ;_jy+970
0x048B	0x34FF ;_jy+971
0x048C	0x34FF ;_jy+972
0x048D	0x34FF ;_jy+973
0x048E	0x34FF ;_jy+974
0x048F	0x34FF ;_jy+975
0x0490	0x34FF ;_jy+976
0x0491	0x34FF ;_jy+977
0x0492	0x34FF ;_jy+978
0x0493	0x34FF ;_jy+979
0x0494	0x34FF ;_jy+980
0x0495	0x34FF ;_jy+981
0x0496	0x34FF ;_jy+982
0x0497	0x34FF ;_jy+983
0x0498	0x34FF ;_jy+984
0x0499	0x34FF ;_jy+985
0x049A	0x34FF ;_jy+986
0x049B	0x34FF ;_jy+987
0x049C	0x34FF ;_jy+988
0x049D	0x34FF ;_jy+989
0x049E	0x34FF ;_jy+990
0x049F	0x34FF ;_jy+991
0x04A0	0x34FF ;_jy+992
0x04A1	0x34FF ;_jy+993
0x04A2	0x34FF ;_jy+994
0x04A3	0x34FF ;_jy+995
0x04A4	0x34FF ;_jy+996
0x04A5	0x34FF ;_jy+997
0x04A6	0x34FF ;_jy+998
0x04A7	0x34FF ;_jy+999
0x04A8	0x34FF ;_jy+1000
0x04A9	0x34FF ;_jy+1001
0x04AA	0x34FF ;_jy+1002
0x04AB	0x34FF ;_jy+1003
0x04AC	0x34FF ;_jy+1004
0x04AD	0x34FF ;_jy+1005
0x04AE	0x34FF ;_jy+1006
0x04AF	0x34FF ;_jy+1007
0x04B0	0x34FF ;_jy+1008
0x04B1	0x34FF ;_jy+1009
0x04B2	0x34FF ;_jy+1010
0x04B3	0x34FF ;_jy+1011
0x04B4	0x34FF ;_jy+1012
0x04B5	0x34FF ;_jy+1013
0x04B6	0x34FF ;_jy+1014
0x04B7	0x34FF ;_jy+1015
0x04B8	0x34FF ;_jy+1016
0x04B9	0x34FF ;_jy+1017
0x04BA	0x34FF ;_jy+1018
0x04BB	0x34FF ;_jy+1019
0x04BC	0x34FF ;_jy+1020
0x04BD	0x34FF ;_jy+1021
0x04BE	0x34FF ;_jy+1022
0x04BF	0x34FF ;_jy+1023
; end of _jy
Symbol List:
//** Routines locations **
//ADDRESS    SIZE    PROCEDURE
//----------------------------------------------
0x0003       [7]    _Delay_10us
0x000A       [5]    __Lib_Glcd_Strobe
0x000F      [15]    _Glcd_Set_Side
0x001E       [9]    _Glcd_Set_Page
0x0027       [7]    _____DoICP
0x002E       [9]    _Glcd_Write_Data
0x0037      [20]    _Glcd_Set_X
0x004B      [12]    ___CC2DW
0x0057      [83]    _Glcd_Image
0x00AA      [22]    _main
//** Variables locations ** 
//ADDRESS    SIZE    VARIABLE
//----------------------------------------------
0x0000       [1]    INDF
0x0002       [1]    PCL
0x0003       [1]    STATUS
0x0004       [1]    FSR
0x0006       [1]    PORTB
0x0006       [1]    GLCD_DataPort
0x0007       [0]    GLCD_EN
0x0007       [0]    RC4_bit
0x0007       [0]    RC5_bit
0x0007       [0]    RC7_bit
0x0007       [0]    RC6_bit
0x0007       [0]    GLCD_RW
0x0007       [0]    GLCD_RS
0x0008       [0]    RD3_bit
0x0008       [0]    GLCD_CS1
0x0008       [0]    RD2_bit
0x0008       [0]    GLCD_CS2
0x000A       [1]    PCLATH
0x0020       [2]    ___DoICPAddr
0x0022       [2]    FARG_Glcd_Image_image
0x0024       [1]    Glcd_Image_col_L0
0x0025       [1]    Glcd_Image_pg_L0
0x0026       [2]    Glcd_Image_clan_niza_L0
0x0028       [1]    FARG_Glcd_Set_X_x_pos
0x0028       [1]    FARG_Glcd_Set_Side_x_pos
0x0028       [1]    FARG_Glcd_Set_Page_page
0x0028       [1]    FARG_Glcd_Write_Data_ddata
0x0070       [1]    R0
0x0071       [1]    R1
0x0072       [1]    R2
0x0073       [1]    R3
0x0074       [1]    R4
0x0075       [1]    R5
0x0076       [1]    R6
0x0077       [1]    R7
0x0078       [1]    R8
0x0079       [1]    R9
0x007A       [1]    R10
0x007B       [1]    R11
0x007C       [1]    R12
0x007D       [1]    R13
0x007E       [1]    R14
0x007F       [1]    R15
0x0087       [0]    TRISC6_bit
0x0087       [0]    TRISC5_bit
0x0087       [0]    TRISC7_bit
0x0087       [0]    TRISC4_bit
0x0088       [0]    TRISD3_bit
0x0088       [0]    TRISD2_bit
//** Constants locations ** 
//ADDRESS    SIZE    CONSTANT
//----------------------------------------------
0x00C0    [1024]    _jy
