;  LST file generated by mikroListExporter - v.2.0 
; Date/Time: 12/1/2006 10:41:12 AM
;----------------------------------------------

;Address Opcode 	ASM
0x0000	0x29AE      	GOTO       430
_Delay_10us:
0x0003	0x3003      	MOVLW      3
0x0004	0x1283      	BCF        STATUS, 5
0x0005	0x1303      	BCF        STATUS, 6
0x0006	0x00FD      	MOVWF      R13
L_Delay_10us0:
0x0007	0x0BFD      	DECFSZ     R13, 1
0x0008	0x2807      	GOTO       L_Delay_10us0
L_end_Delay_10us:
0x0009	0x0008      	RETURN
; end of _Delay_10us
__Lib_Glcd_Strobe:
0x000A	0x2003      	CALL       _Delay_10us
0x000B	0x1708      	BSF        GLCD_EN, BitPos(GLCD_EN+0)
0x000C	0x2003      	CALL       _Delay_10us
0x000D	0x1308      	BCF        GLCD_EN, BitPos(GLCD_EN+0)
L_end_Strobe:
0x000E	0x0008      	RETURN
; end of __Lib_Glcd_Strobe
_Delay_1us:
0x000F	0x0000      	NOP
L_end_Delay_1us:
0x0010	0x0008      	RETURN
; end of _Delay_1us
_____DoICP:
0x0011	0x1283      	BCF        STATUS, 5
0x0012	0x1303      	BCF        STATUS, 6
0x0013	0x0843      	MOVF       ___DoICPAddr+1, 0
0x0014	0x008A      	MOVWF      PCLATH
0x0015	0x0842      	MOVF       ___DoICPAddr, 0
0x0016	0x0082      	MOVWF      PCL
L_end_____DoICP:
0x0017	0x0008      	RETURN
; end of _____DoICP
_Mul_16X16_U:
0x0018	0x1283      	BCF        STATUS, 5
0x0019	0x1303      	BCF        STATUS, 6
0x001A	0x01FB      	CLRF       R11
0x001B	0x01FA      	CLRF       R10
0x001C	0x01F9      	CLRF       R9
0x001D	0x3080      	MOVLW      128
0x001E	0x00F8      	MOVWF      R8
0x001F	0x0CF1      	RRF        R1, 1
0x0020	0x0CF0      	RRF        R0, 1
0x0021	0x1C03      	BTFSS      STATUS, 0
0x0022	0x282C      	GOTO       $+10
0x0023	0x0874      	MOVF       R4, 0
0x0024	0x07F9      	ADDWF      R9, 1
0x0025	0x0875      	MOVF       R5, 0
0x0026	0x1803      	BTFSC      STATUS, 0
0x0027	0x0F75      	INCFSZ     R5, 0
0x0028	0x07FA      	ADDWF      R10, 1
0x0029	0x1803      	BTFSC      STATUS, 0
0x002A	0x0AFB      	INCF       R11, 1
0x002B	0x1003      	BCF        STATUS, 0
0x002C	0x1FF0      	BTFSS      R0, 7
0x002D	0x2834      	GOTO       $+7
0x002E	0x0874      	MOVF       R4, 0
0x002F	0x07FA      	ADDWF      R10, 1
0x0030	0x0875      	MOVF       R5, 0
0x0031	0x1803      	BTFSC      STATUS, 0
0x0032	0x0F75      	INCFSZ     R5, 0
0x0033	0x07FB      	ADDWF      R11, 1
0x0034	0x0CFB      	RRF        R11, 1
0x0035	0x0CFA      	RRF        R10, 1
0x0036	0x0CF9      	RRF        R9, 1
0x0037	0x0CF8      	RRF        R8, 1
0x0038	0x1C03      	BTFSS      STATUS, 0
0x0039	0x281F      	GOTO       $-26
0x003A	0x087B      	MOVF       R11, 0
0x003B	0x00F3      	MOVWF      R3
0x003C	0x087A      	MOVF       R10, 0
0x003D	0x00F2      	MOVWF      R2
0x003E	0x0879      	MOVF       R9, 0
0x003F	0x00F1      	MOVWF      R1
0x0040	0x0878      	MOVF       R8, 0
0x0041	0x00F0      	MOVWF      R0
L_end_Mul_16X16_U:
0x0042	0x0008      	RETURN
; end of _Mul_16X16_U
_Glcd_Set_X:
0x0043	0x307F      	MOVLW      127
0x0044	0x1283      	BCF        STATUS, 5
0x0045	0x1303      	BCF        STATUS, 6
0x0046	0x055A      	ANDWF      FARG_Glcd_Set_X_x_pos, 0
0x0047	0x00F0      	MOVWF      R0
0x0048	0x0870      	MOVF       R0, 0
0x0049	0x00DA      	MOVWF      FARG_Glcd_Set_X_x_pos
0x004A	0x1208      	BCF        GLCD_RS, BitPos(GLCD_RS+0)
0x004B	0x1288      	BCF        GLCD_RW, BitPos(GLCD_RW+0)
0x004C	0x30BF      	MOVLW      191
0x004D	0x05F0      	ANDWF      R0, 1
0x004E	0x0870      	MOVF       R0, 0
0x004F	0x00DA      	MOVWF      FARG_Glcd_Set_X_x_pos
0x0050	0x1770      	BSF        R0, 6
0x0051	0x0870      	MOVF       R0, 0
0x0052	0x00DA      	MOVWF      FARG_Glcd_Set_X_x_pos
0x0053	0x0870      	MOVF       R0, 0
0x0054	0x0086      	MOVWF      GLCD_DataPort
0x0055	0x200A      	CALL       __Lib_Glcd_Strobe
L_end_Glcd_Set_X:
0x0056	0x0008      	RETURN
; end of _Glcd_Set_X
_Glcd_Read_Data:
0x0057	0x30FF      	MOVLW      255
0x0058	0x1683      	BSF        STATUS, 5
0x0059	0x1303      	BCF        STATUS, 6
0x005A	0x0086      	MOVWF      GLCD_DataPort+128
0x005B	0x200F      	CALL       _Delay_1us
0x005C	0x200F      	CALL       _Delay_1us
0x005D	0x1283      	BCF        STATUS, 5
0x005E	0x1608      	BSF        GLCD_RS, BitPos(GLCD_RS+0)
0x005F	0x1308      	BCF        GLCD_EN, BitPos(GLCD_EN+0)
0x0060	0x1688      	BSF        GLCD_RW, BitPos(GLCD_RW+0)
0x0061	0x1708      	BSF        GLCD_EN, BitPos(GLCD_EN+0)
0x0062	0x2003      	CALL       _Delay_10us
0x0063	0x0806      	MOVF       GLCD_DataPort, 0
0x0064	0x00DA      	MOVWF      Glcd_Read_Data_local_L0
0x0065	0x1308      	BCF        GLCD_EN, BitPos(GLCD_EN+0)
0x0066	0x1288      	BCF        GLCD_RW, BitPos(GLCD_RW+0)
0x0067	0x200F      	CALL       _Delay_1us
0x0068	0x200F      	CALL       _Delay_1us
0x0069	0x1683      	BSF        STATUS, 5
0x006A	0x0186      	CLRF       GLCD_DataPort+128
0x006B	0x1283      	BCF        STATUS, 5
0x006C	0x085A      	MOVF       Glcd_Read_Data_local_L0, 0
0x006D	0x00F0      	MOVWF      R0
L_end_Glcd_Read_Data:
0x006E	0x0008      	RETURN
; end of _Glcd_Read_Data
_Glcd_Set_Page:
0x006F	0x1283      	BCF        STATUS, 5
0x0070	0x1303      	BCF        STATUS, 6
0x0071	0x1208      	BCF        GLCD_RS, BitPos(GLCD_RS+0)
0x0072	0x1288      	BCF        GLCD_RW, BitPos(GLCD_RW+0)
0x0073	0x30B8      	MOVLW      184
0x0074	0x045A      	IORWF      FARG_Glcd_Set_Page_page, 0
0x0075	0x0086      	MOVWF      GLCD_DataPort
0x0076	0x200A      	CALL       __Lib_Glcd_Strobe
L_end_Glcd_Set_Page:
0x0077	0x0008      	RETURN
; end of _Glcd_Set_Page
_Glcd_Write_Data:
0x0078	0x1283      	BCF        STATUS, 5
0x0079	0x1303      	BCF        STATUS, 6
0x007A	0x1308      	BCF        GLCD_EN, BitPos(GLCD_EN+0)
0x007B	0x1608      	BSF        GLCD_RS, BitPos(GLCD_RS+0)
0x007C	0x1288      	BCF        GLCD_RW, BitPos(GLCD_RW+0)
0x007D	0x085A      	MOVF       FARG_Glcd_Write_Data_ddata, 0
0x007E	0x0086      	MOVWF      GLCD_DataPort
0x007F	0x200A      	CALL       __Lib_Glcd_Strobe
L_end_Glcd_Write_Data:
0x0080	0x0008      	RETURN
; end of _Glcd_Write_Data
_Glcd_Set_Side:
0x0081	0x307F      	MOVLW      127
0x0082	0x1283      	BCF        STATUS, 5
0x0083	0x1303      	BCF        STATUS, 6
0x0084	0x055A      	ANDWF      FARG_Glcd_Set_Side_x_pos, 0
0x0085	0x00F1      	MOVWF      R1
0x0086	0x0871      	MOVF       R1, 0
0x0087	0x00DA      	MOVWF      FARG_Glcd_Set_Side_x_pos
0x0088	0x1F71      	BTFSS      R1, 6
0x0089	0x288D      	GOTO       L_Glcd_Set_Side0
0x008A	0x1707      	BSF        GLCD_CS1, BitPos(GLCD_CS1+0)
0x008B	0x1387      	BCF        GLCD_CS2, BitPos(GLCD_CS2+0)
0x008C	0x288F      	GOTO       L_Glcd_Set_Side1
L_Glcd_Set_Side0:
0x008D	0x1307      	BCF        GLCD_CS1, BitPos(GLCD_CS1+0)
0x008E	0x1787      	BSF        GLCD_CS2, BitPos(GLCD_CS2+0)
L_Glcd_Set_Side1:
L_end_Glcd_Set_Side:
0x008F	0x0008      	RETURN
; end of _Glcd_Set_Side
_Glcd_Write_Char:
0x0090	0x1283      	BCF        STATUS, 5
0x0091	0x1303      	BCF        STATUS, 6
0x0092	0x0852      	MOVF       FARG_Glcd_Write_Char_page_num, 0
0x0093	0x3C07      	SUBLW      7
0x0094	0x1803      	BTFSC      STATUS, 0
0x0095	0x2897      	GOTO       L_Glcd_Write_Char14
0x0096	0x2923      	GOTO       L_end_Glcd_Write_Char
L_Glcd_Write_Char14:
0x0097	0x0844      	MOVF       __Lib_Glcd_fontOffset, 0
0x0098	0x0250      	SUBWF      FARG_Glcd_Write_Char_chr, 0
0x0099	0x00F0      	MOVWF      R0
0x009A	0x0845      	MOVF       __Lib_Glcd_fontOffset+1, 0
0x009B	0x1C03      	BTFSS      STATUS, 0
0x009C	0x3E01      	ADDLW      1
0x009D	0x01F1      	CLRF       R0+1
0x009E	0x02F1      	SUBWF      R0+1, 1
0x009F	0x0848      	MOVF       __Lib_Glcd_fontW, 0
0x00A0	0x00F4      	MOVWF      R4
0x00A1	0x01F5      	CLRF       R4+1
0x00A2	0x2018      	CALL       _Mul_16X16_U
0x00A3	0x0870      	MOVF       R0, 0
0x00A4	0x00D8      	MOVWF      Glcd_Write_Char_pointer_L0
0x00A5	0x0871      	MOVF       R0+1, 0
0x00A6	0x00D9      	MOVWF      Glcd_Write_Char_pointer_L0+1
0x00A7	0x0851      	MOVF       FARG_Glcd_Write_Char_x_pos, 0
0x00A8	0x00DA      	MOVWF      FARG_Glcd_Set_X_x_pos
0x00A9	0x2043      	CALL       _Glcd_Set_X
0x00AA	0x0852      	MOVF       FARG_Glcd_Write_Char_page_num, 0
0x00AB	0x00DA      	MOVWF      FARG_Glcd_Set_Page_page
0x00AC	0x206F      	CALL       _Glcd_Set_Page
0x00AD	0x01D4      	CLRF       Glcd_Write_Char_ii_L0
L_Glcd_Write_Char15:
0x00AE	0x0848      	MOVF       __Lib_Glcd_fontW, 0
0x00AF	0x0254      	SUBWF      Glcd_Write_Char_ii_L0, 0
0x00B0	0x1803      	BTFSC      STATUS, 0
0x00B1	0x2902      	GOTO       L_Glcd_Write_Char16
0x00B2	0x0851      	MOVF       FARG_Glcd_Write_Char_x_pos, 0
0x00B3	0x3C7F      	SUBLW      127
0x00B4	0x1803      	BTFSC      STATUS, 0
0x00B5	0x28B7      	GOTO       L_Glcd_Write_Char18
0x00B6	0x2923      	GOTO       L_end_Glcd_Write_Char
L_Glcd_Write_Char18:
0x00B7	0x0851      	MOVF       FARG_Glcd_Write_Char_x_pos, 0
0x00B8	0x00DA      	MOVWF      FARG_Glcd_Set_Side_x_pos
0x00B9	0x2081      	CALL       _Glcd_Set_Side
0x00BA	0x0852      	MOVF       FARG_Glcd_Write_Char_page_num, 0
0x00BB	0x00DA      	MOVWF      FARG_Glcd_Set_Page_page
0x00BC	0x206F      	CALL       _Glcd_Set_Page
0x00BD	0x0851      	MOVF       FARG_Glcd_Write_Char_x_pos, 0
0x00BE	0x00DA      	MOVWF      FARG_Glcd_Set_X_x_pos
0x00BF	0x2043      	CALL       _Glcd_Set_X
0x00C0	0x2057      	CALL       _Glcd_Read_Data
0x00C1	0x0870      	MOVF       R0, 0
0x00C2	0x00D5      	MOVWF      Glcd_Write_Char_data_read_L0
0x00C3	0x2057      	CALL       _Glcd_Read_Data
0x00C4	0x0870      	MOVF       R0, 0
0x00C5	0x00D5      	MOVWF      Glcd_Write_Char_data_read_L0
0x00C6	0x0851      	MOVF       FARG_Glcd_Write_Char_x_pos, 0
0x00C7	0x00DA      	MOVWF      FARG_Glcd_Set_Side_x_pos
0x00C8	0x2081      	CALL       _Glcd_Set_Side
0x00C9	0x0852      	MOVF       FARG_Glcd_Write_Char_page_num, 0
0x00CA	0x00DA      	MOVWF      FARG_Glcd_Set_Page_page
0x00CB	0x206F      	CALL       _Glcd_Set_Page
0x00CC	0x0851      	MOVF       FARG_Glcd_Write_Char_x_pos, 0
0x00CD	0x00DA      	MOVWF      FARG_Glcd_Set_X_x_pos
0x00CE	0x2043      	CALL       _Glcd_Set_X
0x00CF	0x0858      	MOVF       Glcd_Write_Char_pointer_L0, 0
0x00D0	0x0746      	ADDWF      __Lib_Glcd_fontDef, 0
0x00D1	0x00F0      	MOVWF      R0
0x00D2	0x0847      	MOVF       __Lib_Glcd_fontDef+1, 0
0x00D3	0x1803      	BTFSC      STATUS, 0
0x00D4	0x3E01      	ADDLW      1
0x00D5	0x0759      	ADDWF      Glcd_Write_Char_pointer_L0+1, 0
0x00D6	0x00F1      	MOVWF      R0+1
0x00D7	0x0870      	MOVF       R0, 0
0x00D8	0x00C2      	MOVWF      ___DoICPAddr
0x00D9	0x0871      	MOVF       R0+1, 0
0x00DA	0x00C3      	MOVWF      ___DoICPAddr+1
0x00DB	0x2011      	CALL       _____DoICP
0x00DC	0x118A      	BCF        PCLATH, 3
0x00DD	0x120A      	BCF        PCLATH, 4
0x00DE	0x00F0      	MOVWF      R0
0x00DF	0x0870      	MOVF       R0, 0
0x00E0	0x00D6      	MOVWF      Glcd_Write_Char_font_ch_L0
0x00E1	0x0AD8      	INCF       Glcd_Write_Char_pointer_L0, 1
0x00E2	0x1903      	BTFSC      STATUS, 2
0x00E3	0x0AD9      	INCF       Glcd_Write_Char_pointer_L0+1, 1
0x00E4	0x0970      	COMF       R0, 0
0x00E5	0x00D7      	MOVWF      Glcd_Write_Char_font_ch_inv_L0
0x00E6	0x28F0      	GOTO       L_Glcd_Write_Char19
L_Glcd_Write_Char21:
0x00E7	0x0857      	MOVF       Glcd_Write_Char_font_ch_inv_L0, 0
0x00E8	0x00D5      	MOVWF      Glcd_Write_Char_data_read_L0
0x00E9	0x28FC      	GOTO       L_Glcd_Write_Char20
L_Glcd_Write_Char22:
0x00EA	0x0856      	MOVF       Glcd_Write_Char_font_ch_L0, 0
0x00EB	0x00D5      	MOVWF      Glcd_Write_Char_data_read_L0
0x00EC	0x28FC      	GOTO       L_Glcd_Write_Char20
L_Glcd_Write_Char23:
0x00ED	0x0856      	MOVF       Glcd_Write_Char_font_ch_L0, 0
0x00EE	0x06D5      	XORWF      Glcd_Write_Char_data_read_L0, 1
0x00EF	0x28FC      	GOTO       L_Glcd_Write_Char20
L_Glcd_Write_Char19:
0x00F0	0x0853      	MOVF       FARG_Glcd_Write_Char_color, 0
0x00F1	0x3A00      	XORLW      0
0x00F2	0x1903      	BTFSC      STATUS, 2
0x00F3	0x28E7      	GOTO       L_Glcd_Write_Char21
0x00F4	0x0853      	MOVF       FARG_Glcd_Write_Char_color, 0
0x00F5	0x3A01      	XORLW      1
0x00F6	0x1903      	BTFSC      STATUS, 2
0x00F7	0x28EA      	GOTO       L_Glcd_Write_Char22
0x00F8	0x0853      	MOVF       FARG_Glcd_Write_Char_color, 0
0x00F9	0x3A02      	XORLW      2
0x00FA	0x1903      	BTFSC      STATUS, 2
0x00FB	0x28ED      	GOTO       L_Glcd_Write_Char23
L_Glcd_Write_Char20:
0x00FC	0x0855      	MOVF       Glcd_Write_Char_data_read_L0, 0
0x00FD	0x00DA      	MOVWF      FARG_Glcd_Write_Data_ddata
0x00FE	0x2078      	CALL       _Glcd_Write_Data
0x00FF	0x0AD1      	INCF       FARG_Glcd_Write_Char_x_pos, 1
0x0100	0x0AD4      	INCF       Glcd_Write_Char_ii_L0, 1
0x0101	0x28AE      	GOTO       L_Glcd_Write_Char15
L_Glcd_Write_Char16:
0x0102	0x0851      	MOVF       FARG_Glcd_Write_Char_x_pos, 0
0x0103	0x00DA      	MOVWF      FARG_Glcd_Set_Side_x_pos
0x0104	0x2081      	CALL       _Glcd_Set_Side
0x0105	0x0852      	MOVF       FARG_Glcd_Write_Char_page_num, 0
0x0106	0x00DA      	MOVWF      FARG_Glcd_Set_Page_page
0x0107	0x206F      	CALL       _Glcd_Set_Page
0x0108	0x0851      	MOVF       FARG_Glcd_Write_Char_x_pos, 0
0x0109	0x00DA      	MOVWF      FARG_Glcd_Set_X_x_pos
0x010A	0x2043      	CALL       _Glcd_Set_X
0x010B	0x30FF      	MOVLW      255
0x010C	0x00D6      	MOVWF      Glcd_Write_Char_font_ch_L0
0x010D	0x01D7      	CLRF       Glcd_Write_Char_font_ch_inv_L0
0x010E	0x291B      	GOTO       L_Glcd_Write_Char24
L_Glcd_Write_Char26:
0x010F	0x0856      	MOVF       Glcd_Write_Char_font_ch_L0, 0
0x0110	0x00D5      	MOVWF      Glcd_Write_Char_data_read_L0
0x0111	0x0856      	MOVF       Glcd_Write_Char_font_ch_L0, 0
0x0112	0x00DA      	MOVWF      FARG_Glcd_Write_Data_ddata
0x0113	0x2078      	CALL       _Glcd_Write_Data
0x0114	0x2923      	GOTO       L_Glcd_Write_Char25
L_Glcd_Write_Char27:
0x0115	0x0857      	MOVF       Glcd_Write_Char_font_ch_inv_L0, 0
0x0116	0x00D5      	MOVWF      Glcd_Write_Char_data_read_L0
0x0117	0x0857      	MOVF       Glcd_Write_Char_font_ch_inv_L0, 0
0x0118	0x00DA      	MOVWF      FARG_Glcd_Write_Data_ddata
0x0119	0x2078      	CALL       _Glcd_Write_Data
0x011A	0x2923      	GOTO       L_Glcd_Write_Char25
L_Glcd_Write_Char24:
0x011B	0x0853      	MOVF       FARG_Glcd_Write_Char_color, 0
0x011C	0x3A00      	XORLW      0
0x011D	0x1903      	BTFSC      STATUS, 2
0x011E	0x290F      	GOTO       L_Glcd_Write_Char26
0x011F	0x0853      	MOVF       FARG_Glcd_Write_Char_color, 0
0x0120	0x3A01      	XORLW      1
0x0121	0x1903      	BTFSC      STATUS, 2
0x0122	0x2915      	GOTO       L_Glcd_Write_Char27
L_Glcd_Write_Char25:
L_end_Glcd_Write_Char:
0x0123	0x0008      	RETURN
; end of _Glcd_Write_Char
_Glcd_Fill:
0x0124	0x1283      	BCF        STATUS, 5
0x0125	0x1303      	BCF        STATUS, 6
0x0126	0x1307      	BCF        GLCD_CS1, BitPos(GLCD_CS1+0)
0x0127	0x1787      	BSF        GLCD_CS2, BitPos(GLCD_CS2+0)
0x0128	0x01CD      	CLRF       Glcd_Fill_page_L0
L_Glcd_Fill2:
0x0129	0x084D      	MOVF       Glcd_Fill_page_L0, 0
0x012A	0x3C07      	SUBLW      7
0x012B	0x1C03      	BTFSS      STATUS, 0
0x012C	0x293C      	GOTO       L_Glcd_Fill3
0x012D	0x084D      	MOVF       Glcd_Fill_page_L0, 0
0x012E	0x00DA      	MOVWF      FARG_Glcd_Set_Page_page
0x012F	0x206F      	CALL       _Glcd_Set_Page
0x0130	0x01CC      	CLRF       Glcd_Fill_yy_L0
L_Glcd_Fill5:
0x0131	0x084C      	MOVF       Glcd_Fill_yy_L0, 0
0x0132	0x3C3F      	SUBLW      63
0x0133	0x1C03      	BTFSS      STATUS, 0
0x0134	0x293A      	GOTO       L_Glcd_Fill6
0x0135	0x084B      	MOVF       FARG_Glcd_Fill_pattern, 0
0x0136	0x00DA      	MOVWF      FARG_Glcd_Write_Data_ddata
0x0137	0x2078      	CALL       _Glcd_Write_Data
0x0138	0x0ACC      	INCF       Glcd_Fill_yy_L0, 1
0x0139	0x2931      	GOTO       L_Glcd_Fill5
L_Glcd_Fill6:
0x013A	0x0ACD      	INCF       Glcd_Fill_page_L0, 1
0x013B	0x2929      	GOTO       L_Glcd_Fill2
L_Glcd_Fill3:
0x013C	0x1387      	BCF        GLCD_CS2, BitPos(GLCD_CS2+0)
0x013D	0x1707      	BSF        GLCD_CS1, BitPos(GLCD_CS1+0)
0x013E	0x01CD      	CLRF       Glcd_Fill_page_L0
L_Glcd_Fill8:
0x013F	0x084D      	MOVF       Glcd_Fill_page_L0, 0
0x0140	0x3C07      	SUBLW      7
0x0141	0x1C03      	BTFSS      STATUS, 0
0x0142	0x2952      	GOTO       L_Glcd_Fill9
0x0143	0x084D      	MOVF       Glcd_Fill_page_L0, 0
0x0144	0x00DA      	MOVWF      FARG_Glcd_Set_Page_page
0x0145	0x206F      	CALL       _Glcd_Set_Page
0x0146	0x01CC      	CLRF       Glcd_Fill_yy_L0
L_Glcd_Fill11:
0x0147	0x084C      	MOVF       Glcd_Fill_yy_L0, 0
0x0148	0x3C3F      	SUBLW      63
0x0149	0x1C03      	BTFSS      STATUS, 0
0x014A	0x2950      	GOTO       L_Glcd_Fill12
0x014B	0x084B      	MOVF       FARG_Glcd_Fill_pattern, 0
0x014C	0x00DA      	MOVWF      FARG_Glcd_Write_Data_ddata
0x014D	0x2078      	CALL       _Glcd_Write_Data
0x014E	0x0ACC      	INCF       Glcd_Fill_yy_L0, 1
0x014F	0x2947      	GOTO       L_Glcd_Fill11
L_Glcd_Fill12:
0x0150	0x0ACD      	INCF       Glcd_Fill_page_L0, 1
0x0151	0x293F      	GOTO       L_Glcd_Fill8
L_Glcd_Fill9:
L_end_Glcd_Fill:
0x0152	0x0008      	RETURN
; end of _Glcd_Fill
_Glcd_Write_Text:
0x0153	0x1283      	BCF        STATUS, 5
0x0154	0x1303      	BCF        STATUS, 6
0x0155	0x01CF      	CLRF       Glcd_Write_Text_i_L0
0x0156	0x084A      	MOVF       __Lib_Glcd_FontInitialized, 0
0x0157	0x3A00      	XORLW      0
0x0158	0x1D03      	BTFSS      STATUS, 2
0x0159	0x2966      	GOTO       L_Glcd_Write_Text28
0x015A	0x3005      	MOVLW      5
0x015B	0x00C8      	MOVWF      __Lib_Glcd_fontW
0x015C	0x3007      	MOVLW      7
0x015D	0x00C9      	MOVWF      __Lib_Glcd_fontH
0x015E	0x3082      	MOVLW      _font5x7
0x015F	0x00C6      	MOVWF      __Lib_Glcd_fontDef
0x0160	0x3002      	MOVLW      hi_addr(_font5x7)
0x0161	0x00C7      	MOVWF      __Lib_Glcd_fontDef+1
0x0162	0x3020      	MOVLW      32
0x0163	0x00C4      	MOVWF      __Lib_Glcd_fontOffset
0x0164	0x3000      	MOVLW      0
0x0165	0x00C5      	MOVWF      __Lib_Glcd_fontOffset+1
L_Glcd_Write_Text28:
L_Glcd_Write_Text29:
0x0166	0x084F      	MOVF       Glcd_Write_Text_i_L0, 0
0x0167	0x074B      	ADDWF      FARG_Glcd_Write_Text_text, 0
0x0168	0x0084      	MOVWF      FSR
0x0169	0x0800      	MOVF       INDF, 0
0x016A	0x1903      	BTFSC      STATUS, 2
0x016B	0x297E      	GOTO       L_Glcd_Write_Text30
0x016C	0x084F      	MOVF       Glcd_Write_Text_i_L0, 0
0x016D	0x074B      	ADDWF      FARG_Glcd_Write_Text_text, 0
0x016E	0x0084      	MOVWF      FSR
0x016F	0x0800      	MOVF       INDF, 0
0x0170	0x00D0      	MOVWF      FARG_Glcd_Write_Char_chr
0x0171	0x084C      	MOVF       FARG_Glcd_Write_Text_x_pos, 0
0x0172	0x00D1      	MOVWF      FARG_Glcd_Write_Char_x_pos
0x0173	0x084D      	MOVF       FARG_Glcd_Write_Text_page_num, 0
0x0174	0x00D2      	MOVWF      FARG_Glcd_Write_Char_page_num
0x0175	0x084E      	MOVF       FARG_Glcd_Write_Text_color, 0
0x0176	0x00D3      	MOVWF      FARG_Glcd_Write_Char_color
0x0177	0x2090      	CALL       _Glcd_Write_Char
0x0178	0x0A48      	INCF       __Lib_Glcd_fontW, 0
0x0179	0x00F0      	MOVWF      R0
0x017A	0x0870      	MOVF       R0, 0
0x017B	0x07CC      	ADDWF      FARG_Glcd_Write_Text_x_pos, 1
0x017C	0x0ACF      	INCF       Glcd_Write_Text_i_L0, 1
0x017D	0x2966      	GOTO       L_Glcd_Write_Text29
L_Glcd_Write_Text30:
L_end_Glcd_Write_Text:
0x017E	0x0008      	RETURN
; end of _Glcd_Write_Text
_Glcd_Init:
0x017F	0x1283      	BCF        STATUS, 5
0x0180	0x1303      	BCF        STATUS, 6
0x0181	0x01CA      	CLRF       __Lib_Glcd_FontInitialized
0x0182	0x1683      	BSF        STATUS, 5
0x0183	0x1388      	BCF        GLCD_RST_Direction, BitPos(GLCD_RST_Direction+0)
0x0184	0x1308      	BCF        GLCD_EN_Direction, BitPos(GLCD_EN_Direction+0)
0x0185	0x1208      	BCF        GLCD_RS_Direction, BitPos(GLCD_RS_Direction+0)
0x0186	0x1288      	BCF        GLCD_RW_Direction, BitPos(GLCD_RW_Direction+0)
0x0187	0x1307      	BCF        GLCD_CS1_Direction, BitPos(GLCD_CS1_Direction+0)
0x0188	0x1387      	BCF        GLCD_CS2_Direction, BitPos(GLCD_CS2_Direction+0)
0x0189	0x1283      	BCF        STATUS, 5
0x018A	0x1388      	BCF        GLCD_RST, BitPos(GLCD_RST+0)
0x018B	0x1683      	BSF        STATUS, 5
0x018C	0x0186      	CLRF       GLCD_DataPort+128
0x018D	0x1283      	BCF        STATUS, 5
0x018E	0x1208      	BCF        GLCD_RS, BitPos(GLCD_RS+0)
0x018F	0x1288      	BCF        GLCD_RW, BitPos(GLCD_RW+0)
0x0190	0x1307      	BCF        GLCD_CS1, BitPos(GLCD_CS1+0)
0x0191	0x1787      	BSF        GLCD_CS2, BitPos(GLCD_CS2+0)
0x0192	0x1788      	BSF        GLCD_RST, BitPos(GLCD_RST+0)
0x0193	0x303F      	MOVLW      63
0x0194	0x0086      	MOVWF      GLCD_DataPort
0x0195	0x200A      	CALL       __Lib_Glcd_Strobe
0x0196	0x30C0      	MOVLW      192
0x0197	0x0086      	MOVWF      GLCD_DataPort
0x0198	0x200A      	CALL       __Lib_Glcd_Strobe
0x0199	0x1707      	BSF        GLCD_CS1, BitPos(GLCD_CS1+0)
0x019A	0x1387      	BCF        GLCD_CS2, BitPos(GLCD_CS2+0)
0x019B	0x303F      	MOVLW      63
0x019C	0x0086      	MOVWF      GLCD_DataPort
0x019D	0x200A      	CALL       __Lib_Glcd_Strobe
0x019E	0x30C0      	MOVLW      192
0x019F	0x0086      	MOVWF      GLCD_DataPort
0x01A0	0x200A      	CALL       __Lib_Glcd_Strobe
L_end_Glcd_Init:
0x01A1	0x0008      	RETURN
; end of _Glcd_Init
___CC2DW:
_CC2D_Loop1:
0x01A2	0x2011      	CALL       _____DoICP
0x01A3	0x118A      	BCF        PCLATH, 3
0x01A4	0x120A      	BCF        PCLATH, 4
0x01A5	0x0080      	MOVWF      INDF
0x01A6	0x0A84      	INCF       FSR, 1
0x01A7	0x0AC2      	INCF       ___DoICPAddr, 1
0x01A8	0x1903      	BTFSC      STATUS, 2
0x01A9	0x0AC3      	INCF       ___DoICPAddr+1, 1
0x01AA	0x03F0      	DECF       R0, 1
0x01AB	0x1D03      	BTFSS      STATUS, 2
0x01AC	0x29A2      	GOTO       _CC2D_Loop1
L_end___CC2DW:
0x01AD	0x0008      	RETURN
; end of ___CC2DW
_main:
0x01AE	0x304D      	MOVLW      77
0x01AF	0x1283      	BCF        STATUS, 5
0x01B0	0x1303      	BCF        STATUS, 6
0x01B1	0x00A0      	MOVWF      ?lstr2_leed
0x01B2	0x3044      	MOVLW      68
0x01B3	0x00A1      	MOVWF      33
0x01B4	0x01A2      	CLRF       34
0x01B5	0x3057      	MOVLW      87
0x01B6	0x00A3      	MOVWF      ?lstr1_leed
0x01B7	0x3045      	MOVLW      69
0x01B8	0x00A4      	MOVWF      36
0x01B9	0x304C      	MOVLW      76
0x01BA	0x00A5      	MOVWF      37
0x01BB	0x3043      	MOVLW      67
0x01BC	0x00A6      	MOVWF      38
0x01BD	0x304F      	MOVLW      79
0x01BE	0x00A7      	MOVWF      39
0x01BF	0x304D      	MOVLW      77
0x01C0	0x00A8      	MOVWF      40
0x01C1	0x3045      	MOVLW      69
0x01C2	0x00A9      	MOVWF      41
0x01C3	0x01AA      	CLRF       42
0x01C4	0x3048      	MOVLW      72
0x01C5	0x00AB      	MOVWF      ?lstr4_leed
0x01C6	0x3065      	MOVLW      101
0x01C7	0x00AC      	MOVWF      44
0x01C8	0x306C      	MOVLW      108
0x01C9	0x00AD      	MOVWF      45
0x01CA	0x306C      	MOVLW      108
0x01CB	0x00AE      	MOVWF      46
0x01CC	0x306F      	MOVLW      111
0x01CD	0x00AF      	MOVWF      47
0x01CE	0x3020      	MOVLW      32
0x01CF	0x00B0      	MOVWF      48
0x01D0	0x3077      	MOVLW      119
0x01D1	0x00B1      	MOVWF      49
0x01D2	0x306F      	MOVLW      111
0x01D3	0x00B2      	MOVWF      50
0x01D4	0x3072      	MOVLW      114
0x01D5	0x00B3      	MOVWF      51
0x01D6	0x306C      	MOVLW      108
0x01D7	0x00B4      	MOVWF      52
0x01D8	0x3064      	MOVLW      100
0x01D9	0x00B5      	MOVWF      53
0x01DA	0x3021      	MOVLW      33
0x01DB	0x00B6      	MOVWF      54
0x01DC	0x01B7      	CLRF       55
0x01DD	0x3041      	MOVLW      65
0x01DE	0x00B8      	MOVWF      ?lstr3_leed
0x01DF	0x3055      	MOVLW      85
0x01E0	0x00B9      	MOVWF      57
0x01E1	0x3054      	MOVLW      84
0x01E2	0x00BA      	MOVWF      58
0x01E3	0x304F      	MOVLW      79
0x01E4	0x00BB      	MOVWF      59
0x01E5	0x3043      	MOVLW      67
0x01E6	0x00BC      	MOVWF      60
0x01E7	0x304F      	MOVLW      79
0x01E8	0x00BD      	MOVWF      61
0x01E9	0x3044      	MOVLW      68
0x01EA	0x00BE      	MOVWF      62
0x01EB	0x3045      	MOVLW      69
0x01EC	0x00BF      	MOVWF      63
0x01ED	0x3053      	MOVLW      83
0x01EE	0x00C0      	MOVWF      64
0x01EF	0x01C1      	CLRF       65
0x01F0	0x1683      	BSF        STATUS, 5
0x01F1	0x0185      	CLRF       TRISA
0x01F2	0x30FF      	MOVLW      255
0x01F3	0x1283      	BCF        STATUS, 5
0x01F4	0x0085      	MOVWF      PORTA
0x01F5	0x3006      	MOVLW      6
0x01F6	0x00FB      	MOVWF      R11
0x01F7	0x3013      	MOVLW      19
0x01F8	0x00FC      	MOVWF      R12
0x01F9	0x30AD      	MOVLW      173
0x01FA	0x00FD      	MOVWF      R13
L_main0:
0x01FB	0x0BFD      	DECFSZ     R13, 1
0x01FC	0x29FB      	GOTO       L_main0
0x01FD	0x0BFC      	DECFSZ     R12, 1
0x01FE	0x29FB      	GOTO       L_main0
0x01FF	0x0BFB      	DECFSZ     R11, 1
0x0200	0x29FB      	GOTO       L_main0
0x0201	0x0000      	NOP
0x0202	0x0000      	NOP
0x0203	0x0185      	CLRF       PORTA
0x0204	0x3006      	MOVLW      6
0x0205	0x00FB      	MOVWF      R11
0x0206	0x3013      	MOVLW      19
0x0207	0x00FC      	MOVWF      R12
0x0208	0x30AD      	MOVLW      173
0x0209	0x00FD      	MOVWF      R13
L_main1:
0x020A	0x0BFD      	DECFSZ     R13, 1
0x020B	0x2A0A      	GOTO       L_main1
0x020C	0x0BFC      	DECFSZ     R12, 1
0x020D	0x2A0A      	GOTO       L_main1
0x020E	0x0BFB      	DECFSZ     R11, 1
0x020F	0x2A0A      	GOTO       L_main1
0x0210	0x0000      	NOP
0x0211	0x0000      	NOP
0x0212	0x217F      	CALL       _Glcd_Init
0x0213	0x3023      	MOVLW      ?lstr1_leed
0x0214	0x00CB      	MOVWF      FARG_Glcd_Write_Text_text
0x0215	0x300A      	MOVLW      10
0x0216	0x00CC      	MOVWF      FARG_Glcd_Write_Text_x_pos
0x0217	0x3002      	MOVLW      2
0x0218	0x00CD      	MOVWF      FARG_Glcd_Write_Text_page_num
0x0219	0x01CE      	CLRF       FARG_Glcd_Write_Text_color
0x021A	0x2153      	CALL       _Glcd_Write_Text
0x021B	0x3006      	MOVLW      6
0x021C	0x00FB      	MOVWF      R11
0x021D	0x3013      	MOVLW      19
0x021E	0x00FC      	MOVWF      R12
0x021F	0x30AD      	MOVLW      173
0x0220	0x00FD      	MOVWF      R13
L_main2:
0x0221	0x0BFD      	DECFSZ     R13, 1
0x0222	0x2A21      	GOTO       L_main2
0x0223	0x0BFC      	DECFSZ     R12, 1
0x0224	0x2A21      	GOTO       L_main2
0x0225	0x0BFB      	DECFSZ     R11, 1
0x0226	0x2A21      	GOTO       L_main2
0x0227	0x0000      	NOP
0x0228	0x0000      	NOP
0x0229	0x01CB      	CLRF       FARG_Glcd_Fill_pattern
0x022A	0x2124      	CALL       _Glcd_Fill
0x022B	0x3020      	MOVLW      ?lstr2_leed
0x022C	0x00CB      	MOVWF      FARG_Glcd_Write_Text_text
0x022D	0x300A      	MOVLW      10
0x022E	0x00CC      	MOVWF      FARG_Glcd_Write_Text_x_pos
0x022F	0x3002      	MOVLW      2
0x0230	0x00CD      	MOVWF      FARG_Glcd_Write_Text_page_num
0x0231	0x01CE      	CLRF       FARG_Glcd_Write_Text_color
0x0232	0x2153      	CALL       _Glcd_Write_Text
0x0233	0x3038      	MOVLW      ?lstr3_leed
0x0234	0x00CB      	MOVWF      FARG_Glcd_Write_Text_text
0x0235	0x300A      	MOVLW      10
0x0236	0x00CC      	MOVWF      FARG_Glcd_Write_Text_x_pos
0x0237	0x3006      	MOVLW      6
0x0238	0x00CD      	MOVWF      FARG_Glcd_Write_Text_page_num
0x0239	0x01CE      	CLRF       FARG_Glcd_Write_Text_color
0x023A	0x2153      	CALL       _Glcd_Write_Text
0x023B	0x3006      	MOVLW      6
0x023C	0x00FB      	MOVWF      R11
0x023D	0x3013      	MOVLW      19
0x023E	0x00FC      	MOVWF      R12
0x023F	0x30AD      	MOVLW      173
0x0240	0x00FD      	MOVWF      R13
L_main3:
0x0241	0x0BFD      	DECFSZ     R13, 1
0x0242	0x2A41      	GOTO       L_main3
0x0243	0x0BFC      	DECFSZ     R12, 1
0x0244	0x2A41      	GOTO       L_main3
0x0245	0x0BFB      	DECFSZ     R11, 1
0x0246	0x2A41      	GOTO       L_main3
0x0247	0x0000      	NOP
0x0248	0x0000      	NOP
0x0249	0x01CB      	CLRF       FARG_Glcd_Fill_pattern
0x024A	0x2124      	CALL       _Glcd_Fill
L_main4:
0x024B	0x302B      	MOVLW      ?lstr4_leed
0x024C	0x00CB      	MOVWF      FARG_Glcd_Write_Text_text
0x024D	0x300A      	MOVLW      10
0x024E	0x00CC      	MOVWF      FARG_Glcd_Write_Text_x_pos
0x024F	0x3002      	MOVLW      2
0x0250	0x00CD      	MOVWF      FARG_Glcd_Write_Text_page_num
0x0251	0x01CE      	CLRF       FARG_Glcd_Write_Text_color
0x0252	0x2153      	CALL       _Glcd_Write_Text
0x0253	0x3006      	MOVLW      6
0x0254	0x00FB      	MOVWF      R11
0x0255	0x3013      	MOVLW      19
0x0256	0x00FC      	MOVWF      R12
0x0257	0x30AD      	MOVLW      173
0x0258	0x00FD      	MOVWF      R13
L_main6:
0x0259	0x0BFD      	DECFSZ     R13, 1
0x025A	0x2A59      	GOTO       L_main6
0x025B	0x0BFC      	DECFSZ     R12, 1
0x025C	0x2A59      	GOTO       L_main6
0x025D	0x0BFB      	DECFSZ     R11, 1
0x025E	0x2A59      	GOTO       L_main6
0x025F	0x0000      	NOP
0x0260	0x0000      	NOP
0x0261	0x30FF      	MOVLW      255
0x0262	0x0085      	MOVWF      PORTA
0x0263	0x3006      	MOVLW      6
0x0264	0x00FB      	MOVWF      R11
0x0265	0x3013      	MOVLW      19
0x0266	0x00FC      	MOVWF      R12
0x0267	0x30AD      	MOVLW      173
0x0268	0x00FD      	MOVWF      R13
L_main7:
0x0269	0x0BFD      	DECFSZ     R13, 1
0x026A	0x2A69      	GOTO       L_main7
0x026B	0x0BFC      	DECFSZ     R12, 1
0x026C	0x2A69      	GOTO       L_main7
0x026D	0x0BFB      	DECFSZ     R11, 1
0x026E	0x2A69      	GOTO       L_main7
0x026F	0x0000      	NOP
0x0270	0x0000      	NOP
0x0271	0x0185      	CLRF       PORTA
0x0272	0x3006      	MOVLW      6
0x0273	0x00FB      	MOVWF      R11
0x0274	0x3013      	MOVLW      19
0x0275	0x00FC      	MOVWF      R12
0x0276	0x30AD      	MOVLW      173
0x0277	0x00FD      	MOVWF      R13
L_main8:
0x0278	0x0BFD      	DECFSZ     R13, 1
0x0279	0x2A78      	GOTO       L_main8
0x027A	0x0BFC      	DECFSZ     R12, 1
0x027B	0x2A78      	GOTO       L_main8
0x027C	0x0BFB      	DECFSZ     R11, 1
0x027D	0x2A78      	GOTO       L_main8
0x027E	0x0000      	NOP
0x027F	0x0000      	NOP
0x0280	0x2A4B      	GOTO       L_main4
L_end_main:
0x0281	0x2A81      	GOTO       $+0
; end of _main
;__Lib_GlcdFonts.c,612 :: _font5x7
0x0282	0x3400 ;_font5x7+0
0x0283	0x3400 ;_font5x7+1
0x0284	0x3400 ;_font5x7+2
0x0285	0x3400 ;_font5x7+3
0x0286	0x3400 ;_font5x7+4
0x0287	0x3400 ;_font5x7+5
0x0288	0x3400 ;_font5x7+6
0x0289	0x345F ;_font5x7+7
0x028A	0x3400 ;_font5x7+8
0x028B	0x3400 ;_font5x7+9
0x028C	0x3400 ;_font5x7+10
0x028D	0x3407 ;_font5x7+11
0x028E	0x3400 ;_font5x7+12
0x028F	0x3407 ;_font5x7+13
0x0290	0x3400 ;_font5x7+14
0x0291	0x3414 ;_font5x7+15
0x0292	0x347F ;_font5x7+16
0x0293	0x3414 ;_font5x7+17
0x0294	0x347F ;_font5x7+18
0x0295	0x3414 ;_font5x7+19
0x0296	0x3424 ;_font5x7+20
0x0297	0x342A ;_font5x7+21
0x0298	0x347F ;_font5x7+22
0x0299	0x342A ;_font5x7+23
0x029A	0x3412 ;_font5x7+24
0x029B	0x3423 ;_font5x7+25
0x029C	0x3413 ;_font5x7+26
0x029D	0x3408 ;_font5x7+27
0x029E	0x3464 ;_font5x7+28
0x029F	0x3462 ;_font5x7+29
0x02A0	0x3436 ;_font5x7+30
0x02A1	0x3449 ;_font5x7+31
0x02A2	0x3455 ;_font5x7+32
0x02A3	0x3422 ;_font5x7+33
0x02A4	0x3450 ;_font5x7+34
0x02A5	0x3400 ;_font5x7+35
0x02A6	0x3405 ;_font5x7+36
0x02A7	0x3403 ;_font5x7+37
0x02A8	0x3400 ;_font5x7+38
0x02A9	0x3400 ;_font5x7+39
0x02AA	0x3400 ;_font5x7+40
0x02AB	0x341C ;_font5x7+41
0x02AC	0x3422 ;_font5x7+42
0x02AD	0x3441 ;_font5x7+43
0x02AE	0x3400 ;_font5x7+44
0x02AF	0x3400 ;_font5x7+45
0x02B0	0x3441 ;_font5x7+46
0x02B1	0x3422 ;_font5x7+47
0x02B2	0x341C ;_font5x7+48
0x02B3	0x3400 ;_font5x7+49
0x02B4	0x3408 ;_font5x7+50
0x02B5	0x342A ;_font5x7+51
0x02B6	0x341C ;_font5x7+52
0x02B7	0x342A ;_font5x7+53
0x02B8	0x3408 ;_font5x7+54
0x02B9	0x3408 ;_font5x7+55
0x02BA	0x3408 ;_font5x7+56
0x02BB	0x343E ;_font5x7+57
0x02BC	0x3408 ;_font5x7+58
0x02BD	0x3408 ;_font5x7+59
0x02BE	0x3400 ;_font5x7+60
0x02BF	0x3450 ;_font5x7+61
0x02C0	0x3430 ;_font5x7+62
0x02C1	0x3400 ;_font5x7+63
0x02C2	0x3400 ;_font5x7+64
0x02C3	0x3408 ;_font5x7+65
0x02C4	0x3408 ;_font5x7+66
0x02C5	0x3408 ;_font5x7+67
0x02C6	0x3408 ;_font5x7+68
0x02C7	0x3408 ;_font5x7+69
0x02C8	0x3400 ;_font5x7+70
0x02C9	0x3430 ;_font5x7+71
0x02CA	0x3430 ;_font5x7+72
0x02CB	0x3400 ;_font5x7+73
0x02CC	0x3400 ;_font5x7+74
0x02CD	0x3420 ;_font5x7+75
0x02CE	0x3410 ;_font5x7+76
0x02CF	0x3408 ;_font5x7+77
0x02D0	0x3404 ;_font5x7+78
0x02D1	0x3402 ;_font5x7+79
0x02D2	0x343E ;_font5x7+80
0x02D3	0x3451 ;_font5x7+81
0x02D4	0x3449 ;_font5x7+82
0x02D5	0x3445 ;_font5x7+83
0x02D6	0x343E ;_font5x7+84
0x02D7	0x3400 ;_font5x7+85
0x02D8	0x3442 ;_font5x7+86
0x02D9	0x347F ;_font5x7+87
0x02DA	0x3440 ;_font5x7+88
0x02DB	0x3400 ;_font5x7+89
0x02DC	0x3442 ;_font5x7+90
0x02DD	0x3461 ;_font5x7+91
0x02DE	0x3451 ;_font5x7+92
0x02DF	0x3449 ;_font5x7+93
0x02E0	0x3446 ;_font5x7+94
0x02E1	0x3421 ;_font5x7+95
0x02E2	0x3441 ;_font5x7+96
0x02E3	0x3445 ;_font5x7+97
0x02E4	0x344B ;_font5x7+98
0x02E5	0x3431 ;_font5x7+99
0x02E6	0x3418 ;_font5x7+100
0x02E7	0x3414 ;_font5x7+101
0x02E8	0x3412 ;_font5x7+102
0x02E9	0x347F ;_font5x7+103
0x02EA	0x3410 ;_font5x7+104
0x02EB	0x3427 ;_font5x7+105
0x02EC	0x3445 ;_font5x7+106
0x02ED	0x3445 ;_font5x7+107
0x02EE	0x3445 ;_font5x7+108
0x02EF	0x3439 ;_font5x7+109
0x02F0	0x343C ;_font5x7+110
0x02F1	0x344A ;_font5x7+111
0x02F2	0x3449 ;_font5x7+112
0x02F3	0x3449 ;_font5x7+113
0x02F4	0x3430 ;_font5x7+114
0x02F5	0x3401 ;_font5x7+115
0x02F6	0x3471 ;_font5x7+116
0x02F7	0x3409 ;_font5x7+117
0x02F8	0x3405 ;_font5x7+118
0x02F9	0x3403 ;_font5x7+119
0x02FA	0x3436 ;_font5x7+120
0x02FB	0x3449 ;_font5x7+121
0x02FC	0x3449 ;_font5x7+122
0x02FD	0x3449 ;_font5x7+123
0x02FE	0x3436 ;_font5x7+124
0x02FF	0x3406 ;_font5x7+125
0x0300	0x3449 ;_font5x7+126
0x0301	0x3449 ;_font5x7+127
0x0302	0x3429 ;_font5x7+128
0x0303	0x341E ;_font5x7+129
0x0304	0x3400 ;_font5x7+130
0x0305	0x3436 ;_font5x7+131
0x0306	0x3436 ;_font5x7+132
0x0307	0x3400 ;_font5x7+133
0x0308	0x3400 ;_font5x7+134
0x0309	0x3400 ;_font5x7+135
0x030A	0x3456 ;_font5x7+136
0x030B	0x3436 ;_font5x7+137
0x030C	0x3400 ;_font5x7+138
0x030D	0x3400 ;_font5x7+139
0x030E	0x3400 ;_font5x7+140
0x030F	0x3408 ;_font5x7+141
0x0310	0x3414 ;_font5x7+142
0x0311	0x3422 ;_font5x7+143
0x0312	0x3441 ;_font5x7+144
0x0313	0x3414 ;_font5x7+145
0x0314	0x3414 ;_font5x7+146
0x0315	0x3414 ;_font5x7+147
0x0316	0x3414 ;_font5x7+148
0x0317	0x3414 ;_font5x7+149
0x0318	0x3441 ;_font5x7+150
0x0319	0x3422 ;_font5x7+151
0x031A	0x3414 ;_font5x7+152
0x031B	0x3408 ;_font5x7+153
0x031C	0x3400 ;_font5x7+154
0x031D	0x3402 ;_font5x7+155
0x031E	0x3401 ;_font5x7+156
0x031F	0x3451 ;_font5x7+157
0x0320	0x3409 ;_font5x7+158
0x0321	0x3406 ;_font5x7+159
0x0322	0x3432 ;_font5x7+160
0x0323	0x3449 ;_font5x7+161
0x0324	0x3479 ;_font5x7+162
0x0325	0x3441 ;_font5x7+163
0x0326	0x343E ;_font5x7+164
0x0327	0x347E ;_font5x7+165
0x0328	0x3411 ;_font5x7+166
0x0329	0x3411 ;_font5x7+167
0x032A	0x3411 ;_font5x7+168
0x032B	0x347E ;_font5x7+169
0x032C	0x347F ;_font5x7+170
0x032D	0x3449 ;_font5x7+171
0x032E	0x3449 ;_font5x7+172
0x032F	0x3449 ;_font5x7+173
0x0330	0x3436 ;_font5x7+174
0x0331	0x343E ;_font5x7+175
0x0332	0x3441 ;_font5x7+176
0x0333	0x3441 ;_font5x7+177
0x0334	0x3441 ;_font5x7+178
0x0335	0x3422 ;_font5x7+179
0x0336	0x347F ;_font5x7+180
0x0337	0x3441 ;_font5x7+181
0x0338	0x3441 ;_font5x7+182
0x0339	0x3422 ;_font5x7+183
0x033A	0x341C ;_font5x7+184
0x033B	0x347F ;_font5x7+185
0x033C	0x3449 ;_font5x7+186
0x033D	0x3449 ;_font5x7+187
0x033E	0x3449 ;_font5x7+188
0x033F	0x3441 ;_font5x7+189
0x0340	0x347F ;_font5x7+190
0x0341	0x3409 ;_font5x7+191
0x0342	0x3409 ;_font5x7+192
0x0343	0x3401 ;_font5x7+193
0x0344	0x3401 ;_font5x7+194
0x0345	0x343E ;_font5x7+195
0x0346	0x3441 ;_font5x7+196
0x0347	0x3441 ;_font5x7+197
0x0348	0x3451 ;_font5x7+198
0x0349	0x3432 ;_font5x7+199
0x034A	0x347F ;_font5x7+200
0x034B	0x3408 ;_font5x7+201
0x034C	0x3408 ;_font5x7+202
0x034D	0x3408 ;_font5x7+203
0x034E	0x347F ;_font5x7+204
0x034F	0x3400 ;_font5x7+205
0x0350	0x3441 ;_font5x7+206
0x0351	0x347F ;_font5x7+207
0x0352	0x3441 ;_font5x7+208
0x0353	0x3400 ;_font5x7+209
0x0354	0x3420 ;_font5x7+210
0x0355	0x3440 ;_font5x7+211
0x0356	0x3441 ;_font5x7+212
0x0357	0x343F ;_font5x7+213
0x0358	0x3401 ;_font5x7+214
0x0359	0x347F ;_font5x7+215
0x035A	0x3408 ;_font5x7+216
0x035B	0x3414 ;_font5x7+217
0x035C	0x3422 ;_font5x7+218
0x035D	0x3441 ;_font5x7+219
0x035E	0x347F ;_font5x7+220
0x035F	0x3440 ;_font5x7+221
0x0360	0x3440 ;_font5x7+222
0x0361	0x3440 ;_font5x7+223
0x0362	0x3440 ;_font5x7+224
0x0363	0x347F ;_font5x7+225
0x0364	0x3402 ;_font5x7+226
0x0365	0x3404 ;_font5x7+227
0x0366	0x3402 ;_font5x7+228
0x0367	0x347F ;_font5x7+229
0x0368	0x347F ;_font5x7+230
0x0369	0x3404 ;_font5x7+231
0x036A	0x3408 ;_font5x7+232
0x036B	0x3410 ;_font5x7+233
0x036C	0x347F ;_font5x7+234
0x036D	0x343E ;_font5x7+235
0x036E	0x3441 ;_font5x7+236
0x036F	0x3441 ;_font5x7+237
0x0370	0x3441 ;_font5x7+238
0x0371	0x343E ;_font5x7+239
0x0372	0x347F ;_font5x7+240
0x0373	0x3409 ;_font5x7+241
0x0374	0x3409 ;_font5x7+242
0x0375	0x3409 ;_font5x7+243
0x0376	0x3406 ;_font5x7+244
0x0377	0x343E ;_font5x7+245
0x0378	0x3441 ;_font5x7+246
0x0379	0x3451 ;_font5x7+247
0x037A	0x3421 ;_font5x7+248
0x037B	0x345E ;_font5x7+249
0x037C	0x347F ;_font5x7+250
0x037D	0x3409 ;_font5x7+251
0x037E	0x3419 ;_font5x7+252
0x037F	0x3429 ;_font5x7+253
0x0380	0x3446 ;_font5x7+254
0x0381	0x3446 ;_font5x7+255
0x0382	0x3449 ;_font5x7+256
0x0383	0x3449 ;_font5x7+257
0x0384	0x3449 ;_font5x7+258
0x0385	0x3431 ;_font5x7+259
0x0386	0x3401 ;_font5x7+260
0x0387	0x3401 ;_font5x7+261
0x0388	0x347F ;_font5x7+262
0x0389	0x3401 ;_font5x7+263
0x038A	0x3401 ;_font5x7+264
0x038B	0x343F ;_font5x7+265
0x038C	0x3440 ;_font5x7+266
0x038D	0x3440 ;_font5x7+267
0x038E	0x3440 ;_font5x7+268
0x038F	0x343F ;_font5x7+269
0x0390	0x341F ;_font5x7+270
0x0391	0x3420 ;_font5x7+271
0x0392	0x3440 ;_font5x7+272
0x0393	0x3420 ;_font5x7+273
0x0394	0x341F ;_font5x7+274
0x0395	0x347F ;_font5x7+275
0x0396	0x3420 ;_font5x7+276
0x0397	0x3418 ;_font5x7+277
0x0398	0x3420 ;_font5x7+278
0x0399	0x347F ;_font5x7+279
0x039A	0x3463 ;_font5x7+280
0x039B	0x3414 ;_font5x7+281
0x039C	0x3408 ;_font5x7+282
0x039D	0x3414 ;_font5x7+283
0x039E	0x3463 ;_font5x7+284
0x039F	0x3403 ;_font5x7+285
0x03A0	0x3404 ;_font5x7+286
0x03A1	0x3478 ;_font5x7+287
0x03A2	0x3404 ;_font5x7+288
0x03A3	0x3403 ;_font5x7+289
0x03A4	0x3461 ;_font5x7+290
0x03A5	0x3451 ;_font5x7+291
0x03A6	0x3449 ;_font5x7+292
0x03A7	0x3445 ;_font5x7+293
0x03A8	0x3443 ;_font5x7+294
0x03A9	0x3400 ;_font5x7+295
0x03AA	0x3400 ;_font5x7+296
0x03AB	0x347F ;_font5x7+297
0x03AC	0x3441 ;_font5x7+298
0x03AD	0x3441 ;_font5x7+299
0x03AE	0x3402 ;_font5x7+300
0x03AF	0x3404 ;_font5x7+301
0x03B0	0x3408 ;_font5x7+302
0x03B1	0x3410 ;_font5x7+303
0x03B2	0x3420 ;_font5x7+304
0x03B3	0x3441 ;_font5x7+305
0x03B4	0x3441 ;_font5x7+306
0x03B5	0x347F ;_font5x7+307
0x03B6	0x3400 ;_font5x7+308
0x03B7	0x3400 ;_font5x7+309
0x03B8	0x3404 ;_font5x7+310
0x03B9	0x3402 ;_font5x7+311
0x03BA	0x3401 ;_font5x7+312
0x03BB	0x3402 ;_font5x7+313
0x03BC	0x3404 ;_font5x7+314
0x03BD	0x3440 ;_font5x7+315
0x03BE	0x3440 ;_font5x7+316
0x03BF	0x3440 ;_font5x7+317
0x03C0	0x3440 ;_font5x7+318
0x03C1	0x3440 ;_font5x7+319
0x03C2	0x3400 ;_font5x7+320
0x03C3	0x3401 ;_font5x7+321
0x03C4	0x3402 ;_font5x7+322
0x03C5	0x3404 ;_font5x7+323
0x03C6	0x3400 ;_font5x7+324
0x03C7	0x3420 ;_font5x7+325
0x03C8	0x3454 ;_font5x7+326
0x03C9	0x3454 ;_font5x7+327
0x03CA	0x3454 ;_font5x7+328
0x03CB	0x3478 ;_font5x7+329
0x03CC	0x347F ;_font5x7+330
0x03CD	0x3448 ;_font5x7+331
0x03CE	0x3444 ;_font5x7+332
0x03CF	0x3444 ;_font5x7+333
0x03D0	0x3438 ;_font5x7+334
0x03D1	0x3438 ;_font5x7+335
0x03D2	0x3444 ;_font5x7+336
0x03D3	0x3444 ;_font5x7+337
0x03D4	0x3444 ;_font5x7+338
0x03D5	0x3420 ;_font5x7+339
0x03D6	0x3438 ;_font5x7+340
0x03D7	0x3444 ;_font5x7+341
0x03D8	0x3444 ;_font5x7+342
0x03D9	0x3448 ;_font5x7+343
0x03DA	0x347F ;_font5x7+344
0x03DB	0x3438 ;_font5x7+345
0x03DC	0x3454 ;_font5x7+346
0x03DD	0x3454 ;_font5x7+347
0x03DE	0x3454 ;_font5x7+348
0x03DF	0x3418 ;_font5x7+349
0x03E0	0x3408 ;_font5x7+350
0x03E1	0x347E ;_font5x7+351
0x03E2	0x3409 ;_font5x7+352
0x03E3	0x3401 ;_font5x7+353
0x03E4	0x3402 ;_font5x7+354
0x03E5	0x3408 ;_font5x7+355
0x03E6	0x3414 ;_font5x7+356
0x03E7	0x3454 ;_font5x7+357
0x03E8	0x3454 ;_font5x7+358
0x03E9	0x343C ;_font5x7+359
0x03EA	0x347F ;_font5x7+360
0x03EB	0x3408 ;_font5x7+361
0x03EC	0x3404 ;_font5x7+362
0x03ED	0x3404 ;_font5x7+363
0x03EE	0x3478 ;_font5x7+364
0x03EF	0x3400 ;_font5x7+365
0x03F0	0x3444 ;_font5x7+366
0x03F1	0x347D ;_font5x7+367
0x03F2	0x3440 ;_font5x7+368
0x03F3	0x3400 ;_font5x7+369
0x03F4	0x3420 ;_font5x7+370
0x03F5	0x3440 ;_font5x7+371
0x03F6	0x3444 ;_font5x7+372
0x03F7	0x343D ;_font5x7+373
0x03F8	0x3400 ;_font5x7+374
0x03F9	0x3400 ;_font5x7+375
0x03FA	0x347F ;_font5x7+376
0x03FB	0x3410 ;_font5x7+377
0x03FC	0x3428 ;_font5x7+378
0x03FD	0x3444 ;_font5x7+379
0x03FE	0x3400 ;_font5x7+380
0x03FF	0x3441 ;_font5x7+381
0x0400	0x347F ;_font5x7+382
0x0401	0x3440 ;_font5x7+383
0x0402	0x3400 ;_font5x7+384
0x0403	0x347C ;_font5x7+385
0x0404	0x3404 ;_font5x7+386
0x0405	0x3418 ;_font5x7+387
0x0406	0x3404 ;_font5x7+388
0x0407	0x3478 ;_font5x7+389
0x0408	0x347C ;_font5x7+390
0x0409	0x3408 ;_font5x7+391
0x040A	0x3404 ;_font5x7+392
0x040B	0x3404 ;_font5x7+393
0x040C	0x3478 ;_font5x7+394
0x040D	0x3438 ;_font5x7+395
0x040E	0x3444 ;_font5x7+396
0x040F	0x3444 ;_font5x7+397
0x0410	0x3444 ;_font5x7+398
0x0411	0x3438 ;_font5x7+399
0x0412	0x347C ;_font5x7+400
0x0413	0x3414 ;_font5x7+401
0x0414	0x3414 ;_font5x7+402
0x0415	0x3414 ;_font5x7+403
0x0416	0x3408 ;_font5x7+404
0x0417	0x3408 ;_font5x7+405
0x0418	0x3414 ;_font5x7+406
0x0419	0x3414 ;_font5x7+407
0x041A	0x3418 ;_font5x7+408
0x041B	0x347C ;_font5x7+409
0x041C	0x347C ;_font5x7+410
0x041D	0x3408 ;_font5x7+411
0x041E	0x3404 ;_font5x7+412
0x041F	0x3404 ;_font5x7+413
0x0420	0x3408 ;_font5x7+414
0x0421	0x3448 ;_font5x7+415
0x0422	0x3454 ;_font5x7+416
0x0423	0x3454 ;_font5x7+417
0x0424	0x3454 ;_font5x7+418
0x0425	0x3420 ;_font5x7+419
0x0426	0x3404 ;_font5x7+420
0x0427	0x343F ;_font5x7+421
0x0428	0x3444 ;_font5x7+422
0x0429	0x3440 ;_font5x7+423
0x042A	0x3420 ;_font5x7+424
0x042B	0x343C ;_font5x7+425
0x042C	0x3440 ;_font5x7+426
0x042D	0x3440 ;_font5x7+427
0x042E	0x3420 ;_font5x7+428
0x042F	0x347C ;_font5x7+429
0x0430	0x341C ;_font5x7+430
0x0431	0x3420 ;_font5x7+431
0x0432	0x3440 ;_font5x7+432
0x0433	0x3420 ;_font5x7+433
0x0434	0x341C ;_font5x7+434
0x0435	0x343C ;_font5x7+435
0x0436	0x3440 ;_font5x7+436
0x0437	0x3430 ;_font5x7+437
0x0438	0x3440 ;_font5x7+438
0x0439	0x343C ;_font5x7+439
0x043A	0x3444 ;_font5x7+440
0x043B	0x3428 ;_font5x7+441
0x043C	0x3410 ;_font5x7+442
0x043D	0x3428 ;_font5x7+443
0x043E	0x3444 ;_font5x7+444
0x043F	0x340C ;_font5x7+445
0x0440	0x3450 ;_font5x7+446
0x0441	0x3450 ;_font5x7+447
0x0442	0x3450 ;_font5x7+448
0x0443	0x343C ;_font5x7+449
0x0444	0x3444 ;_font5x7+450
0x0445	0x3464 ;_font5x7+451
0x0446	0x3454 ;_font5x7+452
0x0447	0x344C ;_font5x7+453
0x0448	0x3444 ;_font5x7+454
0x0449	0x3400 ;_font5x7+455
0x044A	0x3408 ;_font5x7+456
0x044B	0x3436 ;_font5x7+457
0x044C	0x3441 ;_font5x7+458
0x044D	0x3400 ;_font5x7+459
0x044E	0x3400 ;_font5x7+460
0x044F	0x3400 ;_font5x7+461
0x0450	0x347F ;_font5x7+462
0x0451	0x3400 ;_font5x7+463
0x0452	0x3400 ;_font5x7+464
0x0453	0x3400 ;_font5x7+465
0x0454	0x3441 ;_font5x7+466
0x0455	0x3436 ;_font5x7+467
0x0456	0x3408 ;_font5x7+468
0x0457	0x3400 ;_font5x7+469
0x0458	0x3408 ;_font5x7+470
0x0459	0x3408 ;_font5x7+471
0x045A	0x342A ;_font5x7+472
0x045B	0x341C ;_font5x7+473
0x045C	0x3408 ;_font5x7+474
0x045D	0x3408 ;_font5x7+475
0x045E	0x341C ;_font5x7+476
0x045F	0x342A ;_font5x7+477
0x0460	0x3408 ;_font5x7+478
0x0461	0x3408 ;_font5x7+479
; end of _font5x7
Symbol List:
//** Routines locations **
//ADDRESS    SIZE    PROCEDURE
//----------------------------------------------
0x0003       [7]    _Delay_10us
0x000A       [5]    __Lib_Glcd_Strobe
0x000F       [2]    _Delay_1us
0x0011       [7]    _____DoICP
0x0018      [43]    _Mul_16X16_U
0x0043      [20]    _Glcd_Set_X
0x0057      [24]    _Glcd_Read_Data
0x006F       [9]    _Glcd_Set_Page
0x0078       [9]    _Glcd_Write_Data
0x0081      [15]    _Glcd_Set_Side
0x0090     [148]    _Glcd_Write_Char
0x0124      [47]    _Glcd_Fill
0x0153      [44]    _Glcd_Write_Text
0x017F      [35]    _Glcd_Init
0x01A2      [12]    ___CC2DW
0x01AE     [212]    _main
//** Variables locations ** 
//ADDRESS    SIZE    VARIABLE
//----------------------------------------------
0x0000       [1]    INDF
0x0002       [1]    PCL
0x0003       [1]    STATUS
0x0004       [1]    FSR
0x0005       [1]    PORTA
0x0006       [1]    GLCD_DataPort
0x0006       [1]    PORTB
0x0007       [0]    GLCD_CS1
0x0007       [0]    RC7_bit
0x0007       [0]    GLCD_CS2
0x0007       [0]    RC6_bit
0x0008       [0]    RD7_bit
0x0008       [0]    RD6_bit
0x0008       [0]    RD5_bit
0x0008       [0]    GLCD_RS
0x0008       [0]    GLCD_RW
0x0008       [0]    GLCD_RST
0x0008       [0]    GLCD_EN
0x0008       [0]    RD4_bit
0x000A       [1]    PCLATH
0x0020       [3]    ?lstr2_leed
0x0023       [8]    ?lstr1_leed
0x002B      [13]    ?lstr4_leed
0x0038      [10]    ?lstr3_leed
0x0042       [2]    ___DoICPAddr
0x0044       [2]    __Lib_Glcd_fontOffset
0x0046       [2]    __Lib_Glcd_fontDef
0x0048       [1]    __Lib_Glcd_fontW
0x0049       [1]    __Lib_Glcd_fontH
0x004A       [1]    __Lib_Glcd_FontInitialized
0x004B       [1]    FARG_Glcd_Fill_pattern
0x004B       [1]    FARG_Glcd_Write_Text_text
0x004C       [1]    Glcd_Fill_yy_L0
0x004C       [1]    FARG_Glcd_Write_Text_x_pos
0x004D       [1]    Glcd_Fill_page_L0
0x004D       [1]    FARG_Glcd_Write_Text_page_num
0x004E       [1]    FARG_Glcd_Write_Text_color
0x004F       [1]    Glcd_Write_Text_i_L0
0x0050       [1]    FARG_Glcd_Write_Char_chr
0x0051       [1]    FARG_Glcd_Write_Char_x_pos
0x0052       [1]    FARG_Glcd_Write_Char_page_num
0x0053       [1]    FARG_Glcd_Write_Char_color
0x0054       [1]    Glcd_Write_Char_ii_L0
0x0055       [1]    Glcd_Write_Char_data_read_L0
0x0056       [1]    Glcd_Write_Char_font_ch_L0
0x0057       [1]    Glcd_Write_Char_font_ch_inv_L0
0x0058       [2]    Glcd_Write_Char_pointer_L0
0x005A       [1]    FARG_Glcd_Set_X_x_pos
0x005A       [1]    FARG_Glcd_Write_Data_ddata
0x005A       [1]    Glcd_Read_Data_local_L0
0x005A       [1]    FARG_Glcd_Set_Page_page
0x005A       [1]    FARG_Glcd_Set_Side_x_pos
0x0070       [1]    R0
0x0071       [1]    R1
0x0072       [1]    R2
0x0073       [1]    R3
0x0074       [1]    R4
0x0075       [1]    R5
0x0076       [1]    R6
0x0077       [1]    R7
0x0078       [1]    R8
0x0079       [1]    R9
0x007A       [1]    R10
0x007B       [1]    R11
0x007C       [1]    R12
0x007D       [1]    R13
0x007E       [1]    R14
0x007F       [1]    R15
0x0085       [1]    TRISA
0x0087       [0]    GLCD_CS1_Direction
0x0087       [0]    GLCD_CS2_Direction
0x0087       [0]    TRISC6_bit
0x0087       [0]    TRISC7_bit
0x0088       [0]    TRISD4_bit
0x0088       [0]    TRISD5_bit
0x0088       [0]    GLCD_EN_Direction
0x0088       [0]    GLCD_RS_Direction
0x0088       [0]    GLCD_RW_Direction
0x0088       [0]    TRISD7_bit
0x0088       [0]    GLCD_RST_Direction
0x0088       [0]    TRISD6_bit
//** Constants locations ** 
//ADDRESS    SIZE    CONSTANT
//----------------------------------------------
0x0282     [480]    _font5x7
